#
# There is insufficient memory for the Java Runtime Environment to continue.
# Native memory allocation (mmap) failed to map 204472320 bytes for Failed to commit area from 0x0000000090b00000 to 0x000000009ce00000 of length 204472320.
# Possible reasons:
#   The system is out of physical RAM or swap space
#   The process is running with CompressedOops enabled, and the Java Heap may be blocking the growth of the native heap
# Possible solutions:
#   Reduce memory load on the system
#   Increase physical memory or swap space
#   Check if swap backing store is full
#   Decrease Java heap size (-Xmx/-Xms)
#   Decrease number of Java threads
#   Decrease Java thread stack sizes (-Xss)
#   Set larger code cache with -XX:ReservedCodeCacheSize=
#   JVM is running with Unscaled Compressed Oops mode in which the Java heap is
#     placed in the first 4GB address space. The Java Heap base address is the
#     maximum limit for the native heap growth. Please use -XX:HeapBaseMinAddress
#     to set the Java Heap base and to place the Java Heap above 4GB virtual address.
# This output file may be truncated or incomplete.
#
#  Out of Memory Error (./src/hotspot/os/windows/os_windows.cpp:3301), pid=3488, tid=10424
#
# JRE version: OpenJDK Runtime Environment (11.0.10) (build 11.0.10+0-b96-7249189)
# Java VM: OpenJDK 64-Bit Server VM (11.0.10+0-b96-7249189, mixed mode, tiered, compressed oops, g1 gc, windows-amd64)
# No core dump will be written. Minidumps are not enabled by default on client versions of Windows
#

---------------  S U M M A R Y ------------

Command Line: --add-opens=java.base/java.util=ALL-UNNAMED --add-opens=java.base/java.lang=ALL-UNNAMED --add-opens=java.base/java.lang.invoke=ALL-UNNAMED --add-opens=java.base/java.util=ALL-UNNAMED --add-opens=java.prefs/java.util.prefs=ALL-UNNAMED --add-opens=java.prefs/java.util.prefs=ALL-UNNAMED --add-opens=java.base/java.nio.charset=ALL-UNNAMED --add-opens=java.base/java.net=ALL-UNNAMED --add-opens=java.base/java.util.concurrent.atomic=ALL-UNNAMED -Xmx2048m -Dfile.encoding=UTF-8 -Duser.country=CN -Duser.language=zh -Duser.variant org.gradle.launcher.daemon.bootstrap.GradleDaemon 7.0.2

Host: Intel(R) Core(TM) i5-8250U CPU @ 1.60GHz, 8 cores, 7G,  Windows 10 , 64 bit Build 19041 (10.0.19041.1503)
Time: Wed Feb 23 15:42:42 2022 中国标准时间 elapsed time: 6577.550231 seconds (0d 1h 49m 37s)

---------------  T H R E A D  ---------------

Current thread (0x0000014de1fcb800):  VMThread "VM Thread" [stack: 0x0000004665500000,0x0000004665600000] [id=10424]

Stack: [0x0000004665500000,0x0000004665600000]
[error occurred during error reporting (printing stack bounds), id 0xc0000005, EXCEPTION_ACCESS_VIOLATION (0xc0000005) at pc=0x0000014dcaf30f2d]

Native frames: (J=compiled Java code, j=interpreted, Vv=VM code, C=native code)
V  [jvm.dll+0x5ecfaa]
V  [jvm.dll+0x722bd5]
V  [jvm.dll+0x72412d]
V  [jvm.dll+0x724745]
V  [jvm.dll+0x7246fb]
V  [jvm.dll+0x5ec348]
V  [jvm.dll+0x5ecad8]
C  [ntdll.dll+0xa20cf]
C  [ntdll.dll+0x51454]
C  [ntdll.dll+0xa0bfe]
C  0x0000014dcaf30f2d

VM_Operation (0x00000046692f8170): G1CollectForAllocation, mode: safepoint, requested by thread 0x0000014deafd7800


---------------  P R O C E S S  ---------------

Threads class SMR info:
_java_thread_list=0x0000014de8fd2510, length=78, elements={
0x0000014dc743a000, 0x0000014de1fd2000, 0x0000014de1fdb000, 0x0000014de1fea000,
0x0000014de1fee000, 0x0000014de1ff3000, 0x0000014de1ff6000, 0x0000014de1ffc800,
0x0000014de2008000, 0x0000014de2a1c000, 0x0000014de48d5800, 0x0000014de3c2a800,
0x0000014de3c28800, 0x0000014de4842800, 0x0000014de4840800, 0x0000014de4841000,
0x0000014de4ed6800, 0x0000014de4ed2000, 0x0000014de4ed4000, 0x0000014de4edc000,
0x0000014de4ed8800, 0x0000014de4ed9800, 0x0000014de4edf000, 0x0000014de87b3800,
0x0000014de87af800, 0x0000014de87b4000, 0x0000014de87b6000, 0x0000014de87b0000,
0x0000014de87b8800, 0x0000014deafe4000, 0x0000014de908b800, 0x0000014de9086000,
0x0000014de9087800, 0x0000014de9088800, 0x0000014de9083800, 0x0000014de9082800,
0x0000014de9089000, 0x0000014de9084000, 0x0000014de9086800, 0x0000014de908b000,
0x0000014de9085000, 0x0000014de908f800, 0x0000014de908c800, 0x0000014de908d000,
0x0000014de9090800, 0x0000014de9091800, 0x0000014de908e000, 0x0000014de908f000,
0x0000014deafd6000, 0x0000014deafdb000, 0x0000014deafd7000, 0x0000014deafd5800,
0x0000014deafdd800, 0x0000014deafda000, 0x0000014deafd8800, 0x0000014deafdc000,
0x0000014deafdc800, 0x0000014deafd7800, 0x0000014deafdf000, 0x0000014deafe0800,
0x0000014deafe1800, 0x0000014deafe2800, 0x0000014de87b1000, 0x0000014de87b2000,
0x0000014de87ad800, 0x0000014de87ba000, 0x0000014de87bb000, 0x0000014de87bb800,
0x0000014de87bc800, 0x0000014de4ed4800, 0x0000014de4ed7000, 0x0000014de4ed5800,
0x0000014de4ed3000, 0x0000014de4ee0000, 0x0000014de4eda800, 0x0000014de4ee1000,
0x0000014de4edd800, 0x0000014deafde800
}

Java Threads: ( => current thread )
  0x0000014dc743a000 JavaThread "main" [_thread_blocked, id=11396, stack(0x0000004664f00000,0x0000004665000000)]
  0x0000014de1fd2000 JavaThread "Reference Handler" daemon [_thread_blocked, id=12588, stack(0x0000004665600000,0x0000004665700000)]
  0x0000014de1fdb000 JavaThread "Finalizer" daemon [_thread_blocked, id=6488, stack(0x0000004665700000,0x0000004665800000)]
  0x0000014de1fea000 JavaThread "Signal Dispatcher" daemon [_thread_blocked, id=10284, stack(0x0000004665800000,0x0000004665900000)]
  0x0000014de1fee000 JavaThread "Attach Listener" daemon [_thread_blocked, id=8048, stack(0x0000004665900000,0x0000004665a00000)]
  0x0000014de1ff3000 JavaThread "Service Thread" daemon [_thread_blocked, id=10856, stack(0x0000004665a00000,0x0000004665b00000)]
  0x0000014de1ff6000 JavaThread "C2 CompilerThread0" daemon [_thread_blocked, id=2272, stack(0x0000004665b00000,0x0000004665c00000)]
  0x0000014de1ffc800 JavaThread "C1 CompilerThread0" daemon [_thread_blocked, id=13260, stack(0x0000004665c00000,0x0000004665d00000)]
  0x0000014de2008000 JavaThread "Sweeper thread" daemon [_thread_blocked, id=9104, stack(0x0000004665d00000,0x0000004665e00000)]
  0x0000014de2a1c000 JavaThread "Common-Cleaner" daemon [_thread_blocked, id=1016, stack(0x0000004665e00000,0x0000004665f00000)]
  0x0000014de48d5800 JavaThread "Daemon health stats" [_thread_blocked, id=8544, stack(0x0000004666200000,0x0000004666300000)]
  0x0000014de3c2a800 JavaThread "Incoming local TCP Connector on port 64960" [_thread_in_native, id=2352, stack(0x0000004666300000,0x0000004666400000)]
  0x0000014de3c28800 JavaThread "Daemon periodic checks" [_thread_blocked, id=9592, stack(0x0000004666400000,0x0000004666500000)]
  0x0000014de4842800 JavaThread "Cache worker for file hash cache (C:\Users\15031\.gradle\caches\7.0.2\fileHashes)" [_thread_blocked, id=9628, stack(0x0000004667100000,0x0000004667200000)]
  0x0000014de4840800 JavaThread "File lock request listener" [_thread_in_native, id=3308, stack(0x0000004667200000,0x0000004667300000)]
  0x0000014de4841000 JavaThread "Cache worker for journal cache (C:\Users\15031\.gradle\caches\journal-1)" [_thread_blocked, id=7452, stack(0x0000004667400000,0x0000004667500000)]
  0x0000014de4ed6800 JavaThread "File watcher server" daemon [_thread_blocked, id=6320, stack(0x0000004667600000,0x0000004667700000)]
  0x0000014de4ed2000 JavaThread "File watcher consumer" daemon [_thread_blocked, id=11320, stack(0x0000004667700000,0x0000004667800000)]
  0x0000014de4ed4000 JavaThread "Cache worker for execution history cache (C:\Users\15031\.gradle\caches\7.0.2\executionHistory)" [_thread_blocked, id=9408, stack(0x0000004667b00000,0x0000004667c00000)]
  0x0000014de4edc000 JavaThread "jar transforms" [_thread_blocked, id=12840, stack(0x0000004667c00000,0x0000004667d00000)]
  0x0000014de4ed8800 JavaThread "jar transforms Thread 2" [_thread_blocked, id=11072, stack(0x0000004667d00000,0x0000004667e00000)]
  0x0000014de4ed9800 JavaThread "Cache worker for file content cache (C:\Users\15031\.gradle\caches\7.0.2\fileContent)" [_thread_blocked, id=1336, stack(0x0000004667e00000,0x0000004667f00000)]
  0x0000014de4edf000 JavaThread "jar transforms Thread 3" [_thread_blocked, id=6508, stack(0x0000004668000000,0x0000004668100000)]
  0x0000014de87b3800 JavaThread "jar transforms Thread 4" [_thread_blocked, id=1060, stack(0x0000004668a00000,0x0000004668b00000)]
  0x0000014de87af800 JavaThread "jar transforms Thread 5" [_thread_blocked, id=1564, stack(0x0000004668b00000,0x0000004668c00000)]
  0x0000014de87b4000 JavaThread "jar transforms Thread 6" [_thread_blocked, id=12704, stack(0x0000004668c00000,0x0000004668d00000)]
  0x0000014de87b6000 JavaThread "jar transforms Thread 7" [_thread_blocked, id=9272, stack(0x0000004668d00000,0x0000004668e00000)]
  0x0000014de87b0000 JavaThread "jar transforms Thread 8" [_thread_blocked, id=4168, stack(0x0000004668e00000,0x0000004668f00000)]
  0x0000014de87b8800 JavaThread "Memory manager" [_thread_blocked, id=1948, stack(0x0000004669000000,0x0000004669100000)]
  0x0000014deafe4000 JavaThread "Cache worker for Java compile cache (C:\Users\15031\.gradle\caches\7.0.2\javaCompile)" [_thread_blocked, id=12868, stack(0x0000004669900000,0x0000004669a00000)]
  0x0000014de908b800 JavaThread "ForkJoinPool.commonPool-worker-9" daemon [_thread_blocked, id=11016, stack(0x000000466a700000,0x000000466a800000)]
  0x0000014de9086000 JavaThread "Daemon Thread 10" [_thread_blocked, id=6400, stack(0x0000004664c00000,0x0000004664d00000)]
  0x0000014de9087800 JavaThread "Handler for socket connection from /127.0.0.1:64960 to /127.0.0.1:56865" [_thread_in_native, id=12960, stack(0x0000004664d00000,0x0000004664e00000)]
  0x0000014de9088800 JavaThread "Cancel handler" [_thread_blocked, id=8876, stack(0x0000004664e00000,0x0000004664f00000)]
  0x0000014de9083800 JavaThread "Daemon worker Thread 10" [_thread_blocked, id=12520, stack(0x0000004666500000,0x0000004666600000)]
  0x0000014de9082800 JavaThread "Asynchronous log dispatcher for DefaultDaemonConnection: socket connection from /127.0.0.1:64960 to /127.0.0.1:56865" [_thread_blocked, id=10964, stack(0x0000004666600000,0x0000004666700000)]
  0x0000014de9089000 JavaThread "Stdin handler" [_thread_blocked, id=11080, stack(0x0000004666700000,0x0000004666800000)]
  0x0000014de9084000 JavaThread "Daemon client event forwarder" [_thread_blocked, id=2584, stack(0x0000004666800000,0x0000004666900000)]
  0x0000014de9086800 JavaThread "Cache worker for file hash cache (D:\SmartApp\.gradle\7.0.2\fileHashes)" [_thread_blocked, id=10552, stack(0x0000004666900000,0x0000004666a00000)]
  0x0000014de908b000 JavaThread "Cache worker for checksums cache (D:\SmartApp\.gradle\checksums)" [_thread_blocked, id=7692, stack(0x0000004666a00000,0x0000004666b00000)]
  0x0000014de9085000 JavaThread "Cache worker for cache directory md-supplier (C:\Users\15031\.gradle\caches\7.0.2\md-supplier)" [_thread_blocked, id=9924, stack(0x0000004666b00000,0x0000004666c00000)]
  0x0000014de908f800 JavaThread "Cache worker for cache directory md-rule (C:\Users\15031\.gradle\caches\7.0.2\md-rule)" [_thread_blocked, id=992, stack(0x0000004667500000,0x0000004667600000)]
  0x0000014de908c800 JavaThread "Cache worker for dependencies-accessors (D:\SmartApp\.gradle\7.0.2\dependencies-accessors)" [_thread_blocked, id=2284, stack(0x0000004667800000,0x0000004667900000)]
  0x0000014de908d000 JavaThread "Cache worker for Build Output Cleanup Cache (D:\SmartApp\.gradle\buildOutputCleanup)" [_thread_blocked, id=10772, stack(0x0000004667900000,0x0000004667a00000)]
  0x0000014de9090800 JavaThread "C2 CompilerThread1" daemon [_thread_blocked, id=11744, stack(0x0000004667a00000,0x0000004667b00000)]
  0x0000014de9091800 JavaThread "Build operations" [_thread_blocked, id=12308, stack(0x0000004667f00000,0x0000004668000000)]
  0x0000014de908e000 JavaThread "Build operations Thread 2" [_thread_blocked, id=7344, stack(0x0000004668100000,0x0000004668200000)]
  0x0000014de908f000 JavaThread "Build operations Thread 3" [_thread_blocked, id=11696, stack(0x0000004668200000,0x0000004668300000)]
  0x0000014deafd6000 JavaThread "Build operations Thread 4" [_thread_blocked, id=11632, stack(0x0000004668300000,0x0000004668400000)]
  0x0000014deafdb000 JavaThread "Build operations Thread 5" [_thread_blocked, id=9064, stack(0x0000004668400000,0x0000004668500000)]
  0x0000014deafd7000 JavaThread "Build operations Thread 6" [_thread_blocked, id=3892, stack(0x0000004668500000,0x0000004668600000)]
  0x0000014deafd5800 JavaThread "Build operations Thread 7" [_thread_blocked, id=9912, stack(0x0000004668600000,0x0000004668700000)]
  0x0000014deafdd800 JavaThread "Build operations Thread 8" [_thread_blocked, id=1440, stack(0x0000004668700000,0x0000004668800000)]
  0x0000014deafda000 JavaThread "build event listener" [_thread_blocked, id=5616, stack(0x0000004668800000,0x0000004668900000)]
  0x0000014deafd8800 JavaThread "Execution worker for ':'" [_thread_blocked, id=10172, stack(0x0000004668900000,0x0000004668a00000)]
  0x0000014deafdc000 JavaThread "Execution worker for ':' Thread 2" [_thread_blocked, id=5392, stack(0x0000004668f00000,0x0000004669000000)]
  0x0000014deafdc800 JavaThread "Execution worker for ':' Thread 3" [_thread_blocked, id=2020, stack(0x0000004669100000,0x0000004669200000)]
  0x0000014deafd7800 JavaThread "Execution worker for ':' Thread 4" [_thread_blocked, id=11540, stack(0x0000004669200000,0x0000004669300000)]
  0x0000014deafdf000 JavaThread "Execution worker for ':' Thread 5" [_thread_blocked, id=3316, stack(0x0000004669300000,0x0000004669400000)]
  0x0000014deafe0800 JavaThread "Execution worker for ':' Thread 6" [_thread_blocked, id=10076, stack(0x0000004669400000,0x0000004669500000)]
  0x0000014deafe1800 JavaThread "Execution worker for ':' Thread 7" [_thread_blocked, id=3756, stack(0x0000004669500000,0x0000004669600000)]
  0x0000014deafe2800 JavaThread "Cache worker for execution history cache (D:\SmartApp\.gradle\7.0.2\executionHistory)" [_thread_blocked, id=8092, stack(0x0000004669600000,0x0000004669700000)]
  0x0000014de87b1000 JavaThread "WorkerExecutor Queue Thread 3" [_thread_blocked, id=11940, stack(0x0000004669c00000,0x0000004669d00000)]
  0x0000014de87b2000 JavaThread "WorkerExecutor Queue Thread 4" [_thread_blocked, id=7444, stack(0x0000004669d00000,0x0000004669e00000)]
  0x0000014de87ad800 JavaThread "WorkerExecutor Queue Thread 7" [_thread_blocked, id=6708, stack(0x000000466a000000,0x000000466a100000)]
  0x0000014de87ba000 JavaThread "pool-29-thread-1" [_thread_blocked, id=13228, stack(0x000000466a300000,0x000000466a400000)]
  0x0000014de87bb000 JavaThread "stderr" [_thread_in_native, id=12236, stack(0x000000466a400000,0x000000466a500000)]
  0x0000014de87bb800 JavaThread "stdout" [_thread_in_native, id=4864, stack(0x000000466a500000,0x000000466a600000)]
  0x0000014de87bc800 JavaThread "WorkerExecutor Queue Thread 10" [_thread_blocked, id=5996, stack(0x0000004669a00000,0x0000004669b00000)]
  0x0000014de4ed4800 JavaThread "Cache worker for Java compile cache (D:\SmartApp\.gradle\7.0.2\javaCompile)" [_thread_blocked, id=8328, stack(0x000000466a600000,0x000000466a700000)]
  0x0000014de4ed7000 JavaThread "ForkJoinPool-2-worker-3" daemon [_thread_blocked, id=9760, stack(0x000000466a800000,0x000000466a900000)]
  0x0000014de4ed5800 JavaThread "ForkJoinPool-2-worker-5" daemon [_thread_blocked, id=848, stack(0x000000466a900000,0x000000466aa00000)]
  0x0000014de4ed3000 JavaThread "ForkJoinPool-2-worker-7" daemon [_thread_blocked, id=4756, stack(0x000000466aa00000,0x000000466ab00000)]
  0x0000014de4ee0000 JavaThread "ForkJoinPool-2-worker-9" daemon [_thread_blocked, id=1444, stack(0x000000466ab00000,0x000000466ac00000)]
  0x0000014de4eda800 JavaThread "ForkJoinPool-2-worker-11" daemon [_thread_blocked, id=9808, stack(0x000000466ac00000,0x000000466ad00000)]
  0x0000014de4ee1000 JavaThread "ForkJoinPool-2-worker-13" daemon [_thread_blocked, id=9824, stack(0x000000466ad00000,0x000000466ae00000)]
  0x0000014de4edd800 JavaThread "ForkJoinPool-2-worker-15" daemon [_thread_blocked, id=4124, stack(0x000000466ae00000,0x000000466af00000)]
  0x0000014deafde800 JavaThread "ForkJoinPool-2-worker-1" daemon [_thread_blocked, id=1388, stack(0x000000466af00000,0x000000466b000000)]

Other Threads:
=>0x0000014de1fcb800 VMThread "VM Thread" [stack: 0x0000004665500000,0x0000004665600000] [id=10424]
  0x0000014de2a49000 WatcherThread [stack: 0x0000004665f00000,0x0000004666000000] [id=2704]
  0x0000014dc7452800 GCTaskThread "GC Thread#0" [stack: 0x0000004665000000,0x0000004665100000] [id=3008]
  0x0000014de38e5000 GCTaskThread "GC Thread#1" [stack: 0x0000004666000000,0x0000004666100000] [id=2140]
  0x0000014de3153800 GCTaskThread "GC Thread#2" [stack: 0x0000004666100000,0x0000004666200000] [id=1004]
  0x0000014de4245800 GCTaskThread "GC Thread#3" [stack: 0x0000004666c00000,0x0000004666d00000] [id=3836]
  0x0000014de4bec800 GCTaskThread "GC Thread#4" [stack: 0x0000004666d00000,0x0000004666e00000] [id=7676]
  0x0000014de4253800 GCTaskThread "GC Thread#5" [stack: 0x0000004666e00000,0x0000004666f00000] [id=10960]
  0x0000014de4254000 GCTaskThread "GC Thread#6" [stack: 0x0000004666f00000,0x0000004667000000] [id=404]
  0x0000014de42a4000 GCTaskThread "GC Thread#7" [stack: 0x0000004667000000,0x0000004667100000] [id=9576]
  0x0000014dc7486800 ConcurrentGCThread "G1 Main Marker" [stack: 0x0000004665100000,0x0000004665200000] [id=7184]
  0x0000014dc7488000 ConcurrentGCThread "G1 Conc#0" [stack: 0x0000004665200000,0x0000004665300000] [id=4708]
  0x0000014de4ad3800 ConcurrentGCThread "G1 Conc#1" [stack: 0x0000004667300000,0x0000004667400000] [id=1324]
  0x0000014dc7515800 ConcurrentGCThread "G1 Refine#0" [stack: 0x0000004665300000,0x0000004665400000] [id=13128]
  0x0000014dea32b800 ConcurrentGCThread "G1 Refine#1" [stack: 0x0000004669800000,0x0000004669900000] [id=10024]
  0x0000014dea698800 ConcurrentGCThread "G1 Refine#2" [stack: 0x000000466b000000,0x000000466b100000] [id=1372]
  0x0000014de2da0000 ConcurrentGCThread "G1 Refine#3" [stack: 0x000000466b100000,0x000000466b200000] [id=9376]
  0x0000014dc7516800 ConcurrentGCThread "G1 Young RemSet Sampling" [stack: 0x0000004665400000,0x0000004665500000] [id=7148]

Threads with active compile tasks:
C2 CompilerThread06577584 27258       4       java.util.TimSort::mergeLo (659 bytes)
C2 CompilerThread16577584 27182       4       com.android.tools.r8.graph.E::a (275 bytes)

VM state:at safepoint (normal execution)

VM Mutex/Monitor currently owned by a thread:  ([mutex/lock_event])
[0x0000014dc7437fd0] Threads_lock - owner thread: 0x0000014de1fcb800
[0x0000014dc7436b90] Heap_lock - owner thread: 0x0000014deafd7800

Heap address: 0x0000000080000000, size: 2048 MB, Compressed Oops mode: 32-bit
Narrow klass base: 0x0000000000000000, Narrow klass shift: 3
Compressed class space size: 1073741824 Address: 0x0000000100000000

Heap:
 garbage-first heap   total 473088K, used 189600K [0x0000000080000000, 0x0000000100000000)
  region size 1024K, 2 young (2048K), 2 survivors (2048K)
 Metaspace       used 143841K, capacity 148559K, committed 148684K, reserved 1177600K
  class space    used 18006K, capacity 19626K, committed 19660K, reserved 1048576K
Heap Regions: E=young(eden), S=young(survivor), O=old, HS=humongous(starts), HC=humongous(continues), CS=collection set, F=free, A=archive, TAMS=top-at-mark-start (previous, next)
|   0|0x0000000080000000, 0x0000000080100000, 0x0000000080100000|100%| O|  |TAMS 0x0000000080100000, 0x0000000080000000| Untracked 
|   1|0x0000000080100000, 0x0000000080200000, 0x0000000080200000|100%| O|  |TAMS 0x0000000080200000, 0x0000000080100000| Untracked 
|   2|0x0000000080200000, 0x0000000080300000, 0x0000000080300000|100%| O|  |TAMS 0x0000000080300000, 0x0000000080200000| Untracked 
|   3|0x0000000080300000, 0x0000000080400000, 0x0000000080400000|100%|HS|  |TAMS 0x0000000080400000, 0x0000000080300000| Complete 
|   4|0x0000000080400000, 0x0000000080500000, 0x0000000080500000|100%|HC|  |TAMS 0x0000000080500000, 0x0000000080400000| Complete 
|   5|0x0000000080500000, 0x0000000080600000, 0x0000000080600000|100%|HC|  |TAMS 0x0000000080600000, 0x0000000080500000| Complete 
|   6|0x0000000080600000, 0x0000000080700000, 0x0000000080700000|100%| O|  |TAMS 0x0000000080700000, 0x0000000080600000| Untracked 
|   7|0x0000000080700000, 0x0000000080800000, 0x0000000080800000|100%| O|  |TAMS 0x0000000080800000, 0x0000000080700000| Complete 
|   8|0x0000000080800000, 0x0000000080900000, 0x0000000080900000|100%| O|  |TAMS 0x0000000080900000, 0x0000000080800000| Untracked 
|   9|0x0000000080900000, 0x0000000080a00000, 0x0000000080a00000|100%| O|  |TAMS 0x0000000080a00000, 0x0000000080900000| Untracked 
|  10|0x0000000080a00000, 0x0000000080b00000, 0x0000000080b00000|100%| O|  |TAMS 0x0000000080b00000, 0x0000000080a00000| Untracked 
|  11|0x0000000080b00000, 0x0000000080c00000, 0x0000000080c00000|100%| O|  |TAMS 0x0000000080c00000, 0x0000000080b00000| Untracked 
|  12|0x0000000080c00000, 0x0000000080d00000, 0x0000000080d00000|100%| O|  |TAMS 0x0000000080d00000, 0x0000000080c00000| Untracked 
|  13|0x0000000080d00000, 0x0000000080e00000, 0x0000000080e00000|100%| O|  |TAMS 0x0000000080e00000, 0x0000000080d00000| Untracked 
|  14|0x0000000080e00000, 0x0000000080f00000, 0x0000000080f00000|100%| O|  |TAMS 0x0000000080f00000, 0x0000000080e00000| Untracked 
|  15|0x0000000080f00000, 0x0000000081000000, 0x0000000081000000|100%| O|  |TAMS 0x0000000081000000, 0x0000000080f00000| Complete 
|  16|0x0000000081000000, 0x0000000081100000, 0x0000000081100000|100%|HS|  |TAMS 0x0000000081100000, 0x0000000081000000| Complete 
|  17|0x0000000081100000, 0x0000000081200000, 0x0000000081200000|100%| O|  |TAMS 0x0000000081200000, 0x0000000081100000| Complete 
|  18|0x0000000081200000, 0x0000000081300000, 0x0000000081300000|100%| O|  |TAMS 0x0000000081300000, 0x0000000081200000| Complete 
|  19|0x0000000081300000, 0x0000000081400000, 0x0000000081400000|100%| O|  |TAMS 0x0000000081400000, 0x0000000081300000| Complete 
|  20|0x0000000081400000, 0x0000000081500000, 0x0000000081500000|100%| O|  |TAMS 0x0000000081500000, 0x0000000081400000| Complete 
|  21|0x0000000081500000, 0x0000000081600000, 0x0000000081600000|100%| O|  |TAMS 0x0000000081600000, 0x0000000081500000| Complete 
|  22|0x0000000081600000, 0x0000000081700000, 0x0000000081700000|100%| O|  |TAMS 0x0000000081700000, 0x0000000081600000| Untracked 
|  23|0x0000000081700000, 0x0000000081800000, 0x0000000081800000|100%|HS|  |TAMS 0x0000000081800000, 0x0000000081700000| Complete 
|  24|0x0000000081800000, 0x0000000081900000, 0x0000000081900000|100%|HS|  |TAMS 0x0000000081900000, 0x0000000081800000| Complete 
|  25|0x0000000081900000, 0x0000000081a00000, 0x0000000081a00000|100%|HC|  |TAMS 0x0000000081a00000, 0x0000000081900000| Complete 
|  26|0x0000000081a00000, 0x0000000081b00000, 0x0000000081b00000|100%| O|  |TAMS 0x0000000081b00000, 0x0000000081a00000| Complete 
|  27|0x0000000081b00000, 0x0000000081c00000, 0x0000000081c00000|100%| O|  |TAMS 0x0000000081c00000, 0x0000000081b00000| Untracked 
|  28|0x0000000081c00000, 0x0000000081d00000, 0x0000000081d00000|100%| O|  |TAMS 0x0000000081d00000, 0x0000000081c00000| Untracked 
|  29|0x0000000081d00000, 0x0000000081e00000, 0x0000000081e00000|100%|HS|  |TAMS 0x0000000081e00000, 0x0000000081d00000| Complete 
|  30|0x0000000081e00000, 0x0000000081f00000, 0x0000000081f00000|100%| O|  |TAMS 0x0000000081f00000, 0x0000000081e00000| Untracked 
|  31|0x0000000081f00000, 0x0000000082000000, 0x0000000082000000|100%| O|  |TAMS 0x0000000082000000, 0x0000000081f00000| Untracked 
|  32|0x0000000082000000, 0x0000000082100000, 0x0000000082100000|100%| O|  |TAMS 0x0000000082100000, 0x0000000082000000| Untracked 
|  33|0x0000000082100000, 0x0000000082200000, 0x0000000082200000|100%| O|  |TAMS 0x0000000082200000, 0x0000000082100000| Untracked 
|  34|0x0000000082200000, 0x0000000082300000, 0x0000000082300000|100%| O|  |TAMS 0x0000000082300000, 0x0000000082200000| Untracked 
|  35|0x0000000082300000, 0x0000000082300000, 0x0000000082400000|  0%| F|  |TAMS 0x0000000082300000, 0x0000000082300000| Untracked 
|  36|0x0000000082400000, 0x0000000082500000, 0x0000000082500000|100%| O|  |TAMS 0x0000000082500000, 0x0000000082400000| Complete 
|  37|0x0000000082500000, 0x0000000082600000, 0x0000000082600000|100%| O|  |TAMS 0x0000000082600000, 0x0000000082500000| Untracked 
|  38|0x0000000082600000, 0x0000000082700000, 0x0000000082700000|100%| O|  |TAMS 0x0000000082700000, 0x0000000082600000| Complete 
|  39|0x0000000082700000, 0x0000000082800000, 0x0000000082800000|100%| O|  |TAMS 0x0000000082800000, 0x0000000082700000| Complete 
|  40|0x0000000082800000, 0x0000000082900000, 0x0000000082900000|100%| O|  |TAMS 0x0000000082900000, 0x0000000082800000| Complete 
|  41|0x0000000082900000, 0x0000000082a00000, 0x0000000082a00000|100%|HS|  |TAMS 0x0000000082a00000, 0x0000000082900000| Complete 
|  42|0x0000000082a00000, 0x0000000082b00000, 0x0000000082b00000|100%|HC|  |TAMS 0x0000000082b00000, 0x0000000082a00000| Complete 
|  43|0x0000000082b00000, 0x0000000082c00000, 0x0000000082c00000|100%| O|  |TAMS 0x0000000082c00000, 0x0000000082b00000| Complete 
|  44|0x0000000082c00000, 0x0000000082d00000, 0x0000000082d00000|100%| O|  |TAMS 0x0000000082d00000, 0x0000000082c00000| Untracked 
|  45|0x0000000082d00000, 0x0000000082e00000, 0x0000000082e00000|100%| O|  |TAMS 0x0000000082e00000, 0x0000000082d00000| Untracked 
|  46|0x0000000082e00000, 0x0000000082f00000, 0x0000000082f00000|100%| O|  |TAMS 0x0000000082f00000, 0x0000000082e00000| Untracked 
|  47|0x0000000082f00000, 0x0000000083000000, 0x0000000083000000|100%| O|  |TAMS 0x0000000083000000, 0x0000000082f00000| Complete 
|  48|0x0000000083000000, 0x0000000083100000, 0x0000000083100000|100%| O|  |TAMS 0x0000000083100000, 0x0000000083000000| Complete 
|  49|0x0000000083100000, 0x0000000083200000, 0x0000000083200000|100%| O|  |TAMS 0x0000000083200000, 0x0000000083100000| Complete 
|  50|0x0000000083200000, 0x0000000083300000, 0x0000000083300000|100%| O|  |TAMS 0x0000000083300000, 0x0000000083200000| Untracked 
|  51|0x0000000083300000, 0x0000000083400000, 0x0000000083400000|100%| O|  |TAMS 0x0000000083400000, 0x0000000083300000| Complete 
|  52|0x0000000083400000, 0x0000000083500000, 0x0000000083500000|100%| O|  |TAMS 0x0000000083500000, 0x0000000083400000| Untracked 
|  53|0x0000000083500000, 0x0000000083600000, 0x0000000083600000|100%| O|  |TAMS 0x0000000083600000, 0x0000000083500000| Untracked 
|  54|0x0000000083600000, 0x0000000083700000, 0x0000000083700000|100%| O|  |TAMS 0x0000000083700000, 0x0000000083600000| Complete 
|  55|0x0000000083700000, 0x0000000083800000, 0x0000000083800000|100%| O|  |TAMS 0x0000000083800000, 0x0000000083700000| Untracked 
|  56|0x0000000083800000, 0x0000000083900000, 0x0000000083900000|100%| O|  |TAMS 0x0000000083900000, 0x0000000083800000| Untracked 
|  57|0x0000000083900000, 0x0000000083a00000, 0x0000000083a00000|100%| O|  |TAMS 0x0000000083a00000, 0x0000000083900000| Complete 
|  58|0x0000000083a00000, 0x0000000083b00000, 0x0000000083b00000|100%| O|  |TAMS 0x0000000083b00000, 0x0000000083a00000| Complete 
|  59|0x0000000083b00000, 0x0000000083c00000, 0x0000000083c00000|100%| O|  |TAMS 0x0000000083c00000, 0x0000000083b00000| Untracked 
|  60|0x0000000083c00000, 0x0000000083d00000, 0x0000000083d00000|100%| O|  |TAMS 0x0000000083d00000, 0x0000000083c00000| Untracked 
|  61|0x0000000083d00000, 0x0000000083e00000, 0x0000000083e00000|100%| O|  |TAMS 0x0000000083e00000, 0x0000000083d00000| Complete 
|  62|0x0000000083e00000, 0x0000000083f00000, 0x0000000083f00000|100%| O|  |TAMS 0x0000000083f00000, 0x0000000083e00000| Untracked 
|  63|0x0000000083f00000, 0x0000000084000000, 0x0000000084000000|100%| O|  |TAMS 0x0000000084000000, 0x0000000083f00000| Complete 
|  64|0x0000000084000000, 0x0000000084100000, 0x0000000084100000|100%|HS|  |TAMS 0x0000000084100000, 0x0000000084000000| Complete 
|  65|0x0000000084100000, 0x0000000084200000, 0x0000000084200000|100%| O|  |TAMS 0x0000000084200000, 0x0000000084100000| Untracked 
|  66|0x0000000084200000, 0x0000000084300000, 0x0000000084300000|100%| O|  |TAMS 0x0000000084300000, 0x0000000084200000| Untracked 
|  67|0x0000000084300000, 0x0000000084400000, 0x0000000084400000|100%|HS|  |TAMS 0x0000000084400000, 0x0000000084300000| Complete 
|  68|0x0000000084400000, 0x0000000084500000, 0x0000000084500000|100%|HC|  |TAMS 0x0000000084500000, 0x0000000084400000| Complete 
|  69|0x0000000084500000, 0x0000000084600000, 0x0000000084600000|100%| O|  |TAMS 0x0000000084600000, 0x0000000084500000| Complete 
|  70|0x0000000084600000, 0x0000000084700000, 0x0000000084700000|100%| O|  |TAMS 0x0000000084700000, 0x0000000084600000| Complete 
|  71|0x0000000084700000, 0x0000000084800000, 0x0000000084800000|100%| O|  |TAMS 0x0000000084800000, 0x0000000084700000| Complete 
|  72|0x0000000084800000, 0x0000000084900000, 0x0000000084900000|100%| O|  |TAMS 0x0000000084900000, 0x0000000084800000| Untracked 
|  73|0x0000000084900000, 0x0000000084a00000, 0x0000000084a00000|100%| O|  |TAMS 0x0000000084a00000, 0x0000000084900000| Untracked 
|  74|0x0000000084a00000, 0x0000000084b00000, 0x0000000084b00000|100%| O|  |TAMS 0x0000000084b00000, 0x0000000084a00000| Complete 
|  75|0x0000000084b00000, 0x0000000084c00000, 0x0000000084c00000|100%| O|  |TAMS 0x0000000084c00000, 0x0000000084b00000| Complete 
|  76|0x0000000084c00000, 0x0000000084d00000, 0x0000000084d00000|100%| O|  |TAMS 0x0000000084d00000, 0x0000000084c00000| Untracked 
|  77|0x0000000084d00000, 0x0000000084e00000, 0x0000000084e00000|100%| O|  |TAMS 0x0000000084e00000, 0x0000000084d00000| Complete 
|  78|0x0000000084e00000, 0x0000000084f00000, 0x0000000084f00000|100%| O|  |TAMS 0x0000000084f00000, 0x0000000084e00000| Untracked 
|  79|0x0000000084f00000, 0x0000000085000000, 0x0000000085000000|100%| O|  |TAMS 0x0000000085000000, 0x0000000084f00000| Untracked 
|  80|0x0000000085000000, 0x0000000085100000, 0x0000000085100000|100%| O|  |TAMS 0x0000000085100000, 0x0000000085000000| Untracked 
|  81|0x0000000085100000, 0x0000000085200000, 0x0000000085200000|100%| O|  |TAMS 0x0000000085200000, 0x0000000085100000| Untracked 
|  82|0x0000000085200000, 0x0000000085200000, 0x0000000085300000|  0%| F|  |TAMS 0x0000000085200000, 0x0000000085200000| Untracked 
|  83|0x0000000085300000, 0x0000000085300000, 0x0000000085400000|  0%| F|  |TAMS 0x0000000085300000, 0x0000000085300000| Untracked 
|  84|0x0000000085400000, 0x0000000085500000, 0x0000000085500000|100%| O|  |TAMS 0x0000000085500000, 0x0000000085400000| Untracked 
|  85|0x0000000085500000, 0x0000000085600000, 0x0000000085600000|100%| O|  |TAMS 0x0000000085600000, 0x0000000085500000| Complete 
|  86|0x0000000085600000, 0x0000000085700000, 0x0000000085700000|100%| O|  |TAMS 0x0000000085700000, 0x0000000085600000| Untracked 
|  87|0x0000000085700000, 0x0000000085800000, 0x0000000085800000|100%| O|  |TAMS 0x0000000085800000, 0x0000000085700000| Untracked 
|  88|0x0000000085800000, 0x0000000085900000, 0x0000000085900000|100%| O|  |TAMS 0x0000000085900000, 0x0000000085800000| Complete 
|  89|0x0000000085900000, 0x0000000085a00000, 0x0000000085a00000|100%| O|  |TAMS 0x0000000085a00000, 0x0000000085900000| Complete 
|  90|0x0000000085a00000, 0x0000000085b00000, 0x0000000085b00000|100%| O|  |TAMS 0x0000000085b00000, 0x0000000085a00000| Complete 
|  91|0x0000000085b00000, 0x0000000085c00000, 0x0000000085c00000|100%| O|  |TAMS 0x0000000085c00000, 0x0000000085b00000| Complete 
|  92|0x0000000085c00000, 0x0000000085d00000, 0x0000000085d00000|100%| O|  |TAMS 0x0000000085d00000, 0x0000000085c00000| Complete 
|  93|0x0000000085d00000, 0x0000000085e00000, 0x0000000085e00000|100%| O|  |TAMS 0x0000000085e00000, 0x0000000085d00000| Complete 
|  94|0x0000000085e00000, 0x0000000085f00000, 0x0000000085f00000|100%| O|  |TAMS 0x0000000085f00000, 0x0000000085e00000| Complete 
|  95|0x0000000085f00000, 0x0000000086000000, 0x0000000086000000|100%| O|  |TAMS 0x0000000086000000, 0x0000000085f00000| Complete 
|  96|0x0000000086000000, 0x0000000086100000, 0x0000000086100000|100%|HS|  |TAMS 0x0000000086100000, 0x0000000086000000| Complete 
|  97|0x0000000086100000, 0x0000000086200000, 0x0000000086200000|100%|HC|  |TAMS 0x0000000086200000, 0x0000000086100000| Complete 
|  98|0x0000000086200000, 0x0000000086300000, 0x0000000086300000|100%|HC|  |TAMS 0x0000000086300000, 0x0000000086200000| Complete 
|  99|0x0000000086300000, 0x0000000086400000, 0x0000000086400000|100%|HS|  |TAMS 0x0000000086400000, 0x0000000086300000| Complete 
| 100|0x0000000086400000, 0x0000000086500000, 0x0000000086500000|100%|HC|  |TAMS 0x0000000086500000, 0x0000000086400000| Complete 
| 101|0x0000000086500000, 0x0000000086600000, 0x0000000086600000|100%|HC|  |TAMS 0x0000000086600000, 0x0000000086500000| Complete 
| 102|0x0000000086600000, 0x0000000086700000, 0x0000000086700000|100%|HC|  |TAMS 0x0000000086700000, 0x0000000086600000| Complete 
| 103|0x0000000086700000, 0x0000000086800000, 0x0000000086800000|100%|HC|  |TAMS 0x0000000086800000, 0x0000000086700000| Complete 
| 104|0x0000000086800000, 0x0000000086900000, 0x0000000086900000|100%|HS|  |TAMS 0x0000000086900000, 0x0000000086800000| Complete 
| 105|0x0000000086900000, 0x0000000086a00000, 0x0000000086a00000|100%|HC|  |TAMS 0x0000000086a00000, 0x0000000086900000| Complete 
| 106|0x0000000086a00000, 0x0000000086b00000, 0x0000000086b00000|100%|HC|  |TAMS 0x0000000086b00000, 0x0000000086a00000| Complete 
| 107|0x0000000086b00000, 0x0000000086c00000, 0x0000000086c00000|100%|HC|  |TAMS 0x0000000086c00000, 0x0000000086b00000| Complete 
| 108|0x0000000086c00000, 0x0000000086d00000, 0x0000000086d00000|100%|HC|  |TAMS 0x0000000086d00000, 0x0000000086c00000| Complete 
| 109|0x0000000086d00000, 0x0000000086e00000, 0x0000000086e00000|100%|HS|  |TAMS 0x0000000086e00000, 0x0000000086d00000| Complete 
| 110|0x0000000086e00000, 0x0000000086f00000, 0x0000000086f00000|100%|HC|  |TAMS 0x0000000086f00000, 0x0000000086e00000| Complete 
| 111|0x0000000086f00000, 0x0000000087000000, 0x0000000087000000|100%|HC|  |TAMS 0x0000000087000000, 0x0000000086f00000| Complete 
| 112|0x0000000087000000, 0x0000000087100000, 0x0000000087100000|100%| O|  |TAMS 0x0000000087100000, 0x0000000087000000| Untracked 
| 113|0x0000000087100000, 0x0000000087200000, 0x0000000087200000|100%| O|  |TAMS 0x0000000087200000, 0x0000000087100000| Untracked 
| 114|0x0000000087200000, 0x0000000087300000, 0x0000000087300000|100%|HS|  |TAMS 0x0000000087300000, 0x0000000087200000| Complete 
| 115|0x0000000087300000, 0x0000000087400000, 0x0000000087400000|100%| O|  |TAMS 0x0000000087400000, 0x0000000087300000| Untracked 
| 116|0x0000000087400000, 0x0000000087500000, 0x0000000087500000|100%| O|  |TAMS 0x0000000087500000, 0x0000000087400000| Untracked 
| 117|0x0000000087500000, 0x0000000087600000, 0x0000000087600000|100%| O|  |TAMS 0x0000000087600000, 0x0000000087500000| Complete 
| 118|0x0000000087600000, 0x0000000087700000, 0x0000000087700000|100%| O|  |TAMS 0x0000000087700000, 0x0000000087600000| Untracked 
| 119|0x0000000087700000, 0x0000000087800000, 0x0000000087800000|100%| O|  |TAMS 0x0000000087800000, 0x0000000087700000| Untracked 
| 120|0x0000000087800000, 0x0000000087900000, 0x0000000087900000|100%|HS|  |TAMS 0x0000000087900000, 0x0000000087800000| Complete 
| 121|0x0000000087900000, 0x0000000087a00000, 0x0000000087a00000|100%| O|  |TAMS 0x0000000087a00000, 0x0000000087900000| Complete 
| 122|0x0000000087a00000, 0x0000000087b00000, 0x0000000087b00000|100%| O|  |TAMS 0x0000000087b00000, 0x0000000087a00000| Complete 
| 123|0x0000000087b00000, 0x0000000087c00000, 0x0000000087c00000|100%| O|  |TAMS 0x0000000087c00000, 0x0000000087b00000| Untracked 
| 124|0x0000000087c00000, 0x0000000087d00000, 0x0000000087d00000|100%| O|  |TAMS 0x0000000087d00000, 0x0000000087c00000| Untracked 
| 125|0x0000000087d00000, 0x0000000087e00000, 0x0000000087e00000|100%| O|  |TAMS 0x0000000087e00000, 0x0000000087d00000| Untracked 
| 126|0x0000000087e00000, 0x0000000087f00000, 0x0000000087f00000|100%| O|  |TAMS 0x0000000087f00000, 0x0000000087e00000| Untracked 
| 127|0x0000000087f00000, 0x0000000088000000, 0x0000000088000000|100%| O|  |TAMS 0x0000000088000000, 0x0000000087f00000| Untracked 
| 128|0x0000000088000000, 0x0000000088100000, 0x0000000088100000|100%| O|  |TAMS 0x0000000088100000, 0x0000000088000000| Untracked 
| 129|0x0000000088100000, 0x0000000088200000, 0x0000000088200000|100%| O|  |TAMS 0x0000000088200000, 0x0000000088100000| Untracked 
| 130|0x0000000088200000, 0x0000000088300000, 0x0000000088300000|100%| O|  |TAMS 0x0000000088300000, 0x0000000088200000| Untracked 
| 131|0x0000000088300000, 0x0000000088400000, 0x0000000088400000|100%|HS|  |TAMS 0x0000000088400000, 0x0000000088300000| Complete 
| 132|0x0000000088400000, 0x0000000088500000, 0x0000000088500000|100%|HC|  |TAMS 0x0000000088500000, 0x0000000088400000| Complete 
| 133|0x0000000088500000, 0x0000000088600000, 0x0000000088600000|100%| O|  |TAMS 0x0000000088600000, 0x0000000088500000| Untracked 
| 134|0x0000000088600000, 0x0000000088700000, 0x0000000088700000|100%| O|  |TAMS 0x0000000088700000, 0x0000000088600000| Untracked 
| 135|0x0000000088700000, 0x0000000088800000, 0x0000000088800000|100%| O|  |TAMS 0x0000000088800000, 0x0000000088700000| Untracked 
| 136|0x0000000088800000, 0x0000000088900000, 0x0000000088900000|100%| O|  |TAMS 0x0000000088900000, 0x0000000088800000| Untracked 
| 137|0x0000000088900000, 0x0000000088a00000, 0x0000000088a00000|100%| O|  |TAMS 0x0000000088a00000, 0x0000000088900000| Untracked 
| 138|0x0000000088a00000, 0x0000000088b00000, 0x0000000088b00000|100%| O|  |TAMS 0x0000000088b00000, 0x0000000088a00000| Untracked 
| 139|0x0000000088b00000, 0x0000000088c00000, 0x0000000088c00000|100%| O|  |TAMS 0x0000000088c00000, 0x0000000088b00000| Untracked 
| 140|0x0000000088c00000, 0x0000000088d00000, 0x0000000088d00000|100%| O|  |TAMS 0x0000000088d00000, 0x0000000088c00000| Untracked 
| 141|0x0000000088d00000, 0x0000000088e00000, 0x0000000088e00000|100%| O|  |TAMS 0x0000000088e00000, 0x0000000088d00000| Untracked 
| 142|0x0000000088e00000, 0x0000000088f00000, 0x0000000088f00000|100%| O|  |TAMS 0x0000000088f00000, 0x0000000088e00000| Untracked 
| 143|0x0000000088f00000, 0x0000000089000000, 0x0000000089000000|100%| O|  |TAMS 0x0000000089000000, 0x0000000088f00000| Untracked 
| 144|0x0000000089000000, 0x0000000089100000, 0x0000000089100000|100%| O|  |TAMS 0x0000000089100000, 0x0000000089000000| Untracked 
| 145|0x0000000089100000, 0x0000000089200000, 0x0000000089200000|100%| O|  |TAMS 0x0000000089200000, 0x0000000089100000| Untracked 
| 146|0x0000000089200000, 0x0000000089300000, 0x0000000089300000|100%| O|  |TAMS 0x0000000089300000, 0x0000000089200000| Untracked 
| 147|0x0000000089300000, 0x0000000089400000, 0x0000000089400000|100%| O|  |TAMS 0x0000000089400000, 0x0000000089300000| Untracked 
| 148|0x0000000089400000, 0x0000000089500000, 0x0000000089500000|100%| O|  |TAMS 0x0000000089500000, 0x0000000089400000| Untracked 
| 149|0x0000000089500000, 0x0000000089600000, 0x0000000089600000|100%| O|  |TAMS 0x0000000089600000, 0x0000000089500000| Complete 
| 150|0x0000000089600000, 0x0000000089700000, 0x0000000089700000|100%| O|  |TAMS 0x0000000089700000, 0x0000000089600000| Untracked 
| 151|0x0000000089700000, 0x0000000089800000, 0x0000000089800000|100%| O|  |TAMS 0x0000000089800000, 0x0000000089700000| Untracked 
| 152|0x0000000089800000, 0x0000000089900000, 0x0000000089900000|100%| O|  |TAMS 0x0000000089900000, 0x0000000089800000| Untracked 
| 153|0x0000000089900000, 0x0000000089a00000, 0x0000000089a00000|100%| O|  |TAMS 0x0000000089a00000, 0x0000000089900000| Untracked 
| 154|0x0000000089a00000, 0x0000000089b00000, 0x0000000089b00000|100%| O|  |TAMS 0x0000000089b00000, 0x0000000089a00000| Untracked 
| 155|0x0000000089b00000, 0x0000000089c00000, 0x0000000089c00000|100%| O|  |TAMS 0x0000000089c00000, 0x0000000089b00000| Untracked 
| 156|0x0000000089c00000, 0x0000000089d00000, 0x0000000089d00000|100%| O|  |TAMS 0x0000000089d00000, 0x0000000089c00000| Complete 
| 157|0x0000000089d00000, 0x0000000089e00000, 0x0000000089e00000|100%| O|  |TAMS 0x0000000089e00000, 0x0000000089d00000| Untracked 
| 158|0x0000000089e00000, 0x0000000089f00000, 0x0000000089f00000|100%| O|  |TAMS 0x0000000089e63a00, 0x0000000089e00000| Complete 
| 159|0x0000000089f00000, 0x000000008a000000, 0x000000008a000000|100%|HS|  |TAMS 0x0000000089f00000, 0x0000000089f00000| Complete 
| 160|0x000000008a000000, 0x000000008a100000, 0x000000008a100000|100%|HC|  |TAMS 0x000000008a000000, 0x000000008a000000| Complete 
| 161|0x000000008a100000, 0x000000008a200000, 0x000000008a200000|100%| O|  |TAMS 0x000000008a100000, 0x000000008a100000| Untracked 
| 162|0x000000008a200000, 0x000000008a300000, 0x000000008a300000|100%| O|  |TAMS 0x000000008a200000, 0x000000008a200000| Untracked 
| 163|0x000000008a300000, 0x000000008a400000, 0x000000008a400000|100%| O|  |TAMS 0x000000008a300000, 0x000000008a300000| Untracked 
| 164|0x000000008a400000, 0x000000008a500000, 0x000000008a500000|100%| O|  |TAMS 0x000000008a400000, 0x000000008a400000| Untracked 
| 165|0x000000008a500000, 0x000000008a600000, 0x000000008a600000|100%| O|  |TAMS 0x000000008a500000, 0x000000008a500000| Untracked 
| 166|0x000000008a600000, 0x000000008a700000, 0x000000008a700000|100%| O|  |TAMS 0x000000008a600000, 0x000000008a600000| Untracked 
| 167|0x000000008a700000, 0x000000008a800000, 0x000000008a800000|100%| O|  |TAMS 0x000000008a700000, 0x000000008a700000| Untracked 
| 168|0x000000008a800000, 0x000000008a900000, 0x000000008a900000|100%| O|  |TAMS 0x000000008a800000, 0x000000008a800000| Untracked 
| 169|0x000000008a900000, 0x000000008aa00000, 0x000000008aa00000|100%| O|  |TAMS 0x000000008a900000, 0x000000008a900000| Untracked 
| 170|0x000000008aa00000, 0x000000008ab00000, 0x000000008ab00000|100%| O|  |TAMS 0x000000008aa00000, 0x000000008aa00000| Untracked 
| 171|0x000000008ab00000, 0x000000008ac00000, 0x000000008ac00000|100%| O|  |TAMS 0x000000008ab00000, 0x000000008ab00000| Untracked 
| 172|0x000000008ac00000, 0x000000008ad00000, 0x000000008ad00000|100%| O|  |TAMS 0x000000008ac00000, 0x000000008ac00000| Untracked 
| 173|0x000000008ad00000, 0x000000008ae00000, 0x000000008ae00000|100%|HS|  |TAMS 0x000000008ad00000, 0x000000008ad00000| Complete 
| 174|0x000000008ae00000, 0x000000008af00000, 0x000000008af00000|100%|HS|  |TAMS 0x000000008ae00000, 0x000000008ae00000| Complete 
| 175|0x000000008af00000, 0x000000008b000000, 0x000000008b000000|100%|HS|  |TAMS 0x000000008af00000, 0x000000008af00000| Complete 
| 176|0x000000008b000000, 0x000000008b100000, 0x000000008b100000|100%| O|  |TAMS 0x000000008b000000, 0x000000008b000000| Untracked 
| 177|0x000000008b100000, 0x000000008b200000, 0x000000008b200000|100%| O|  |TAMS 0x000000008b100000, 0x000000008b100000| Untracked 
| 178|0x000000008b200000, 0x000000008b300000, 0x000000008b300000|100%| O|  |TAMS 0x000000008b200000, 0x000000008b200000| Untracked 
| 179|0x000000008b300000, 0x000000008b400000, 0x000000008b400000|100%| O|  |TAMS 0x000000008b300000, 0x000000008b300000| Untracked 
| 180|0x000000008b400000, 0x000000008b500000, 0x000000008b500000|100%| O|  |TAMS 0x000000008b400000, 0x000000008b400000| Untracked 
| 181|0x000000008b500000, 0x000000008b600000, 0x000000008b600000|100%| O|  |TAMS 0x000000008b500000, 0x000000008b500000| Untracked 
| 182|0x000000008b600000, 0x000000008b700000, 0x000000008b700000|100%| O|  |TAMS 0x000000008b600000, 0x000000008b600000| Untracked 
| 183|0x000000008b700000, 0x000000008b800000, 0x000000008b800000|100%| O|  |TAMS 0x000000008b700000, 0x000000008b700000| Untracked 
| 184|0x000000008b800000, 0x000000008b900000, 0x000000008b900000|100%| O|  |TAMS 0x000000008b800000, 0x000000008b800000| Untracked 
| 185|0x000000008b900000, 0x000000008ba00000, 0x000000008ba00000|100%| O|  |TAMS 0x000000008b900000, 0x000000008b900000| Untracked 
| 186|0x000000008ba00000, 0x000000008baf8000, 0x000000008bb00000| 96%| O|  |TAMS 0x000000008ba00000, 0x000000008ba00000| Untracked 
| 187|0x000000008bb00000, 0x000000008bb00000, 0x000000008bc00000|  0%| F|  |TAMS 0x000000008bb00000, 0x000000008bb00000| Untracked 
| 188|0x000000008bc00000, 0x000000008bc00000, 0x000000008bd00000|  0%| F|  |TAMS 0x000000008bc00000, 0x000000008bc00000| Untracked 
| 189|0x000000008bd00000, 0x000000008bd00000, 0x000000008be00000|  0%| F|  |TAMS 0x000000008bd00000, 0x000000008bd00000| Untracked 
| 190|0x000000008be00000, 0x000000008be00000, 0x000000008bf00000|  0%| F|  |TAMS 0x000000008be00000, 0x000000008be00000| Untracked 
| 191|0x000000008bf00000, 0x000000008bf00000, 0x000000008c000000|  0%| F|  |TAMS 0x000000008bf00000, 0x000000008bf00000| Untracked 
| 192|0x000000008c000000, 0x000000008c000000, 0x000000008c100000|  0%| F|  |TAMS 0x000000008c000000, 0x000000008c000000| Untracked 
| 193|0x000000008c100000, 0x000000008c100000, 0x000000008c200000|  0%| F|  |TAMS 0x000000008c100000, 0x000000008c100000| Untracked 
| 194|0x000000008c200000, 0x000000008c200000, 0x000000008c300000|  0%| F|  |TAMS 0x000000008c200000, 0x000000008c200000| Untracked 
| 195|0x000000008c300000, 0x000000008c300000, 0x000000008c400000|  0%| F|  |TAMS 0x000000008c300000, 0x000000008c300000| Untracked 
| 196|0x000000008c400000, 0x000000008c400000, 0x000000008c500000|  0%| F|  |TAMS 0x000000008c400000, 0x000000008c400000| Untracked 
| 197|0x000000008c500000, 0x000000008c500000, 0x000000008c600000|  0%| F|  |TAMS 0x000000008c500000, 0x000000008c500000| Untracked 
| 198|0x000000008c600000, 0x000000008c600000, 0x000000008c700000|  0%| F|  |TAMS 0x000000008c600000, 0x000000008c600000| Untracked 
| 199|0x000000008c700000, 0x000000008c700000, 0x000000008c800000|  0%| F|  |TAMS 0x000000008c700000, 0x000000008c700000| Untracked 
| 200|0x000000008c800000, 0x000000008c800000, 0x000000008c900000|  0%| F|  |TAMS 0x000000008c800000, 0x000000008c800000| Untracked 
| 201|0x000000008c900000, 0x000000008c900000, 0x000000008ca00000|  0%| F|  |TAMS 0x000000008c900000, 0x000000008c900000| Untracked 
| 202|0x000000008ca00000, 0x000000008ca00000, 0x000000008cb00000|  0%| F|  |TAMS 0x000000008ca00000, 0x000000008ca00000| Untracked 
| 203|0x000000008cb00000, 0x000000008cb00000, 0x000000008cc00000|  0%| F|  |TAMS 0x000000008cb00000, 0x000000008cb00000| Untracked 
| 204|0x000000008cc00000, 0x000000008cc00000, 0x000000008cd00000|  0%| F|  |TAMS 0x000000008cc00000, 0x000000008cc00000| Untracked 
| 205|0x000000008cd00000, 0x000000008cd00000, 0x000000008ce00000|  0%| F|  |TAMS 0x000000008cd00000, 0x000000008cd00000| Untracked 
| 206|0x000000008ce00000, 0x000000008ce00000, 0x000000008cf00000|  0%| F|  |TAMS 0x000000008ce00000, 0x000000008ce00000| Untracked 
| 207|0x000000008cf00000, 0x000000008cf00000, 0x000000008d000000|  0%| F|  |TAMS 0x000000008cf00000, 0x000000008cf00000| Untracked 
| 208|0x000000008d000000, 0x000000008d000000, 0x000000008d100000|  0%| F|  |TAMS 0x000000008d000000, 0x000000008d000000| Untracked 
| 209|0x000000008d100000, 0x000000008d100000, 0x000000008d200000|  0%| F|  |TAMS 0x000000008d100000, 0x000000008d100000| Untracked 
| 210|0x000000008d200000, 0x000000008d200000, 0x000000008d300000|  0%| F|  |TAMS 0x000000008d200000, 0x000000008d200000| Untracked 
| 211|0x000000008d300000, 0x000000008d300000, 0x000000008d400000|  0%| F|  |TAMS 0x000000008d300000, 0x000000008d300000| Untracked 
| 212|0x000000008d400000, 0x000000008d400000, 0x000000008d500000|  0%| F|  |TAMS 0x000000008d400000, 0x000000008d400000| Untracked 
| 213|0x000000008d500000, 0x000000008d500000, 0x000000008d600000|  0%| F|  |TAMS 0x000000008d500000, 0x000000008d500000| Untracked 
| 214|0x000000008d600000, 0x000000008d600000, 0x000000008d700000|  0%| F|  |TAMS 0x000000008d600000, 0x000000008d600000| Untracked 
| 215|0x000000008d700000, 0x000000008d700000, 0x000000008d800000|  0%| F|  |TAMS 0x000000008d700000, 0x000000008d700000| Untracked 
| 216|0x000000008d800000, 0x000000008d800000, 0x000000008d900000|  0%| F|  |TAMS 0x000000008d800000, 0x000000008d800000| Untracked 
| 217|0x000000008d900000, 0x000000008d900000, 0x000000008da00000|  0%| F|  |TAMS 0x000000008d900000, 0x000000008d900000| Untracked 
| 218|0x000000008da00000, 0x000000008da00000, 0x000000008db00000|  0%| F|  |TAMS 0x000000008da00000, 0x000000008da00000| Untracked 
| 219|0x000000008db00000, 0x000000008db00000, 0x000000008dc00000|  0%| F|  |TAMS 0x000000008db00000, 0x000000008db00000| Untracked 
| 220|0x000000008dc00000, 0x000000008dc00000, 0x000000008dd00000|  0%| F|  |TAMS 0x000000008dc00000, 0x000000008dc00000| Untracked 
| 221|0x000000008dd00000, 0x000000008dd00000, 0x000000008de00000|  0%| F|  |TAMS 0x000000008dd00000, 0x000000008dd00000| Untracked 
| 222|0x000000008de00000, 0x000000008de00000, 0x000000008df00000|  0%| F|  |TAMS 0x000000008de00000, 0x000000008de00000| Untracked 
| 223|0x000000008df00000, 0x000000008df00000, 0x000000008e000000|  0%| F|  |TAMS 0x000000008df00000, 0x000000008df00000| Untracked 
| 224|0x000000008e000000, 0x000000008e000000, 0x000000008e100000|  0%| F|  |TAMS 0x000000008e000000, 0x000000008e000000| Untracked 
| 225|0x000000008e100000, 0x000000008e100000, 0x000000008e200000|  0%| F|  |TAMS 0x000000008e100000, 0x000000008e100000| Untracked 
| 226|0x000000008e200000, 0x000000008e200000, 0x000000008e300000|  0%| F|  |TAMS 0x000000008e200000, 0x000000008e200000| Untracked 
| 227|0x000000008e300000, 0x000000008e300000, 0x000000008e400000|  0%| F|  |TAMS 0x000000008e300000, 0x000000008e300000| Untracked 
| 228|0x000000008e400000, 0x000000008e400000, 0x000000008e500000|  0%| F|  |TAMS 0x000000008e400000, 0x000000008e400000| Untracked 
| 229|0x000000008e500000, 0x000000008e500000, 0x000000008e600000|  0%| F|  |TAMS 0x000000008e500000, 0x000000008e500000| Untracked 
| 230|0x000000008e600000, 0x000000008e600000, 0x000000008e700000|  0%| F|  |TAMS 0x000000008e600000, 0x000000008e600000| Untracked 
| 231|0x000000008e700000, 0x000000008e700000, 0x000000008e800000|  0%| F|  |TAMS 0x000000008e700000, 0x000000008e700000| Untracked 
| 232|0x000000008e800000, 0x000000008e800000, 0x000000008e900000|  0%| F|  |TAMS 0x000000008e800000, 0x000000008e800000| Untracked 
| 233|0x000000008e900000, 0x000000008e900000, 0x000000008ea00000|  0%| F|  |TAMS 0x000000008e900000, 0x000000008e900000| Untracked 
| 234|0x000000008ea00000, 0x000000008ea00000, 0x000000008eb00000|  0%| F|  |TAMS 0x000000008ea00000, 0x000000008ea00000| Untracked 
| 235|0x000000008eb00000, 0x000000008eb00000, 0x000000008ec00000|  0%| F|  |TAMS 0x000000008eb00000, 0x000000008eb00000| Untracked 
| 236|0x000000008ec00000, 0x000000008ec00000, 0x000000008ed00000|  0%| F|  |TAMS 0x000000008ec00000, 0x000000008ec00000| Untracked 
| 237|0x000000008ed00000, 0x000000008ed00000, 0x000000008ee00000|  0%| F|  |TAMS 0x000000008ed00000, 0x000000008ed00000| Untracked 
| 238|0x000000008ee00000, 0x000000008ee00000, 0x000000008ef00000|  0%| F|  |TAMS 0x000000008ee00000, 0x000000008ee00000| Untracked 
| 239|0x000000008ef00000, 0x000000008ef00000, 0x000000008f000000|  0%| F|  |TAMS 0x000000008ef00000, 0x000000008ef00000| Untracked 
| 240|0x000000008f000000, 0x000000008f000000, 0x000000008f100000|  0%| F|  |TAMS 0x000000008f000000, 0x000000008f000000| Untracked 
| 241|0x000000008f100000, 0x000000008f100000, 0x000000008f200000|  0%| F|  |TAMS 0x000000008f100000, 0x000000008f100000| Untracked 
| 242|0x000000008f200000, 0x000000008f200000, 0x000000008f300000|  0%| F|  |TAMS 0x000000008f200000, 0x000000008f200000| Untracked 
| 243|0x000000008f300000, 0x000000008f300000, 0x000000008f400000|  0%| F|  |TAMS 0x000000008f300000, 0x000000008f300000| Untracked 
| 244|0x000000008f400000, 0x000000008f400000, 0x000000008f500000|  0%| F|  |TAMS 0x000000008f400000, 0x000000008f400000| Untracked 
| 245|0x000000008f500000, 0x000000008f500000, 0x000000008f600000|  0%| F|  |TAMS 0x000000008f500000, 0x000000008f500000| Untracked 
| 246|0x000000008f600000, 0x000000008f600000, 0x000000008f700000|  0%| F|  |TAMS 0x000000008f600000, 0x000000008f600000| Untracked 
| 247|0x000000008f700000, 0x000000008f700000, 0x000000008f800000|  0%| F|  |TAMS 0x000000008f700000, 0x000000008f700000| Untracked 
| 248|0x000000008f800000, 0x000000008f800000, 0x000000008f900000|  0%| F|  |TAMS 0x000000008f800000, 0x000000008f800000| Untracked 
| 249|0x000000008f900000, 0x000000008f900000, 0x000000008fa00000|  0%| F|  |TAMS 0x000000008f900000, 0x000000008f900000| Untracked 
| 250|0x000000008fa00000, 0x000000008fa00000, 0x000000008fb00000|  0%| F|  |TAMS 0x000000008fa00000, 0x000000008fa00000| Untracked 
| 251|0x000000008fb00000, 0x000000008fb00000, 0x000000008fc00000|  0%| F|  |TAMS 0x000000008fb00000, 0x000000008fb00000| Untracked 
| 252|0x000000008fc00000, 0x000000008fc00000, 0x000000008fd00000|  0%| F|  |TAMS 0x000000008fc00000, 0x000000008fc00000| Untracked 
| 253|0x000000008fd00000, 0x000000008fd00000, 0x000000008fe00000|  0%| F|  |TAMS 0x000000008fd00000, 0x000000008fd00000| Untracked 
| 254|0x000000008fe00000, 0x000000008fe00000, 0x000000008ff00000|  0%| F|  |TAMS 0x000000008fe00000, 0x000000008fe00000| Untracked 
| 255|0x000000008ff00000, 0x000000008ff00000, 0x0000000090000000|  0%| F|  |TAMS 0x000000008ff00000, 0x000000008ff00000| Untracked 
| 256|0x0000000090000000, 0x0000000090000000, 0x0000000090100000|  0%| F|  |TAMS 0x0000000090000000, 0x0000000090000000| Untracked 
| 257|0x0000000090100000, 0x0000000090100000, 0x0000000090200000|  0%| F|  |TAMS 0x0000000090100000, 0x0000000090100000| Untracked 
| 258|0x0000000090200000, 0x0000000090230030, 0x0000000090300000| 18%| S|CS|TAMS 0x0000000090200000, 0x0000000090200000| Complete 
| 259|0x0000000090300000, 0x0000000090400000, 0x0000000090400000|100%| S|CS|TAMS 0x0000000090300000, 0x0000000090300000| Complete 
| 260|0x0000000090400000, 0x0000000090400000, 0x0000000090500000|  0%| F|  |TAMS 0x0000000090400000, 0x0000000090400000| Untracked 
| 261|0x0000000090500000, 0x0000000090500000, 0x0000000090600000|  0%| F|  |TAMS 0x0000000090500000, 0x0000000090500000| Untracked 
| 262|0x0000000090600000, 0x0000000090600000, 0x0000000090700000|  0%| F|  |TAMS 0x0000000090600000, 0x0000000090600000| Untracked 
| 263|0x0000000090700000, 0x0000000090700000, 0x0000000090800000|  0%| F|  |TAMS 0x0000000090700000, 0x0000000090700000| Untracked 
| 264|0x0000000090800000, 0x0000000090800000, 0x0000000090900000|  0%| F|  |TAMS 0x0000000090800000, 0x0000000090800000| Untracked 
| 265|0x0000000090900000, 0x0000000090900000, 0x0000000090a00000|  0%| F|  |TAMS 0x0000000090900000, 0x0000000090900000| Untracked 
| 266|0x0000000090a00000, 0x0000000090a00000, 0x0000000090b00000|  0%| F|  |TAMS 0x0000000090a00000, 0x0000000090a00000| Untracked 

Card table byte_map: [0x0000014ddad90000,0x0000014ddb190000] _byte_map_base: 0x0000014dda990000

Marking Bits (Prev, Next): (CMBitMap*) 0x0000014dc747cc88, (CMBitMap*) 0x0000014dc747ccc0
 Prev Bits: [0x0000014ddb590000, 0x0000014ddd590000)
 Next Bits: [0x0000014ddd590000, 0x0000014ddf590000)

Polling page: 0x0000014dc5ba0000

Metaspace:

Usage:
  Non-class:    125.91 MB capacity,   122.89 MB ( 98%) used,     2.52 MB (  2%) free+waste,   520.81 KB ( <1%) overhead. 
      Class:     19.17 MB capacity,    17.58 MB ( 92%) used,     1.36 MB (  7%) free+waste,   229.81 KB (  1%) overhead. 
       Both:    145.08 MB capacity,   140.47 MB ( 97%) used,     3.87 MB (  3%) free+waste,   750.63 KB ( <1%) overhead. 

Virtual space:
  Non-class space:      126.00 MB reserved,     126.00 MB (100%) committed 
      Class space:        1.00 GB reserved,      19.20 MB (  2%) committed 
             Both:        1.12 GB reserved,     145.20 MB ( 13%) committed 

Chunk freelists:
   Non-Class:  27.00 KB
       Class:  0 bytes
        Both:  27.00 KB

MaxMetaspaceSize: 17179869184.00 GB
CompressedClassSpaceSize: 1.00 GB

CodeHeap 'non-profiled nmethods': size=120000Kb used=16873Kb max_used=16873Kb free=103126Kb
 bounds [0x0000014dd2a00000, 0x0000014dd3a80000, 0x0000014dd9f30000]
CodeHeap 'profiled nmethods': size=120000Kb used=54746Kb max_used=54746Kb free=65253Kb
 bounds [0x0000014dcb4d0000, 0x0000014dcea70000, 0x0000014dd2a00000]
CodeHeap 'non-nmethods': size=5760Kb used=2409Kb max_used=2483Kb free=3351Kb
 bounds [0x0000014dcaf30000, 0x0000014dcb1b0000, 0x0000014dcb4d0000]
 total_blobs=25044 nmethods=24001 adapters=951
 compilation: enabled
              stopped_count=0, restarted_count=0
 full_count=0

Compilation events (20 events):
Event: 6577.391 Thread 0x0000014de1ffc800 27252 %     3       com.android.tools.r8.internal.Uu::a @ 59 (112 bytes)
Event: 6577.392 Thread 0x0000014de1ffc800 nmethod 27252% 0x0000014dcea64e10 code [0x0000014dcea650c0, 0x0000014dcea65e78]
Event: 6577.394 Thread 0x0000014de1ffc800 27253       3       com.android.tools.r8.internal.Uu::a (112 bytes)
Event: 6577.394 Thread 0x0000014de1ffc800 nmethod 27253 0x0000014dcea66290 code [0x0000014dcea66540, 0x0000014dcea67288]
Event: 6577.469 Thread 0x0000014de9090800 nmethod 26916% 0x0000014dd3a55410 code [0x0000014dd3a55ae0, 0x0000014dd3a5e2c8]
Event: 6577.470 Thread 0x0000014de9090800 27248       4       java.util.TimSort::countRunAndMakeAscending (128 bytes)
Event: 6577.481 Thread 0x0000014de9090800 nmethod 27248 0x0000014dd3a63f10 code [0x0000014dd3a640c0, 0x0000014dd3a646b8]
Event: 6577.481 Thread 0x0000014de9090800 27216       4       java.util.Spliterators$ArraySpliterator::forEachRemaining (68 bytes)
Event: 6577.487 Thread 0x0000014de1ff6000 nmethod 26897 0x0000014dd3a64a10 code [0x0000014dd3a668a0, 0x0000014dd3a73f98]
Event: 6577.487 Thread 0x0000014de1ff6000 27258       4       java.util.TimSort::mergeLo (659 bytes)
Event: 6577.489 Thread 0x0000014de9090800 nmethod 27216 0x0000014dd3a7ae90 code [0x0000014dd3a7b060, 0x0000014dd3a7b398]
Event: 6577.489 Thread 0x0000014de9090800 27231       4       com.android.tools.r8.internal.dk::b (156 bytes)
Event: 6577.496 Thread 0x0000014de1ffc800 27260   !   2       java.nio.file.FileTreeWalker::pop (35 bytes)
Event: 6577.497 Thread 0x0000014de1ffc800 nmethod 27260 0x0000014dcea67690 code [0x0000014dcea67860, 0x0000014dcea67a38]
Event: 6577.504 Thread 0x0000014de9090800 nmethod 27231 0x0000014dd3a7b710 code [0x0000014dd3a7b900, 0x0000014dd3a7c268]
Event: 6577.504 Thread 0x0000014de9090800 26856       4       com.android.tools.r8.internal.Ah::a (71 bytes)
Event: 6577.506 Thread 0x0000014de9090800 nmethod 26856 0x0000014dd3a7c710 code [0x0000014dd3a7c8a0, 0x0000014dd3a7c9f8]
Event: 6577.506 Thread 0x0000014de9090800 27182       4       com.android.tools.r8.graph.E::a (275 bytes)
Event: 6577.525 Thread 0x0000014de1ffc800 27263       2       com.sun.tools.javac.code.Types::setBounds (36 bytes)
Event: 6577.525 Thread 0x0000014de1ffc800 nmethod 27263 0x0000014dcea67b90 code [0x0000014dcea67d60, 0x0000014dcea67f48]

GC Heap History (20 events):
Event: 6573.148 GC heap after
{Heap after GC invocations=145 (full 0):
 garbage-first heap   total 227328K, used 125400K [0x0000000080000000, 0x0000000100000000)
  region size 1024K, 2 young (2048K), 2 survivors (2048K)
 Metaspace       used 143077K, capacity 147641K, committed 147916K, reserved 1177600K
  class space    used 17967K, capacity 19588K, committed 19660K, reserved 1048576K
}
Event: 6573.723 GC heap before
{Heap before GC invocations=146 (full 0):
 garbage-first heap   total 227328K, used 171480K [0x0000000080000000, 0x0000000100000000)
  region size 1024K, 47 young (48128K), 2 survivors (2048K)
 Metaspace       used 143109K, capacity 147644K, committed 147916K, reserved 1177600K
  class space    used 17967K, capacity 19589K, committed 19660K, reserved 1048576K
}
Event: 6573.729 GC heap after
{Heap after GC invocations=147 (full 0):
 garbage-first heap   total 227328K, used 126821K [0x0000000080000000, 0x0000000100000000)
  region size 1024K, 3 young (3072K), 3 survivors (3072K)
 Metaspace       used 143109K, capacity 147644K, committed 147916K, reserved 1177600K
  class space    used 17967K, capacity 19589K, committed 19660K, reserved 1048576K
}
Event: 6573.918 GC heap before
{Heap before GC invocations=147 (full 0):
 garbage-first heap   total 227328K, used 174949K [0x0000000080000000, 0x0000000100000000)
  region size 1024K, 50 young (51200K), 3 survivors (3072K)
 Metaspace       used 143119K, capacity 147644K, committed 147916K, reserved 1177600K
  class space    used 17967K, capacity 19589K, committed 19660K, reserved 1048576K
}
Event: 6573.926 GC heap after
{Heap after GC invocations=148 (full 0):
 garbage-first heap   total 227328K, used 128279K [0x0000000080000000, 0x0000000100000000)
  region size 1024K, 5 young (5120K), 5 survivors (5120K)
 Metaspace       used 143119K, capacity 147644K, committed 147916K, reserved 1177600K
  class space    used 17967K, capacity 19589K, committed 19660K, reserved 1048576K
}
Event: 6574.508 GC heap before
{Heap before GC invocations=149 (full 0):
 garbage-first heap   total 227328K, used 177431K [0x0000000080000000, 0x0000000100000000)
  region size 1024K, 53 young (54272K), 5 survivors (5120K)
 Metaspace       used 143141K, capacity 147645K, committed 147916K, reserved 1177600K
  class space    used 17967K, capacity 19589K, committed 19660K, reserved 1048576K
}
Event: 6574.513 GC heap after
{Heap after GC invocations=150 (full 0):
 garbage-first heap   total 227328K, used 126349K [0x0000000080000000, 0x0000000100000000)
  region size 1024K, 2 young (2048K), 2 survivors (2048K)
 Metaspace       used 143141K, capacity 147645K, committed 147916K, reserved 1177600K
  class space    used 17967K, capacity 19589K, committed 19660K, reserved 1048576K
}
Event: 6575.474 GC heap before
{Heap before GC invocations=150 (full 0):
 garbage-first heap   total 227328K, used 164237K [0x0000000080000000, 0x0000000100000000)
  region size 1024K, 41 young (41984K), 2 survivors (2048K)
 Metaspace       used 143498K, capacity 148148K, committed 148428K, reserved 1177600K
  class space    used 18002K, capacity 19621K, committed 19660K, reserved 1048576K
}
Event: 6575.480 GC heap after
{Heap after GC invocations=151 (full 0):
 garbage-first heap   total 227328K, used 124036K [0x0000000080000000, 0x0000000100000000)
  region size 1024K, 2 young (2048K), 2 survivors (2048K)
 Metaspace       used 143498K, capacity 148148K, committed 148428K, reserved 1177600K
  class space    used 18002K, capacity 19621K, committed 19660K, reserved 1048576K
}
Event: 6576.114 GC heap before
{Heap before GC invocations=152 (full 0):
 garbage-first heap   total 227328K, used 192644K [0x0000000080000000, 0x0000000100000000)
  region size 1024K, 58 young (59392K), 2 survivors (2048K)
 Metaspace       used 143516K, capacity 148148K, committed 148428K, reserved 1177600K
  class space    used 18002K, capacity 19621K, committed 19660K, reserved 1048576K
}
Event: 6576.123 GC heap after
{Heap after GC invocations=153 (full 0):
 garbage-first heap   total 227328K, used 138748K [0x0000000080000000, 0x0000000100000000)
  region size 1024K, 8 young (8192K), 8 survivors (8192K)
 Metaspace       used 143516K, capacity 148148K, committed 148428K, reserved 1177600K
  class space    used 18002K, capacity 19621K, committed 19660K, reserved 1048576K
}
Event: 6576.133 GC heap before
{Heap before GC invocations=153 (full 0):
 garbage-first heap   total 227328K, used 140796K [0x0000000080000000, 0x0000000100000000)
  region size 1024K, 11 young (11264K), 8 survivors (8192K)
 Metaspace       used 143517K, capacity 148148K, committed 148428K, reserved 1177600K
  class space    used 18002K, capacity 19621K, committed 19660K, reserved 1048576K
}
Event: 6576.155 GC heap after
{Heap after GC invocations=154 (full 0):
 garbage-first heap   total 273408K, used 139842K [0x0000000080000000, 0x0000000100000000)
  region size 1024K, 2 young (2048K), 2 survivors (2048K)
 Metaspace       used 143517K, capacity 148148K, committed 148428K, reserved 1177600K
  class space    used 18002K, capacity 19621K, committed 19660K, reserved 1048576K
}
Event: 6576.538 GC heap before
{Heap before GC invocations=154 (full 0):
 garbage-first heap   total 273408K, used 214594K [0x0000000080000000, 0x0000000100000000)
  region size 1024K, 75 young (76800K), 2 survivors (2048K)
 Metaspace       used 143743K, capacity 148428K, committed 148684K, reserved 1177600K
  class space    used 18006K, capacity 19626K, committed 19660K, reserved 1048576K
}
Event: 6576.600 GC heap after
{Heap after GC invocations=155 (full 0):
 garbage-first heap   total 273408K, used 172430K [0x0000000080000000, 0x0000000100000000)
  region size 1024K, 10 young (10240K), 10 survivors (10240K)
 Metaspace       used 143743K, capacity 148428K, committed 148684K, reserved 1177600K
  class space    used 18006K, capacity 19626K, committed 19660K, reserved 1048576K
}
Event: 6576.919 GC heap before
{Heap before GC invocations=155 (full 0):
 garbage-first heap   total 273408K, used 200078K [0x0000000080000000, 0x0000000100000000)
  region size 1024K, 36 young (36864K), 10 survivors (10240K)
 Metaspace       used 143823K, capacity 148494K, committed 148684K, reserved 1177600K
  class space    used 18006K, capacity 19626K, committed 19660K, reserved 1048576K
}
Event: 6576.951 GC heap after
{Heap after GC invocations=156 (full 0):
 garbage-first heap   total 273408K, used 181677K [0x0000000080000000, 0x0000000100000000)
  region size 1024K, 5 young (5120K), 5 survivors (5120K)
 Metaspace       used 143823K, capacity 148494K, committed 148684K, reserved 1177600K
  class space    used 18006K, capacity 19626K, committed 19660K, reserved 1048576K
}
Event: 6577.427 GC heap before
{Heap before GC invocations=157 (full 0):
 garbage-first heap   total 273408K, used 221613K [0x0000000080000000, 0x0000000100000000)
  region size 1024K, 42 young (43008K), 5 survivors (5120K)
 Metaspace       used 143841K, capacity 148559K, committed 148684K, reserved 1177600K
  class space    used 18006K, capacity 19626K, committed 19660K, reserved 1048576K
}
Event: 6577.441 GC heap after
{Heap after GC invocations=158 (full 0):
 garbage-first heap   total 273408K, used 191030K [0x0000000080000000, 0x0000000100000000)
  region size 1024K, 6 young (6144K), 6 survivors (6144K)
 Metaspace       used 143841K, capacity 148559K, committed 148684K, reserved 1177600K
  class space    used 18006K, capacity 19626K, committed 19660K, reserved 1048576K
}
Event: 6577.526 GC heap before
{Heap before GC invocations=158 (full 0):
 garbage-first heap   total 273408K, used 197174K [0x0000000080000000, 0x0000000100000000)
  region size 1024K, 13 young (13312K), 6 survivors (6144K)
 Metaspace       used 143841K, capacity 148559K, committed 148684K, reserved 1177600K
  class space    used 18006K, capacity 19626K, committed 19660K, reserved 1048576K
}

Deoptimization events (20 events):
Event: 6577.492 Thread 0x0000014deafde800 DEOPT PACKING pc=0x0000014dcd5c8748 sp=0x000000466affe870
Event: 6577.492 Thread 0x0000014deafde800 DEOPT UNPACKING pc=0x0000014dcaf576ce sp=0x000000466affdd58 mode 0
Event: 6577.495 Thread 0x0000014deafde800 DEOPT PACKING pc=0x0000014dcd5c8748 sp=0x000000466affe870
Event: 6577.495 Thread 0x0000014deafde800 DEOPT UNPACKING pc=0x0000014dcaf576ce sp=0x000000466affdd58 mode 0
Event: 6577.498 Thread 0x0000014deafde800 DEOPT PACKING pc=0x0000014dcd60dfe1 sp=0x000000466affe860
Event: 6577.498 Thread 0x0000014deafde800 DEOPT UNPACKING pc=0x0000014dcaf576ce sp=0x000000466affdd50 mode 0
Event: 6577.503 Thread 0x0000014deafde800 DEOPT PACKING pc=0x0000014dcd5c8748 sp=0x000000466affe870
Event: 6577.503 Thread 0x0000014deafde800 DEOPT UNPACKING pc=0x0000014dcaf576ce sp=0x000000466affdd58 mode 0
Event: 6577.506 Thread 0x0000014deafde800 DEOPT PACKING pc=0x0000014dcd5c8748 sp=0x000000466affe870
Event: 6577.506 Thread 0x0000014deafde800 DEOPT UNPACKING pc=0x0000014dcaf576ce sp=0x000000466affdd58 mode 0
Event: 6577.507 Thread 0x0000014deafde800 DEOPT PACKING pc=0x0000014dcd60dfe1 sp=0x000000466affe860
Event: 6577.507 Thread 0x0000014deafde800 DEOPT UNPACKING pc=0x0000014dcaf576ce sp=0x000000466affdd50 mode 0
Event: 6577.512 Thread 0x0000014deafde800 DEOPT PACKING pc=0x0000014dcd5c8748 sp=0x000000466affe870
Event: 6577.512 Thread 0x0000014deafde800 DEOPT UNPACKING pc=0x0000014dcaf576ce sp=0x000000466affdd58 mode 0
Event: 6577.519 Thread 0x0000014deafde800 DEOPT PACKING pc=0x0000014dcd60dfe1 sp=0x000000466affe860
Event: 6577.519 Thread 0x0000014deafde800 DEOPT UNPACKING pc=0x0000014dcaf576ce sp=0x000000466affdd50 mode 0
Event: 6577.520 Thread 0x0000014deafde800 DEOPT PACKING pc=0x0000014dcd5c8748 sp=0x000000466affe870
Event: 6577.520 Thread 0x0000014deafde800 DEOPT UNPACKING pc=0x0000014dcaf576ce sp=0x000000466affdd58 mode 0
Event: 6577.523 Thread 0x0000014deafde800 DEOPT PACKING pc=0x0000014dcd5c8748 sp=0x000000466affe870
Event: 6577.523 Thread 0x0000014deafde800 DEOPT UNPACKING pc=0x0000014dcaf576ce sp=0x000000466affdd58 mode 0

Classes redefined (0 events):
No events

Internal exceptions (20 events):
Event: 6568.014 Thread 0x0000014deafd8800 Exception <a 'java/lang/NoSuchMethodError'{0x0000000089b210e8}: <clinit>> (0x0000000089b210e8) thrown at [./src/hotspot/share/prims/jni.cpp, line 1362]
Event: 6569.981 Thread 0x0000014deafd7800 Exception <a 'java/lang/NoSuchMethodError'{0x000000008b40bf78}: <clinit>> (0x000000008b40bf78) thrown at [./src/hotspot/share/prims/jni.cpp, line 1362]
Event: 6569.981 Thread 0x0000014deafd7800 Exception <a 'java/lang/NoSuchMethodError'{0x000000008b40d2b0}: <clinit>> (0x000000008b40d2b0) thrown at [./src/hotspot/share/prims/jni.cpp, line 1362]
Event: 6569.981 Thread 0x0000014deafd7800 Exception <a 'java/lang/NoSuchMethodError'{0x000000008b414e68}: <clinit>> (0x000000008b414e68) thrown at [./src/hotspot/share/prims/jni.cpp, line 1362]
Event: 6569.982 Thread 0x0000014deafd7800 Exception <a 'java/lang/NoSuchMethodError'{0x000000008b461748}: <clinit>> (0x000000008b461748) thrown at [./src/hotspot/share/prims/jni.cpp, line 1362]
Event: 6569.983 Thread 0x0000014deafd7800 Exception <a 'java/lang/NoSuchMethodError'{0x000000008b462c28}: <clinit>> (0x000000008b462c28) thrown at [./src/hotspot/share/prims/jni.cpp, line 1362]
Event: 6570.028 Thread 0x0000014deafd7800 Exception <a 'java/lang/NoSuchMethodError'{0x000000008b84a0f8}: <clinit>> (0x000000008b84a0f8) thrown at [./src/hotspot/share/prims/jni.cpp, line 1362]
Event: 6570.032 Thread 0x0000014deafd7800 Exception <a 'java/lang/NoSuchMethodError'{0x000000008b7cfee0}: <clinit>> (0x000000008b7cfee0) thrown at [./src/hotspot/share/prims/jni.cpp, line 1362]
Event: 6570.034 Thread 0x0000014deafd7800 Exception <a 'java/lang/NoSuchMethodError'{0x000000008b7e2a18}: <clinit>> (0x000000008b7e2a18) thrown at [./src/hotspot/share/prims/jni.cpp, line 1362]
Event: 6570.043 Thread 0x0000014deafe3000 Exception <a 'java/lang/IncompatibleClassChangeError'{0x000000008b7c0f38}: Found class java.lang.Object, but interface was expected> (0x000000008b7c0f38) thrown at [./src/hotspot/share/interpreter/linkResolver.cpp, line 839]
Event: 6570.227 Thread 0x0000014deafe3000 Exception <a 'java/lang/NoSuchMethodError'{0x000000008ab6cad8}: 'int java.lang.invoke.DirectMethodHandle$Holder.invokeSpecial(java.lang.Object, java.lang.Object, java.lang.Object, java.lang.Object, java.lang.Object, java.lang.Object, java.lang.Object, java.lang.Object, java.lang.Object)'> (0x000000008ab6cad8) thrown at [./src/hotspot/share/interpreter/linkResolver.cpp, line 773]
Event: 6570.229 Thread 0x0000014deafe3000 Exception <a 'java/lang/NoSuchMethodError'{0x000000008ab76228}: 'java.lang.Object java.lang.invoke.Invokers$Holder.linkToTargetMethod(java.lang.Object, java.lang.Object, java.lang.Object, java.lang.Object, java.lang.Object, java.lang.Object, java.lang.Object, java.lang.Object)'> (0x000000008ab76228) thrown at [./src/hotspot/share/interpreter/linkResolver.cpp, line 773]
Event: 6572.945 Thread 0x0000014deafe3000 Implicit null exception at 0x0000014dd320aca8 to 0x0000014dd3210b3c
Event: 6574.770 Thread 0x0000014deafe3000 Exception <a 'java/lang/IncompatibleClassChangeError'{0x000000008cad8eb8}: Found class java.lang.Object, but interface was expected> (0x000000008cad8eb8) thrown at [./src/hotspot/share/interpreter/linkResolver.cpp, line 839]
Event: 6575.849 Thread 0x0000014de87b2000 Exception <a 'sun/nio/fs/WindowsException'{0x000000008ca82000}> (0x000000008ca82000) thrown at [./src/hotspot/share/prims/jni.cpp, line 615]
Event: 6575.849 Thread 0x0000014de87b2000 Exception <a 'sun/nio/fs/WindowsException'{0x000000008ca820a0}> (0x000000008ca820a0) thrown at [./src/hotspot/share/prims/jni.cpp, line 615]
Event: 6575.849 Thread 0x0000014de87b2000 Exception <a 'sun/nio/fs/WindowsException'{0x000000008ca82188}> (0x000000008ca82188) thrown at [./src/hotspot/share/prims/jni.cpp, line 615]
Event: 6576.085 Thread 0x0000014de87ad800 Exception <a 'sun/nio/fs/WindowsException'{0x000000008aad9820}> (0x000000008aad9820) thrown at [./src/hotspot/share/prims/jni.cpp, line 615]
Event: 6576.892 Thread 0x0000014deafd7800 Exception <a 'sun/nio/fs/WindowsException'{0x000000008f377db0}> (0x000000008f377db0) thrown at [./src/hotspot/share/prims/jni.cpp, line 615]
Event: 6576.892 Thread 0x0000014deafd7800 Exception <a 'sun/nio/fs/WindowsException'{0x000000008f377e88}> (0x000000008f377e88) thrown at [./src/hotspot/share/prims/jni.cpp, line 615]

Events (20 events):
Event: 6577.019 Executing VM operation: CGC_Operation
Event: 6577.020 Executing VM operation: CGC_Operation done
Event: 6577.427 Executing VM operation: G1CollectForAllocation
Event: 6577.441 Executing VM operation: G1CollectForAllocation done
Event: 6577.442 Executing VM operation: RevokeBias
Event: 6577.442 Executing coalesced safepoint VM operation: RevokeBias
Event: 6577.443 Executing coalesced safepoint VM operation: RevokeBias done
Event: 6577.443 Executing VM operation: RevokeBias done
Event: 6577.443 Executing VM operation: RevokeBias
Event: 6577.444 Executing coalesced safepoint VM operation: RevokeBias
Event: 6577.444 Executing coalesced safepoint VM operation: RevokeBias done
Event: 6577.444 Executing VM operation: RevokeBias done
Event: 6577.444 Executing VM operation: RevokeBias
Event: 6577.444 Thread 0x0000014de87b9000 Thread exited: 0x0000014de87b9000
Event: 6577.445 Executing VM operation: RevokeBias done
Event: 6577.445 Thread 0x0000014de87ae800 Thread exited: 0x0000014de87ae800
Event: 6577.445 Thread 0x0000014deafe3000 Thread exited: 0x0000014deafe3000
Event: 6577.445 Thread 0x0000014de87b2800 Thread exited: 0x0000014de87b2800
Event: 6577.445 Thread 0x0000014de87b5000 Thread exited: 0x0000014de87b5000
Event: 6577.526 Executing VM operation: G1CollectForAllocation


Dynamic libraries:
0x00007ff71b830000 - 0x00007ff71b83a000 	D:\Android Studio\jre\bin\java.exe
0x00007ffdab730000 - 0x00007ffdab925000 	C:\WINDOWS\SYSTEM32\ntdll.dll
0x00007ffda9ef0000 - 0x00007ffda9fae000 	C:\WINDOWS\System32\KERNEL32.DLL
0x00007ffda93b0000 - 0x00007ffda9678000 	C:\WINDOWS\System32\KERNELBASE.dll
0x00007ffda9150000 - 0x00007ffda9250000 	C:\WINDOWS\System32\ucrtbase.dll
0x00007ffd8a370000 - 0x00007ffd8a389000 	D:\Android Studio\jre\bin\jli.dll
0x00007ffdaae00000 - 0x00007ffdaafa0000 	C:\WINDOWS\System32\USER32.dll
0x00007ffda8fc0000 - 0x00007ffda8fe2000 	C:\WINDOWS\System32\win32u.dll
0x00007ffd96020000 - 0x00007ffd962ba000 	C:\WINDOWS\WinSxS\amd64_microsoft.windows.common-controls_6595b64144ccf1df_6.0.19041.1110_none_60b5254171f9507e\COMCTL32.dll
0x00007ffda9ad0000 - 0x00007ffda9afb000 	C:\WINDOWS\System32\GDI32.dll
0x00007ffda9040000 - 0x00007ffda914d000 	C:\WINDOWS\System32\gdi32full.dll
0x00007ffdaa590000 - 0x00007ffdaa62e000 	C:\WINDOWS\System32\msvcrt.dll
0x00007ffda8e40000 - 0x00007ffda8edd000 	C:\WINDOWS\System32\msvcp_win.dll
0x00007ffd86f60000 - 0x00007ffd86f77000 	D:\Android Studio\jre\bin\VCRUNTIME140.dll
0x00007ffda9bc0000 - 0x00007ffda9bf0000 	C:\WINDOWS\System32\IMM32.DLL
0x00007ffd72320000 - 0x00007ffd723bd000 	D:\Android Studio\jre\bin\msvcp140.dll
0x00007ffd692c0000 - 0x00007ffd69d8f000 	D:\Android Studio\jre\bin\server\jvm.dll
0x00007ffdaa430000 - 0x00007ffdaa4de000 	C:\WINDOWS\System32\ADVAPI32.dll
0x00007ffdaa4e0000 - 0x00007ffdaa57c000 	C:\WINDOWS\System32\sechost.dll
0x00007ffdaab20000 - 0x00007ffdaac45000 	C:\WINDOWS\System32\RPCRT4.dll
0x00007ffdaab10000 - 0x00007ffdaab18000 	C:\WINDOWS\System32\PSAPI.DLL
0x00007ffd90560000 - 0x00007ffd90569000 	C:\WINDOWS\SYSTEM32\WSOCK32.dll
0x00007ffd982c0000 - 0x00007ffd982e7000 	C:\WINDOWS\SYSTEM32\WINMM.dll
0x00007ffda12c0000 - 0x00007ffda12ca000 	C:\WINDOWS\SYSTEM32\VERSION.dll
0x00007ffdaa990000 - 0x00007ffdaa9fb000 	C:\WINDOWS\System32\WS2_32.dll
0x00007ffda7710000 - 0x00007ffda7722000 	C:\WINDOWS\SYSTEM32\kernel.appcore.dll
0x00007ffda1370000 - 0x00007ffda1381000 	D:\Android Studio\jre\bin\verify.dll
0x00007ffda6c20000 - 0x00007ffda6e04000 	C:\WINDOWS\SYSTEM32\DBGHELP.DLL
0x00007ffd8e6f0000 - 0x00007ffd8e71c000 	C:\WINDOWS\SYSTEM32\dbgcore.DLL
0x00007ffda96f0000 - 0x00007ffda9772000 	C:\WINDOWS\System32\bcryptPrimitives.dll
0x00007ffda0660000 - 0x00007ffda0689000 	D:\Android Studio\jre\bin\java.dll
0x00007ffda2b70000 - 0x00007ffda2b7b000 	D:\Android Studio\jre\bin\jimage.dll
0x00007ffda0600000 - 0x00007ffda0618000 	D:\Android Studio\jre\bin\zip.dll
0x00007ffdaafa0000 - 0x00007ffdab6e4000 	C:\WINDOWS\System32\SHELL32.dll
0x00007ffda6e10000 - 0x00007ffda75a4000 	C:\WINDOWS\SYSTEM32\windows.storage.dll
0x00007ffdaa630000 - 0x00007ffdaa985000 	C:\WINDOWS\System32\combase.dll
0x00007ffda8890000 - 0x00007ffda88be000 	C:\WINDOWS\SYSTEM32\Wldp.dll
0x00007ffda9780000 - 0x00007ffda982d000 	C:\WINDOWS\System32\SHCORE.dll
0x00007ffda9b60000 - 0x00007ffda9bb5000 	C:\WINDOWS\System32\shlwapi.dll
0x00007ffda8d80000 - 0x00007ffda8d9f000 	C:\WINDOWS\SYSTEM32\profapi.dll
0x00007ffda0340000 - 0x00007ffda035a000 	D:\Android Studio\jre\bin\net.dll
0x00007ffd9b700000 - 0x00007ffd9b80c000 	C:\WINDOWS\SYSTEM32\WINHTTP.dll
0x00007ffda85f0000 - 0x00007ffda865a000 	C:\WINDOWS\system32\mswsock.dll
0x00007ffd9d350000 - 0x00007ffd9d364000 	D:\Android Studio\jre\bin\nio.dll
0x00007ffd8afa0000 - 0x00007ffd8afc7000 	C:\Users\15031\.gradle\native\8bec1ad78214c89d9ad589b4d07fe93259594b29d510b10fafb7a158f7737e5d\windows-amd64\native-platform.dll
0x00007ffd5feb0000 - 0x00007ffd5ffed000 	C:\Users\15031\.gradle\native\53dbd7edfb1c66fb8903c78663c9afc45aea4f116125fa6feffd364cf09443e8\windows-amd64\native-platform-file-events.dll
0x00007ffda2b50000 - 0x00007ffda2b5a000 	D:\Android Studio\jre\bin\management.dll
0x00007ffda1f10000 - 0x00007ffda1f1c000 	D:\Android Studio\jre\bin\management_ext.dll
0x00007ffda87e0000 - 0x00007ffda87f8000 	C:\WINDOWS\SYSTEM32\CRYPTSP.dll
0x00007ffda7ea0000 - 0x00007ffda7ed4000 	C:\WINDOWS\system32\rsaenh.dll
0x00007ffda8f90000 - 0x00007ffda8fb7000 	C:\WINDOWS\System32\bcrypt.dll
0x00007ffda8d40000 - 0x00007ffda8d6e000 	C:\WINDOWS\SYSTEM32\USERENV.dll
0x00007ffda8800000 - 0x00007ffda880c000 	C:\WINDOWS\SYSTEM32\CRYPTBASE.dll
0x00007ffda8290000 - 0x00007ffda82cb000 	C:\WINDOWS\SYSTEM32\IPHLPAPI.DLL
0x00007ffda9830000 - 0x00007ffda9838000 	C:\WINDOWS\System32\NSI.dll
0x00007ffd9f6c0000 - 0x00007ffd9f6d7000 	C:\WINDOWS\SYSTEM32\dhcpcsvc6.DLL
0x00007ffd9f6a0000 - 0x00007ffd9f6bd000 	C:\WINDOWS\SYSTEM32\dhcpcsvc.DLL
0x00007ffda82e0000 - 0x00007ffda83ab000 	C:\WINDOWS\SYSTEM32\DNSAPI.dll
0x00007ffd969f0000 - 0x00007ffd96a17000 	D:\Android Studio\jre\bin\sunec.dll
0x00007ffd9b960000 - 0x00007ffd9b96a000 	C:\Windows\System32\rasadhlp.dll
0x00007ffd97c50000 - 0x00007ffd97ccf000 	C:\WINDOWS\System32\fwpuclnt.dll

dbghelp: loaded successfully - version: 4.0.5 - missing functions: none
symbol engine: initialized successfully - sym options: 0x614 - pdb path: .;D:\Android Studio\jre\bin;C:\WINDOWS\SYSTEM32;C:\WINDOWS\WinSxS\amd64_microsoft.windows.common-controls_6595b64144ccf1df_6.0.19041.1110_none_60b5254171f9507e;D:\Android Studio\jre\bin\server;C:\Users\15031\.gradle\native\8bec1ad78214c89d9ad589b4d07fe93259594b29d510b10fafb7a158f7737e5d\windows-amd64;C:\Users\15031\.gradle\native\53dbd7edfb1c66fb8903c78663c9afc45aea4f116125fa6feffd364cf09443e8\windows-amd64

VM Arguments:
jvm_args: --add-opens=java.base/java.util=ALL-UNNAMED --add-opens=java.base/java.lang=ALL-UNNAMED --add-opens=java.base/java.lang.invoke=ALL-UNNAMED --add-opens=java.base/java.util=ALL-UNNAMED --add-opens=java.prefs/java.util.prefs=ALL-UNNAMED --add-opens=java.prefs/java.util.prefs=ALL-UNNAMED --add-opens=java.base/java.nio.charset=ALL-UNNAMED --add-opens=java.base/java.net=ALL-UNNAMED --add-opens=java.base/java.util.concurrent.atomic=ALL-UNNAMED -Xmx2048m -Dfile.encoding=UTF-8 -Duser.country=CN -Duser.language=zh -Duser.variant 
java_command: org.gradle.launcher.daemon.bootstrap.GradleDaemon 7.0.2
java_class_path (initial): C:\Users\15031\.gradle\wrapper\dists\gradle-7.0.2-bin\857tjihv64xamwrf0h14cai3r\gradle-7.0.2\lib\gradle-launcher-7.0.2.jar
Launcher Type: SUN_STANDARD

[Global flags]
     intx CICompilerCount                          = 4                                         {product} {ergonomic}
     uint ConcGCThreads                            = 2                                         {product} {ergonomic}
     uint G1ConcRefinementThreads                  = 8                                         {product} {ergonomic}
   size_t G1HeapRegionSize                         = 1048576                                   {product} {ergonomic}
    uintx GCDrainStackTargetSize                   = 64                                        {product} {ergonomic}
   size_t InitialHeapSize                          = 134217728                                 {product} {ergonomic}
   size_t MarkStackSize                            = 4194304                                   {product} {ergonomic}
   size_t MaxHeapSize                              = 2147483648                                {product} {command line}
   size_t MaxNewSize                               = 1287651328                                {product} {ergonomic}
   size_t MinHeapDeltaBytes                        = 1048576                                   {product} {ergonomic}
    uintx NonNMethodCodeHeapSize                   = 5836300                                {pd product} {ergonomic}
    uintx NonProfiledCodeHeapSize                  = 122910970                              {pd product} {ergonomic}
    uintx ProfiledCodeHeapSize                     = 122910970                              {pd product} {ergonomic}
    uintx ReservedCodeCacheSize                    = 251658240                              {pd product} {ergonomic}
     bool SegmentedCodeCache                       = true                                      {product} {ergonomic}
     bool UseCompressedClassPointers               = true                                 {lp64_product} {ergonomic}
     bool UseCompressedOops                        = true                                 {lp64_product} {ergonomic}
     bool UseG1GC                                  = true                                      {product} {ergonomic}
     bool UseLargePagesIndividualAllocation        = false                                  {pd product} {ergonomic}

Logging:
Log output configuration:
 #0: stdout all=warning uptime,level,tags
 #1: stderr all=off uptime,level,tags

Environment Variables:
PATH=C:\WINDOWS\system32;C:\WINDOWS;C:\WINDOWS\System32\Wbem;C:\WINDOWS\System32\WindowsPowerShell\v1.0\;C:\WINDOWS\System32\OpenSSH\;D:\matlab\runtime\win64;D:\matlab\bin;C:\Program Files\Microsoft SQL Server\130\Tools\Binn\;D:\vscode\Microsoft VS Code\bin;C:\Program Files\nodejs\;D:\wechat\微信web开发者工具\dll;D:\python\Scripts\;D:\python\;C:\Users\15031\AppData\Local\Microsoft\WindowsApps;;D:\pycharm\PyCharm 2021.1\bin;;D:\pycharm\PyCharm Community Edition 2021.1.1\bin;;C:\Users\15031\AppData\Roaming\npm
USERNAME=15031
OS=Windows_NT
PROCESSOR_IDENTIFIER=Intel64 Family 6 Model 142 Stepping 10, GenuineIntel



---------------  S Y S T E M  ---------------

OS: Windows 10 , 64 bit Build 19041 (10.0.19041.1503)
OS uptime: 2 days 4:54 hours

CPU:total 8 (initial active 8) (4 cores per cpu, 2 threads per core) family 6 model 142 stepping 10 microcode 0xb4, cmov, cx8, fxsr, mmx, sse, sse2, sse3, ssse3, sse4.1, sse4.2, popcnt, avx, avx2, aes, clmul, erms, 3dnowpref, lzcnt, ht, tsc, tscinvbit, bmi1, bmi2, adx, fma

Memory: 4k page, system-wide physical 8075M (376M free)
TotalPageFile size 14219M (AvailPageFile size 16M)
current process WorkingSet (physical memory assigned to process): 506M, peak: 513M
current process commit charge ("private bytes"): 707M, peak: 902M

vm_info: OpenJDK 64-Bit Server VM (11.0.10+0-b96-7249189) for windows-amd64 JRE (11.0.10+0-b96-7249189), built on Mar 31 2021 21:44:00 by "builder" with MS VC++ 14.0 (VS2015)

END.
