#
# There is insufficient memory for the Java Runtime Environment to continue.
# Native memory allocation (mmap) failed to map 181403648 bytes for Failed to commit area from 0x000000008f000000 to 0x0000000099d00000 of length 181403648.
# Possible reasons:
#   The system is out of physical RAM or swap space
#   The process is running with CompressedOops enabled, and the Java Heap may be blocking the growth of the native heap
# Possible solutions:
#   Reduce memory load on the system
#   Increase physical memory or swap space
#   Check if swap backing store is full
#   Decrease Java heap size (-Xmx/-Xms)
#   Decrease number of Java threads
#   Decrease Java thread stack sizes (-Xss)
#   Set larger code cache with -XX:ReservedCodeCacheSize=
#   JVM is running with Unscaled Compressed Oops mode in which the Java heap is
#     placed in the first 4GB address space. The Java Heap base address is the
#     maximum limit for the native heap growth. Please use -XX:HeapBaseMinAddress
#     to set the Java Heap base and to place the Java Heap above 4GB virtual address.
# This output file may be truncated or incomplete.
#
#  Out of Memory Error (./src/hotspot/os/windows/os_windows.cpp:3301), pid=12468, tid=7524
#
# JRE version: OpenJDK Runtime Environment (11.0.10) (build 11.0.10+0-b96-7249189)
# Java VM: OpenJDK 64-Bit Server VM (11.0.10+0-b96-7249189, mixed mode, tiered, compressed oops, g1 gc, windows-amd64)
# No core dump will be written. Minidumps are not enabled by default on client versions of Windows
#

---------------  S U M M A R Y ------------

Command Line: --add-opens=java.base/java.util=ALL-UNNAMED --add-opens=java.base/java.lang=ALL-UNNAMED --add-opens=java.base/java.lang.invoke=ALL-UNNAMED --add-opens=java.base/java.util=ALL-UNNAMED --add-opens=java.prefs/java.util.prefs=ALL-UNNAMED --add-opens=java.prefs/java.util.prefs=ALL-UNNAMED --add-opens=java.base/java.nio.charset=ALL-UNNAMED --add-opens=java.base/java.net=ALL-UNNAMED --add-opens=java.base/java.util.concurrent.atomic=ALL-UNNAMED -Xmx2048m -Dfile.encoding=UTF-8 -Duser.country=CN -Duser.language=zh -Duser.variant org.gradle.launcher.daemon.bootstrap.GradleDaemon 7.0.2

Host: Intel(R) Core(TM) i5-8250U CPU @ 1.60GHz, 8 cores, 7G,  Windows 10 , 64 bit Build 19041 (10.0.19041.1503)
Time: Wed Feb 23 15:44:07 2022 中国标准时间 elapsed time: 33.446843 seconds (0d 0h 0m 33s)

---------------  T H R E A D  ---------------

Current thread (0x000001c97febc000):  VMThread "VM Thread" [stack: 0x0000006a3f800000,0x0000006a3f900000] [id=7524]

Stack: [0x0000006a3f800000,0x0000006a3f900000]
[error occurred during error reporting (printing stack bounds), id 0xc0000005, EXCEPTION_ACCESS_VIOLATION (0xc0000005) at pc=0x000001c96d550f2d]

Native frames: (J=compiled Java code, j=interpreted, Vv=VM code, C=native code)
V  [jvm.dll+0x5ecfaa]
V  [jvm.dll+0x722bd5]
V  [jvm.dll+0x72412d]
V  [jvm.dll+0x724745]
V  [jvm.dll+0x7246fb]
V  [jvm.dll+0x5ec348]
V  [jvm.dll+0x5ecad8]
C  [ntdll.dll+0xa20cf]
C  [ntdll.dll+0x51454]
C  [ntdll.dll+0xa0bfe]
C  0x000001c96d550f2d

VM_Operation (0x0000006a451fc9a0): G1CollectForAllocation, mode: safepoint, requested by thread 0x000001c908069000


---------------  P R O C E S S  ---------------

Threads class SMR info:
_java_thread_list=0x000001c90a496a10, length=81, elements={
0x000001c969a5d000, 0x000001c97febe000, 0x000001c97fec9800, 0x000001c97fedb000,
0x000001c97fedf000, 0x000001c97fee0000, 0x000001c97feeb000, 0x000001c97fef1800,
0x000001c97fef4800, 0x000001c9049e0000, 0x000001c906208800, 0x000001c906d8c800,
0x000001c904b82800, 0x000001c907d9b800, 0x000001c9074ab000, 0x000001c907760000,
0x000001c905b1b000, 0x000001c907983800, 0x000001c907984000, 0x000001c906fb8800,
0x000001c906fb9800, 0x000001c906fbb000, 0x000001c906fba800, 0x000001c906fbc000,
0x000001c906fb8000, 0x000001c906fb6000, 0x000001c906fb7000, 0x000001c906fbd000,
0x000001c90a019000, 0x000001c90a01b800, 0x000001c90a01c800, 0x000001c90a018800,
0x000001c90a01a000, 0x000001c90a016800, 0x000001c90a022000, 0x000001c90a01d000,
0x000001c90a023800, 0x000001c90a01e000, 0x000001c90a024800, 0x000001c90a01f000,
0x000001c90a021000, 0x000001c90a023000, 0x000001c90a025800, 0x000001c90a01f800,
0x000001c90a020800, 0x000001c90b4ce000, 0x000001c90b4cf000, 0x000001c90b4cd000,
0x000001c90b4c9000, 0x000001c90b4cb800, 0x000001c90b4d0800, 0x000001c90b4cb000,
0x000001c90b4d1800, 0x000001c90b4d2000, 0x000001c90b4cc800, 0x000001c90b4d4800,
0x000001c90b4d5800, 0x000001c90b4d6000, 0x000001c90b4d3000, 0x000001c90b650800,
0x000001c909c50000, 0x000001c90b4d4000, 0x000001c90805d800, 0x000001c908061000,
0x000001c90805b000, 0x000001c908063800, 0x000001c908062000, 0x000001c908060000,
0x000001c90805f800, 0x000001c90805e800, 0x000001c90805c000, 0x000001c908062800,
0x000001c90805d000, 0x000001c908066800, 0x000001c908066000, 0x000001c908067800,
0x000001c90806a000, 0x000001c908068800, 0x000001c908064000, 0x000001c908069000,
0x000001c908065000
}

Java Threads: ( => current thread )
  0x000001c969a5d000 JavaThread "main" [_thread_blocked, id=10320, stack(0x0000006a3f200000,0x0000006a3f300000)]
  0x000001c97febe000 JavaThread "Reference Handler" daemon [_thread_blocked, id=2996, stack(0x0000006a3f900000,0x0000006a3fa00000)]
  0x000001c97fec9800 JavaThread "Finalizer" daemon [_thread_blocked, id=9636, stack(0x0000006a3fa00000,0x0000006a3fb00000)]
  0x000001c97fedb000 JavaThread "Signal Dispatcher" daemon [_thread_blocked, id=12012, stack(0x0000006a3fb00000,0x0000006a3fc00000)]
  0x000001c97fedf000 JavaThread "Attach Listener" daemon [_thread_blocked, id=9928, stack(0x0000006a3fc00000,0x0000006a3fd00000)]
  0x000001c97fee0000 JavaThread "Service Thread" daemon [_thread_blocked, id=508, stack(0x0000006a3fd00000,0x0000006a3fe00000)]
  0x000001c97feeb000 JavaThread "C2 CompilerThread0" daemon [_thread_in_native, id=9704, stack(0x0000006a3fe00000,0x0000006a3ff00000)]
  0x000001c97fef1800 JavaThread "C1 CompilerThread0" daemon [_thread_blocked, id=820, stack(0x0000006a3ff00000,0x0000006a40000000)]
  0x000001c97fef4800 JavaThread "Sweeper thread" daemon [_thread_blocked, id=10836, stack(0x0000006a40000000,0x0000006a40100000)]
  0x000001c9049e0000 JavaThread "Common-Cleaner" daemon [_thread_blocked, id=10596, stack(0x0000006a40100000,0x0000006a40200000)]
  0x000001c906208800 JavaThread "Daemon health stats" [_thread_blocked, id=10724, stack(0x0000006a40700000,0x0000006a40800000)]
  0x000001c906d8c800 JavaThread "Incoming local TCP Connector on port 56910" [_thread_in_native, id=1264, stack(0x0000006a40300000,0x0000006a40400000)]
  0x000001c904b82800 JavaThread "Daemon periodic checks" [_thread_blocked, id=9796, stack(0x0000006a40600000,0x0000006a40700000)]
  0x000001c907d9b800 JavaThread "Daemon" [_thread_blocked, id=9432, stack(0x0000006a40800000,0x0000006a40900000)]
  0x000001c9074ab000 JavaThread "Handler for socket connection from /127.0.0.1:56910 to /127.0.0.1:56912" [_thread_in_native, id=2012, stack(0x0000006a40900000,0x0000006a40a00000)]
  0x000001c907760000 JavaThread "Cancel handler" [_thread_blocked, id=4208, stack(0x0000006a40a00000,0x0000006a40b00000)]
  0x000001c905b1b000 JavaThread "Daemon worker" [_thread_blocked, id=5204, stack(0x0000006a40b00000,0x0000006a40c00000)]
  0x000001c907983800 JavaThread "Asynchronous log dispatcher for DefaultDaemonConnection: socket connection from /127.0.0.1:56910 to /127.0.0.1:56912" [_thread_blocked, id=8632, stack(0x0000006a40c00000,0x0000006a40d00000)]
  0x000001c907984000 JavaThread "Stdin handler" [_thread_blocked, id=12188, stack(0x0000006a40d00000,0x0000006a40e00000)]
  0x000001c906fb8800 JavaThread "Daemon client event forwarder" [_thread_blocked, id=13296, stack(0x0000006a40e00000,0x0000006a40f00000)]
  0x000001c906fb9800 JavaThread "Cache worker for file hash cache (C:\Users\15031\.gradle\caches\7.0.2\fileHashes)" [_thread_blocked, id=13144, stack(0x0000006a41400000,0x0000006a41500000)]
  0x000001c906fbb000 JavaThread "File lock request listener" [_thread_in_native, id=284, stack(0x0000006a41500000,0x0000006a41600000)]
  0x000001c906fba800 JavaThread "Cache worker for journal cache (C:\Users\15031\.gradle\caches\journal-1)" [_thread_blocked, id=11196, stack(0x0000006a41700000,0x0000006a41800000)]
  0x000001c906fbc000 JavaThread "Cache worker for file hash cache (D:\SmartApp\.gradle\7.0.2\fileHashes)" [_thread_blocked, id=9992, stack(0x0000006a41900000,0x0000006a41a00000)]
  0x000001c906fb8000 JavaThread "File watcher server" daemon [_thread_blocked, id=3188, stack(0x0000006a41a00000,0x0000006a41b00000)]
  0x000001c906fb6000 JavaThread "File watcher consumer" daemon [_thread_blocked, id=10932, stack(0x0000006a41b00000,0x0000006a41c00000)]
  0x000001c906fb7000 JavaThread "Cache worker for checksums cache (D:\SmartApp\.gradle\checksums)" [_thread_blocked, id=4144, stack(0x0000006a41c00000,0x0000006a41d00000)]
  0x000001c906fbd000 JavaThread "Cache worker for cache directory md-supplier (C:\Users\15031\.gradle\caches\7.0.2\md-supplier)" [_thread_blocked, id=1936, stack(0x0000006a41d00000,0x0000006a41e00000)]
  0x000001c90a019000 JavaThread "Cache worker for cache directory md-rule (C:\Users\15031\.gradle\caches\7.0.2\md-rule)" [_thread_blocked, id=12164, stack(0x0000006a41e00000,0x0000006a41f00000)]
  0x000001c90a01b800 JavaThread "Cache worker for execution history cache (C:\Users\15031\.gradle\caches\7.0.2\executionHistory)" [_thread_blocked, id=7196, stack(0x0000006a42000000,0x0000006a42100000)]
  0x000001c90a01c800 JavaThread "jar transforms" [_thread_blocked, id=10208, stack(0x0000006a42100000,0x0000006a42200000)]
  0x000001c90a018800 JavaThread "jar transforms Thread 2" [_thread_blocked, id=9048, stack(0x0000006a42200000,0x0000006a42300000)]
  0x000001c90a01a000 JavaThread "Cache worker for file content cache (C:\Users\15031\.gradle\caches\7.0.2\fileContent)" [_thread_blocked, id=544, stack(0x0000006a42300000,0x0000006a42400000)]
  0x000001c90a016800 JavaThread "Cache worker for dependencies-accessors (D:\SmartApp\.gradle\7.0.2\dependencies-accessors)" [_thread_blocked, id=11928, stack(0x0000006a42400000,0x0000006a42500000)]
  0x000001c90a022000 JavaThread "jar transforms Thread 3" [_thread_blocked, id=5196, stack(0x0000006a41f00000,0x0000006a42000000)]
  0x000001c90a01d000 JavaThread "Cache worker for Build Output Cleanup Cache (D:\SmartApp\.gradle\buildOutputCleanup)" [_thread_blocked, id=12712, stack(0x0000006a42600000,0x0000006a42700000)]
  0x000001c90a023800 JavaThread "Build operations" [_thread_blocked, id=940, stack(0x0000006a42700000,0x0000006a42800000)]
  0x000001c90a01e000 JavaThread "Build operations Thread 2" [_thread_blocked, id=9028, stack(0x0000006a42800000,0x0000006a42900000)]
  0x000001c90a024800 JavaThread "Build operations Thread 3" [_thread_blocked, id=2116, stack(0x0000006a42900000,0x0000006a42a00000)]
  0x000001c90a01f000 JavaThread "Build operations Thread 4" [_thread_blocked, id=1900, stack(0x0000006a42a00000,0x0000006a42b00000)]
  0x000001c90a021000 JavaThread "Build operations Thread 5" [_thread_blocked, id=8504, stack(0x0000006a42b00000,0x0000006a42c00000)]
  0x000001c90a023000 JavaThread "Build operations Thread 6" [_thread_blocked, id=7492, stack(0x0000006a42c00000,0x0000006a42d00000)]
  0x000001c90a025800 JavaThread "Build operations Thread 7" [_thread_blocked, id=12776, stack(0x0000006a42d00000,0x0000006a42e00000)]
  0x000001c90a01f800 JavaThread "Build operations Thread 8" [_thread_blocked, id=1276, stack(0x0000006a42e00000,0x0000006a42f00000)]
  0x000001c90a020800 JavaThread "jar transforms Thread 4" [_thread_blocked, id=7376, stack(0x0000006a42f00000,0x0000006a43000000)]
  0x000001c90b4ce000 JavaThread "jar transforms Thread 5" [_thread_blocked, id=12568, stack(0x0000006a43000000,0x0000006a43100000)]
  0x000001c90b4cf000 JavaThread "jar transforms Thread 6" [_thread_blocked, id=2648, stack(0x0000006a43100000,0x0000006a43200000)]
  0x000001c90b4cd000 JavaThread "jar transforms Thread 7" [_thread_blocked, id=9696, stack(0x0000006a43200000,0x0000006a43300000)]
  0x000001c90b4c9000 JavaThread "jar transforms Thread 8" [_thread_blocked, id=4856, stack(0x0000006a43300000,0x0000006a43400000)]
  0x000001c90b4cb800 JavaThread "Memory manager" [_thread_blocked, id=4436, stack(0x0000006a43400000,0x0000006a43500000)]
  0x000001c90b4d0800 JavaThread "build event listener" [_thread_blocked, id=10884, stack(0x0000006a43500000,0x0000006a43600000)]
  0x000001c90b4cb000 JavaThread "Execution worker for ':'" [_thread_blocked, id=13012, stack(0x0000006a43600000,0x0000006a43700000)]
  0x000001c90b4d1800 JavaThread "Execution worker for ':' Thread 2" [_thread_blocked, id=6604, stack(0x0000006a43700000,0x0000006a43800000)]
  0x000001c90b4d2000 JavaThread "Execution worker for ':' Thread 3" [_thread_blocked, id=1416, stack(0x0000006a43800000,0x0000006a43900000)]
  0x000001c90b4cc800 JavaThread "Execution worker for ':' Thread 4" [_thread_blocked, id=6632, stack(0x0000006a43900000,0x0000006a43a00000)]
  0x000001c90b4d4800 JavaThread "Execution worker for ':' Thread 5" [_thread_blocked, id=2124, stack(0x0000006a43a00000,0x0000006a43b00000)]
  0x000001c90b4d5800 JavaThread "Execution worker for ':' Thread 6" [_thread_blocked, id=12152, stack(0x0000006a43b00000,0x0000006a43c00000)]
  0x000001c90b4d6000 JavaThread "Execution worker for ':' Thread 7" [_thread_blocked, id=288, stack(0x0000006a43c00000,0x0000006a43d00000)]
  0x000001c90b4d3000 JavaThread "Cache worker for execution history cache (D:\SmartApp\.gradle\7.0.2\executionHistory)" [_thread_blocked, id=10000, stack(0x0000006a43d00000,0x0000006a43e00000)]
  0x000001c90b650800 JavaThread "C2 CompilerThread1" daemon [_thread_in_native, id=2956, stack(0x0000006a41800000,0x0000006a41900000)]
  0x000001c909c50000 JavaThread "C2 CompilerThread2" daemon [_thread_blocked, id=10684, stack(0x0000006a42500000,0x0000006a42600000)]
  0x000001c90b4d4000 JavaThread "WorkerExecutor Queue" [_thread_blocked, id=7044, stack(0x0000006a43e00000,0x0000006a43f00000)]
  0x000001c90805d800 JavaThread "WorkerExecutor Queue Thread 4" [_thread_blocked, id=5780, stack(0x0000006a44100000,0x0000006a44200000)]
  0x000001c908061000 JavaThread "pool-3-thread-1" [_thread_blocked, id=2400, stack(0x0000006a44700000,0x0000006a44800000)]
  0x000001c90805b000 JavaThread "stderr" [_thread_in_native, id=11564, stack(0x0000006a44800000,0x0000006a44900000)]
  0x000001c908063800 JavaThread "stdout" [_thread_in_native, id=88, stack(0x0000006a44900000,0x0000006a44a00000)]
  0x000001c908062000 JavaThread "WorkerExecutor Queue Thread 10" [_thread_blocked, id=7340, stack(0x0000006a43f00000,0x0000006a44000000)]
  0x000001c908060000 JavaThread "WorkerExecutor Queue Thread 11" [_thread_blocked, id=10700, stack(0x0000006a44000000,0x0000006a44100000)]
  0x000001c90805f800 JavaThread "ForkJoinPool-1-worker-3" daemon [_thread_blocked, id=8816, stack(0x0000006a44200000,0x0000006a44300000)]
  0x000001c90805e800 JavaThread "ForkJoinPool-1-worker-5" daemon [_thread_blocked, id=9292, stack(0x0000006a44300000,0x0000006a44400000)]
  0x000001c90805c000 JavaThread "ForkJoinPool-1-worker-7" daemon [_thread_blocked, id=3544, stack(0x0000006a44400000,0x0000006a44500000)]
  0x000001c908062800 JavaThread "ForkJoinPool-1-worker-9" daemon [_thread_blocked, id=11612, stack(0x0000006a44500000,0x0000006a44600000)]
  0x000001c90805d000 JavaThread "ForkJoinPool-1-worker-11" daemon [_thread_blocked, id=11332, stack(0x0000006a44600000,0x0000006a44700000)]
  0x000001c908066800 JavaThread "ForkJoinPool-1-worker-13" daemon [_thread_blocked, id=2192, stack(0x0000006a44a00000,0x0000006a44b00000)]
  0x000001c908066000 JavaThread "ForkJoinPool-1-worker-15" daemon [_thread_blocked, id=11340, stack(0x0000006a44b00000,0x0000006a44c00000)]
  0x000001c908067800 JavaThread "ForkJoinPool-1-worker-1" daemon [_thread_blocked, id=10924, stack(0x0000006a44c00000,0x0000006a44d00000)]
  0x000001c90806a000 JavaThread "WorkerExecutor Queue Thread 12" [_thread_blocked, id=132, stack(0x0000006a44e00000,0x0000006a44f00000)]
  0x000001c908068800 JavaThread "WorkerExecutor Queue Thread 13" [_thread_blocked, id=1012, stack(0x0000006a44f00000,0x0000006a45000000)]
  0x000001c908064000 JavaThread "WorkerExecutor Queue Thread 14" [_thread_blocked, id=852, stack(0x0000006a45000000,0x0000006a45100000)]
  0x000001c908069000 JavaThread "WorkerExecutor Queue Thread 15" [_thread_blocked, id=11468, stack(0x0000006a45100000,0x0000006a45200000)]
  0x000001c908065000 JavaThread "WorkerExecutor Queue Thread 16" [_thread_blocked, id=1112, stack(0x0000006a45200000,0x0000006a45300000)]

Other Threads:
=>0x000001c97febc000 VMThread "VM Thread" [stack: 0x0000006a3f800000,0x0000006a3f900000] [id=7524]
  0x000001c9049ff800 WatcherThread [stack: 0x0000006a40200000,0x0000006a40300000] [id=9612]
  0x000001c969a73800 GCTaskThread "GC Thread#0" [stack: 0x0000006a3f300000,0x0000006a3f400000] [id=6396]
  0x000001c9054d8000 GCTaskThread "GC Thread#1" [stack: 0x0000006a40400000,0x0000006a40500000] [id=2652]
  0x000001c905372000 GCTaskThread "GC Thread#2" [stack: 0x0000006a40500000,0x0000006a40600000] [id=3076]
  0x000001c905657800 GCTaskThread "GC Thread#3" [stack: 0x0000006a40f00000,0x0000006a41000000] [id=11984]
  0x000001c906bfd800 GCTaskThread "GC Thread#4" [stack: 0x0000006a41000000,0x0000006a41100000] [id=12836]
  0x000001c905a5c800 GCTaskThread "GC Thread#5" [stack: 0x0000006a41100000,0x0000006a41200000] [id=10668]
  0x000001c905ba6000 GCTaskThread "GC Thread#6" [stack: 0x0000006a41200000,0x0000006a41300000] [id=3208]
  0x000001c906fe0800 GCTaskThread "GC Thread#7" [stack: 0x0000006a41300000,0x0000006a41400000] [id=3376]
  0x000001c969aa7800 ConcurrentGCThread "G1 Main Marker" [stack: 0x0000006a3f400000,0x0000006a3f500000] [id=268]
  0x000001c969aa8800 ConcurrentGCThread "G1 Conc#0" [stack: 0x0000006a3f500000,0x0000006a3f600000] [id=11828]
  0x000001c905a00000 ConcurrentGCThread "G1 Conc#1" [stack: 0x0000006a41600000,0x0000006a41700000] [id=2412]
  0x000001c97fd10800 ConcurrentGCThread "G1 Refine#0" [stack: 0x0000006a3f600000,0x0000006a3f700000] [id=5476]
  0x000001c90d683000 ConcurrentGCThread "G1 Refine#1" [stack: 0x0000006a44d00000,0x0000006a44e00000] [id=6908]
  0x000001c97fd11800 ConcurrentGCThread "G1 Young RemSet Sampling" [stack: 0x0000006a3f700000,0x0000006a3f800000] [id=9672]

Threads with active compile tasks:
C2 CompilerThread0  33474 15197 %     4       com.android.tools.r8.ir.regalloc.a::a @ 16 (1824 bytes)
C1 CompilerThread0  33474 15752       2       com.android.tools.r8.dex.m::a (310 bytes)
C2 CompilerThread1  33474 15447       4       com.android.tools.r8.graph.E::a (275 bytes)
C2 CompilerThread2  33474 15657   !   4       java.util.zip.InflaterInputStream::read (138 bytes)

VM state:at safepoint (normal execution)

VM Mutex/Monitor currently owned by a thread:  ([mutex/lock_event])
[0x000001c969a58fd0] Threads_lock - owner thread: 0x000001c97febc000
[0x000001c969a57b90] Heap_lock - owner thread: 0x000001c908069000

Heap address: 0x0000000080000000, size: 2048 MB, Compressed Oops mode: 32-bit
Narrow klass base: 0x0000000000000000, Narrow klass shift: 3
Compressed class space size: 1073741824 Address: 0x0000000100000000

Heap:
 garbage-first heap   total 422912K, used 145312K [0x0000000080000000, 0x0000000100000000)
  region size 1024K, 2 young (2048K), 2 survivors (2048K)
 Metaspace       used 101952K, capacity 104603K, committed 104780K, reserved 1140736K
  class space    used 13112K, capacity 14093K, committed 14156K, reserved 1048576K
Heap Regions: E=young(eden), S=young(survivor), O=old, HS=humongous(starts), HC=humongous(continues), CS=collection set, F=free, A=archive, TAMS=top-at-mark-start (previous, next)
|   0|0x0000000080000000, 0x0000000080100000, 0x0000000080100000|100%| O|  |TAMS 0x0000000080100000, 0x0000000080000000| Untracked 
|   1|0x0000000080100000, 0x0000000080200000, 0x0000000080200000|100%| O|  |TAMS 0x0000000080200000, 0x0000000080100000| Untracked 
|   2|0x0000000080200000, 0x0000000080300000, 0x0000000080300000|100%| O|  |TAMS 0x0000000080300000, 0x0000000080200000| Untracked 
|   3|0x0000000080300000, 0x0000000080400000, 0x0000000080400000|100%|HS|  |TAMS 0x0000000080400000, 0x0000000080300000| Complete 
|   4|0x0000000080400000, 0x0000000080500000, 0x0000000080500000|100%|HC|  |TAMS 0x0000000080500000, 0x0000000080400000| Complete 
|   5|0x0000000080500000, 0x0000000080600000, 0x0000000080600000|100%|HC|  |TAMS 0x0000000080600000, 0x0000000080500000| Complete 
|   6|0x0000000080600000, 0x0000000080700000, 0x0000000080700000|100%| O|  |TAMS 0x0000000080700000, 0x0000000080600000| Untracked 
|   7|0x0000000080700000, 0x0000000080800000, 0x0000000080800000|100%| O|  |TAMS 0x0000000080800000, 0x0000000080700000| Complete 
|   8|0x0000000080800000, 0x0000000080900000, 0x0000000080900000|100%| O|  |TAMS 0x0000000080900000, 0x0000000080800000| Untracked 
|   9|0x0000000080900000, 0x0000000080a00000, 0x0000000080a00000|100%| O|  |TAMS 0x0000000080a00000, 0x0000000080900000| Untracked 
|  10|0x0000000080a00000, 0x0000000080b00000, 0x0000000080b00000|100%| O|  |TAMS 0x0000000080b00000, 0x0000000080a00000| Untracked 
|  11|0x0000000080b00000, 0x0000000080c00000, 0x0000000080c00000|100%| O|  |TAMS 0x0000000080c00000, 0x0000000080b00000| Untracked 
|  12|0x0000000080c00000, 0x0000000080d00000, 0x0000000080d00000|100%| O|  |TAMS 0x0000000080d00000, 0x0000000080c00000| Complete 
|  13|0x0000000080d00000, 0x0000000080e00000, 0x0000000080e00000|100%| O|  |TAMS 0x0000000080e00000, 0x0000000080d00000| Untracked 
|  14|0x0000000080e00000, 0x0000000080f00000, 0x0000000080f00000|100%| O|  |TAMS 0x0000000080f00000, 0x0000000080e00000| Untracked 
|  15|0x0000000080f00000, 0x0000000081000000, 0x0000000081000000|100%| O|  |TAMS 0x0000000081000000, 0x0000000080f00000| Untracked 
|  16|0x0000000081000000, 0x0000000081100000, 0x0000000081100000|100%| O|  |TAMS 0x0000000081100000, 0x0000000081000000| Untracked 
|  17|0x0000000081100000, 0x0000000081200000, 0x0000000081200000|100%|HS|  |TAMS 0x0000000081200000, 0x0000000081100000| Complete 
|  18|0x0000000081200000, 0x0000000081300000, 0x0000000081300000|100%| O|  |TAMS 0x0000000081300000, 0x0000000081200000| Untracked 
|  19|0x0000000081300000, 0x0000000081400000, 0x0000000081400000|100%| O|  |TAMS 0x0000000081400000, 0x0000000081300000| Untracked 
|  20|0x0000000081400000, 0x0000000081500000, 0x0000000081500000|100%| O|  |TAMS 0x0000000081500000, 0x0000000081400000| Untracked 
|  21|0x0000000081500000, 0x0000000081600000, 0x0000000081600000|100%| O|  |TAMS 0x0000000081600000, 0x0000000081500000| Untracked 
|  22|0x0000000081600000, 0x0000000081700000, 0x0000000081700000|100%| O|  |TAMS 0x0000000081700000, 0x0000000081600000| Untracked 
|  23|0x0000000081700000, 0x0000000081800000, 0x0000000081800000|100%|HS|  |TAMS 0x0000000081800000, 0x0000000081700000| Complete 
|  24|0x0000000081800000, 0x0000000081900000, 0x0000000081900000|100%|HS|  |TAMS 0x0000000081900000, 0x0000000081800000| Complete 
|  25|0x0000000081900000, 0x0000000081a00000, 0x0000000081a00000|100%|HC|  |TAMS 0x0000000081a00000, 0x0000000081900000| Complete 
|  26|0x0000000081a00000, 0x0000000081b00000, 0x0000000081b00000|100%| O|  |TAMS 0x0000000081b00000, 0x0000000081a00000| Untracked 
|  27|0x0000000081b00000, 0x0000000081c00000, 0x0000000081c00000|100%| O|  |TAMS 0x0000000081c00000, 0x0000000081b00000| Untracked 
|  28|0x0000000081c00000, 0x0000000081d00000, 0x0000000081d00000|100%| O|  |TAMS 0x0000000081d00000, 0x0000000081c00000| Untracked 
|  29|0x0000000081d00000, 0x0000000081e00000, 0x0000000081e00000|100%| O|  |TAMS 0x0000000081e00000, 0x0000000081d00000| Complete 
|  30|0x0000000081e00000, 0x0000000081f00000, 0x0000000081f00000|100%| O|  |TAMS 0x0000000081f00000, 0x0000000081e00000| Untracked 
|  31|0x0000000081f00000, 0x0000000082000000, 0x0000000082000000|100%| O|  |TAMS 0x0000000082000000, 0x0000000081f00000| Untracked 
|  32|0x0000000082000000, 0x0000000082100000, 0x0000000082100000|100%| O|  |TAMS 0x0000000082100000, 0x0000000082000000| Untracked 
|  33|0x0000000082100000, 0x0000000082200000, 0x0000000082200000|100%| O|  |TAMS 0x0000000082200000, 0x0000000082100000| Untracked 
|  34|0x0000000082200000, 0x0000000082300000, 0x0000000082300000|100%| O|  |TAMS 0x0000000082300000, 0x0000000082200000| Untracked 
|  35|0x0000000082300000, 0x0000000082400000, 0x0000000082400000|100%| O|  |TAMS 0x0000000082400000, 0x0000000082300000| Untracked 
|  36|0x0000000082400000, 0x0000000082500000, 0x0000000082500000|100%| O|  |TAMS 0x0000000082500000, 0x0000000082400000| Untracked 
|  37|0x0000000082500000, 0x0000000082600000, 0x0000000082600000|100%| O|  |TAMS 0x0000000082600000, 0x0000000082500000| Untracked 
|  38|0x0000000082600000, 0x0000000082700000, 0x0000000082700000|100%| O|  |TAMS 0x0000000082700000, 0x0000000082600000| Untracked 
|  39|0x0000000082700000, 0x0000000082800000, 0x0000000082800000|100%| O|  |TAMS 0x0000000082800000, 0x0000000082700000| Untracked 
|  40|0x0000000082800000, 0x0000000082900000, 0x0000000082900000|100%| O|  |TAMS 0x0000000082900000, 0x0000000082800000| Complete 
|  41|0x0000000082900000, 0x0000000082a00000, 0x0000000082a00000|100%| O|  |TAMS 0x0000000082a00000, 0x0000000082900000| Untracked 
|  42|0x0000000082a00000, 0x0000000082b00000, 0x0000000082b00000|100%| O|  |TAMS 0x0000000082b00000, 0x0000000082a00000| Untracked 
|  43|0x0000000082b00000, 0x0000000082c00000, 0x0000000082c00000|100%| O|  |TAMS 0x0000000082c00000, 0x0000000082b00000| Untracked 
|  44|0x0000000082c00000, 0x0000000082d00000, 0x0000000082d00000|100%| O|  |TAMS 0x0000000082d00000, 0x0000000082c00000| Untracked 
|  45|0x0000000082d00000, 0x0000000082e00000, 0x0000000082e00000|100%| O|  |TAMS 0x0000000082e00000, 0x0000000082d00000| Untracked 
|  46|0x0000000082e00000, 0x0000000082f00000, 0x0000000082f00000|100%| O|  |TAMS 0x0000000082f00000, 0x0000000082e00000| Untracked 
|  47|0x0000000082f00000, 0x0000000083000000, 0x0000000083000000|100%| O|  |TAMS 0x0000000083000000, 0x0000000082f00000| Complete 
|  48|0x0000000083000000, 0x0000000083100000, 0x0000000083100000|100%| O|  |TAMS 0x0000000083100000, 0x0000000083000000| Untracked 
|  49|0x0000000083100000, 0x0000000083200000, 0x0000000083200000|100%| O|  |TAMS 0x0000000083200000, 0x0000000083100000| Untracked 
|  50|0x0000000083200000, 0x0000000083300000, 0x0000000083300000|100%| O|  |TAMS 0x0000000083300000, 0x0000000083200000| Untracked 
|  51|0x0000000083300000, 0x0000000083400000, 0x0000000083400000|100%| O|  |TAMS 0x0000000083400000, 0x0000000083300000| Complete 
|  52|0x0000000083400000, 0x0000000083500000, 0x0000000083500000|100%| O|  |TAMS 0x0000000083500000, 0x0000000083400000| Untracked 
|  53|0x0000000083500000, 0x0000000083600000, 0x0000000083600000|100%| O|  |TAMS 0x0000000083600000, 0x0000000083500000| Untracked 
|  54|0x0000000083600000, 0x0000000083700000, 0x0000000083700000|100%| O|  |TAMS 0x0000000083700000, 0x0000000083600000| Untracked 
|  55|0x0000000083700000, 0x0000000083800000, 0x0000000083800000|100%| O|  |TAMS 0x0000000083800000, 0x0000000083700000| Complete 
|  56|0x0000000083800000, 0x0000000083900000, 0x0000000083900000|100%| O|  |TAMS 0x0000000083900000, 0x0000000083800000| Untracked 
|  57|0x0000000083900000, 0x0000000083a00000, 0x0000000083a00000|100%| O|  |TAMS 0x0000000083a00000, 0x0000000083900000| Untracked 
|  58|0x0000000083a00000, 0x0000000083b00000, 0x0000000083b00000|100%| O|  |TAMS 0x0000000083b00000, 0x0000000083a00000| Untracked 
|  59|0x0000000083b00000, 0x0000000083c00000, 0x0000000083c00000|100%| O|  |TAMS 0x0000000083c00000, 0x0000000083b00000| Complete 
|  60|0x0000000083c00000, 0x0000000083d00000, 0x0000000083d00000|100%| O|  |TAMS 0x0000000083d00000, 0x0000000083c00000| Untracked 
|  61|0x0000000083d00000, 0x0000000083d00000, 0x0000000083e00000|  0%| F|  |TAMS 0x0000000083d00000, 0x0000000083d00000| Untracked 
|  62|0x0000000083e00000, 0x0000000083e00000, 0x0000000083f00000|  0%| F|  |TAMS 0x0000000083e00000, 0x0000000083e00000| Untracked 
|  63|0x0000000083f00000, 0x0000000084000000, 0x0000000084000000|100%| O|  |TAMS 0x0000000084000000, 0x0000000083f00000| Complete 
|  64|0x0000000084000000, 0x0000000084100000, 0x0000000084100000|100%| O|  |TAMS 0x0000000084100000, 0x0000000084000000| Untracked 
|  65|0x0000000084100000, 0x0000000084200000, 0x0000000084200000|100%| O|  |TAMS 0x0000000084200000, 0x0000000084100000| Complete 
|  66|0x0000000084200000, 0x0000000084300000, 0x0000000084300000|100%| O|  |TAMS 0x0000000084300000, 0x0000000084200000| Complete 
|  67|0x0000000084300000, 0x0000000084400000, 0x0000000084400000|100%| O|  |TAMS 0x0000000084400000, 0x0000000084300000| Complete 
|  68|0x0000000084400000, 0x0000000084500000, 0x0000000084500000|100%| O|  |TAMS 0x0000000084500000, 0x0000000084400000| Complete 
|  69|0x0000000084500000, 0x0000000084600000, 0x0000000084600000|100%| O|  |TAMS 0x0000000084600000, 0x0000000084500000| Complete 
|  70|0x0000000084600000, 0x0000000084700000, 0x0000000084700000|100%| O|  |TAMS 0x0000000084700000, 0x0000000084600000| Complete 
|  71|0x0000000084700000, 0x0000000084800000, 0x0000000084800000|100%|HS|  |TAMS 0x0000000084800000, 0x0000000084700000| Complete 
|  72|0x0000000084800000, 0x0000000084900000, 0x0000000084900000|100%|HC|  |TAMS 0x0000000084900000, 0x0000000084800000| Complete 
|  73|0x0000000084900000, 0x0000000084a00000, 0x0000000084a00000|100%|HS|  |TAMS 0x0000000084a00000, 0x0000000084900000| Complete 
|  74|0x0000000084a00000, 0x0000000084b00000, 0x0000000084b00000|100%|HS|  |TAMS 0x0000000084b00000, 0x0000000084a00000| Complete 
|  75|0x0000000084b00000, 0x0000000084c00000, 0x0000000084c00000|100%| O|  |TAMS 0x0000000084c00000, 0x0000000084b00000| Untracked 
|  76|0x0000000084c00000, 0x0000000084d00000, 0x0000000084d00000|100%| O|  |TAMS 0x0000000084d00000, 0x0000000084c00000| Untracked 
|  77|0x0000000084d00000, 0x0000000084e00000, 0x0000000084e00000|100%| O|  |TAMS 0x0000000084e00000, 0x0000000084d00000| Complete 
|  78|0x0000000084e00000, 0x0000000084f00000, 0x0000000084f00000|100%| O|  |TAMS 0x0000000084f00000, 0x0000000084e00000| Complete 
|  79|0x0000000084f00000, 0x0000000085000000, 0x0000000085000000|100%| O|  |TAMS 0x0000000085000000, 0x0000000084f00000| Untracked 
|  80|0x0000000085000000, 0x0000000085100000, 0x0000000085100000|100%| O|  |TAMS 0x0000000085100000, 0x0000000085000000| Untracked 
|  81|0x0000000085100000, 0x0000000085200000, 0x0000000085200000|100%| O|  |TAMS 0x0000000085200000, 0x0000000085100000| Complete 
|  82|0x0000000085200000, 0x0000000085300000, 0x0000000085300000|100%| O|  |TAMS 0x0000000085300000, 0x0000000085200000| Complete 
|  83|0x0000000085300000, 0x0000000085400000, 0x0000000085400000|100%| O|  |TAMS 0x0000000085400000, 0x0000000085300000| Untracked 
|  84|0x0000000085400000, 0x0000000085500000, 0x0000000085500000|100%| O|  |TAMS 0x0000000085500000, 0x0000000085400000| Untracked 
|  85|0x0000000085500000, 0x0000000085600000, 0x0000000085600000|100%| O|  |TAMS 0x0000000085600000, 0x0000000085500000| Untracked 
|  86|0x0000000085600000, 0x0000000085600000, 0x0000000085700000|  0%| F|  |TAMS 0x0000000085600000, 0x0000000085600000| Untracked 
|  87|0x0000000085700000, 0x0000000085800000, 0x0000000085800000|100%| O|  |TAMS 0x0000000085800000, 0x0000000085700000| Complete 
|  88|0x0000000085800000, 0x0000000085800000, 0x0000000085900000|  0%| F|  |TAMS 0x0000000085800000, 0x0000000085800000| Untracked 
|  89|0x0000000085900000, 0x0000000085a00000, 0x0000000085a00000|100%| O|  |TAMS 0x0000000085a00000, 0x0000000085900000| Complete 
|  90|0x0000000085a00000, 0x0000000085b00000, 0x0000000085b00000|100%| O|  |TAMS 0x0000000085b00000, 0x0000000085a00000| Complete 
|  91|0x0000000085b00000, 0x0000000085c00000, 0x0000000085c00000|100%| O|  |TAMS 0x0000000085c00000, 0x0000000085b00000| Complete 
|  92|0x0000000085c00000, 0x0000000085d00000, 0x0000000085d00000|100%| O|  |TAMS 0x0000000085d00000, 0x0000000085c00000| Complete 
|  93|0x0000000085d00000, 0x0000000085e00000, 0x0000000085e00000|100%| O|  |TAMS 0x0000000085e00000, 0x0000000085d00000| Untracked 
|  94|0x0000000085e00000, 0x0000000085f00000, 0x0000000085f00000|100%| O|  |TAMS 0x0000000085f00000, 0x0000000085e00000| Complete 
|  95|0x0000000085f00000, 0x0000000086000000, 0x0000000086000000|100%| O|  |TAMS 0x0000000086000000, 0x0000000085f00000| Untracked 
|  96|0x0000000086000000, 0x0000000086100000, 0x0000000086100000|100%| O|  |TAMS 0x0000000086100000, 0x0000000086000000| Untracked 
|  97|0x0000000086100000, 0x0000000086200000, 0x0000000086200000|100%| O|  |TAMS 0x0000000086200000, 0x0000000086100000| Untracked 
|  98|0x0000000086200000, 0x0000000086300000, 0x0000000086300000|100%|HS|  |TAMS 0x0000000086300000, 0x0000000086200000| Complete 
|  99|0x0000000086300000, 0x0000000086400000, 0x0000000086400000|100%| O|  |TAMS 0x0000000086400000, 0x0000000086300000| Complete 
| 100|0x0000000086400000, 0x0000000086500000, 0x0000000086500000|100%|HS|  |TAMS 0x0000000086500000, 0x0000000086400000| Complete 
| 101|0x0000000086500000, 0x0000000086600000, 0x0000000086600000|100%| O|  |TAMS 0x0000000086600000, 0x0000000086500000| Complete 
| 102|0x0000000086600000, 0x0000000086700000, 0x0000000086700000|100%| O|  |TAMS 0x0000000086700000, 0x0000000086600000| Complete 
| 103|0x0000000086700000, 0x0000000086800000, 0x0000000086800000|100%| O|  |TAMS 0x0000000086800000, 0x0000000086700000| Complete 
| 104|0x0000000086800000, 0x0000000086900000, 0x0000000086900000|100%| O|  |TAMS 0x0000000086900000, 0x0000000086800000| Complete 
| 105|0x0000000086900000, 0x0000000086a00000, 0x0000000086a00000|100%| O|  |TAMS 0x0000000086a00000, 0x0000000086900000| Untracked 
| 106|0x0000000086a00000, 0x0000000086b00000, 0x0000000086b00000|100%| O|  |TAMS 0x0000000086b00000, 0x0000000086a00000| Untracked 
| 107|0x0000000086b00000, 0x0000000086c00000, 0x0000000086c00000|100%| O|  |TAMS 0x0000000086c00000, 0x0000000086b00000| Untracked 
| 108|0x0000000086c00000, 0x0000000086d00000, 0x0000000086d00000|100%| O|  |TAMS 0x0000000086d00000, 0x0000000086c00000| Untracked 
| 109|0x0000000086d00000, 0x0000000086e00000, 0x0000000086e00000|100%| O|  |TAMS 0x0000000086e00000, 0x0000000086d00000| Untracked 
| 110|0x0000000086e00000, 0x0000000086f00000, 0x0000000086f00000|100%| O|  |TAMS 0x0000000086f00000, 0x0000000086e00000| Untracked 
| 111|0x0000000086f00000, 0x0000000087000000, 0x0000000087000000|100%| O|  |TAMS 0x0000000087000000, 0x0000000086f00000| Complete 
| 112|0x0000000087000000, 0x0000000087100000, 0x0000000087100000|100%| O|  |TAMS 0x0000000087100000, 0x0000000087000000| Untracked 
| 113|0x0000000087100000, 0x0000000087200000, 0x0000000087200000|100%| O|  |TAMS 0x0000000087200000, 0x0000000087100000| Complete 
| 114|0x0000000087200000, 0x0000000087300000, 0x0000000087300000|100%| O|  |TAMS 0x0000000087300000, 0x0000000087200000| Untracked 
| 115|0x0000000087300000, 0x0000000087400000, 0x0000000087400000|100%| O|  |TAMS 0x0000000087400000, 0x0000000087300000| Untracked 
| 116|0x0000000087400000, 0x0000000087500000, 0x0000000087500000|100%| O|  |TAMS 0x0000000087500000, 0x0000000087400000| Untracked 
| 117|0x0000000087500000, 0x0000000087600000, 0x0000000087600000|100%| O|  |TAMS 0x0000000087600000, 0x0000000087500000| Complete 
| 118|0x0000000087600000, 0x0000000087700000, 0x0000000087700000|100%| O|  |TAMS 0x0000000087700000, 0x0000000087600000| Complete 
| 119|0x0000000087700000, 0x0000000087800000, 0x0000000087800000|100%| O|  |TAMS 0x0000000087800000, 0x0000000087700000| Untracked 
| 120|0x0000000087800000, 0x0000000087900000, 0x0000000087900000|100%| O|  |TAMS 0x0000000087900000, 0x0000000087800000| Untracked 
| 121|0x0000000087900000, 0x0000000087a00000, 0x0000000087a00000|100%| O|  |TAMS 0x0000000087a00000, 0x0000000087900000| Complete 
| 122|0x0000000087a00000, 0x0000000087b00000, 0x0000000087b00000|100%| O|  |TAMS 0x0000000087b00000, 0x0000000087a00000| Untracked 
| 123|0x0000000087b00000, 0x0000000087c00000, 0x0000000087c00000|100%| O|  |TAMS 0x0000000087c00000, 0x0000000087b00000| Complete 
| 124|0x0000000087c00000, 0x0000000087c00000, 0x0000000087d00000|  0%| F|  |TAMS 0x0000000087c00000, 0x0000000087c00000| Untracked 
| 125|0x0000000087d00000, 0x0000000087d00000, 0x0000000087e00000|  0%| F|  |TAMS 0x0000000087d00000, 0x0000000087d00000| Untracked 
| 126|0x0000000087e00000, 0x0000000087f00000, 0x0000000087f00000|100%| O|  |TAMS 0x0000000087f00000, 0x0000000087e00000| Complete 
| 127|0x0000000087f00000, 0x0000000088000000, 0x0000000088000000|100%| O|  |TAMS 0x0000000088000000, 0x0000000087f00000| Complete 
| 128|0x0000000088000000, 0x0000000088100000, 0x0000000088100000|100%| O|  |TAMS 0x0000000088100000, 0x0000000088000000| Untracked 
| 129|0x0000000088100000, 0x0000000088200000, 0x0000000088200000|100%| O|  |TAMS 0x0000000088200000, 0x0000000088100000| Complete 
| 130|0x0000000088200000, 0x0000000088300000, 0x0000000088300000|100%| O|  |TAMS 0x0000000088300000, 0x0000000088200000| Complete 
| 131|0x0000000088300000, 0x0000000088300000, 0x0000000088400000|  0%| F|  |TAMS 0x0000000088300000, 0x0000000088300000| Untracked 
| 132|0x0000000088400000, 0x0000000088500000, 0x0000000088500000|100%| O|  |TAMS 0x00000000884de000, 0x0000000088400000| Untracked 
| 133|0x0000000088500000, 0x0000000088600000, 0x0000000088600000|100%|HS|  |TAMS 0x0000000088500000, 0x0000000088500000| Complete 
| 134|0x0000000088600000, 0x0000000088700000, 0x0000000088700000|100%| O|  |TAMS 0x0000000088600000, 0x0000000088600000| Untracked 
| 135|0x0000000088700000, 0x0000000088800000, 0x0000000088800000|100%|HS|  |TAMS 0x0000000088700000, 0x0000000088700000| Complete 
| 136|0x0000000088800000, 0x0000000088900000, 0x0000000088900000|100%|HS|  |TAMS 0x0000000088800000, 0x0000000088800000| Complete 
| 137|0x0000000088900000, 0x0000000088a00000, 0x0000000088a00000|100%| O|  |TAMS 0x0000000088900000, 0x0000000088900000| Untracked 
| 138|0x0000000088a00000, 0x0000000088b00000, 0x0000000088b00000|100%| O|  |TAMS 0x0000000088a00000, 0x0000000088a00000| Untracked 
| 139|0x0000000088b00000, 0x0000000088c00000, 0x0000000088c00000|100%| O|  |TAMS 0x0000000088b00000, 0x0000000088b00000| Untracked 
| 140|0x0000000088c00000, 0x0000000088d00000, 0x0000000088d00000|100%| O|  |TAMS 0x0000000088c00000, 0x0000000088c00000| Untracked 
| 141|0x0000000088d00000, 0x0000000088e00000, 0x0000000088e00000|100%| O|  |TAMS 0x0000000088d00000, 0x0000000088d00000| Untracked 
| 142|0x0000000088e00000, 0x0000000088f00000, 0x0000000088f00000|100%| O|  |TAMS 0x0000000088e00000, 0x0000000088e00000| Untracked 
| 143|0x0000000088f00000, 0x0000000089000000, 0x0000000089000000|100%| O|  |TAMS 0x0000000088f00000, 0x0000000088f00000| Untracked 
| 144|0x0000000089000000, 0x0000000089100000, 0x0000000089100000|100%| O|  |TAMS 0x0000000089000000, 0x0000000089000000| Untracked 
| 145|0x0000000089100000, 0x0000000089200000, 0x0000000089200000|100%| O|  |TAMS 0x0000000089100000, 0x0000000089100000| Untracked 
| 146|0x0000000089200000, 0x00000000892e8000, 0x0000000089300000| 90%| O|  |TAMS 0x0000000089200000, 0x0000000089200000| Untracked 
| 147|0x0000000089300000, 0x0000000089300000, 0x0000000089400000|  0%| F|  |TAMS 0x0000000089300000, 0x0000000089300000| Untracked 
| 148|0x0000000089400000, 0x0000000089400000, 0x0000000089500000|  0%| F|  |TAMS 0x0000000089400000, 0x0000000089400000| Untracked 
| 149|0x0000000089500000, 0x0000000089500000, 0x0000000089600000|  0%| F|  |TAMS 0x0000000089500000, 0x0000000089500000| Untracked 
| 150|0x0000000089600000, 0x0000000089600000, 0x0000000089700000|  0%| F|  |TAMS 0x0000000089600000, 0x0000000089600000| Untracked 
| 151|0x0000000089700000, 0x0000000089700000, 0x0000000089800000|  0%| F|  |TAMS 0x0000000089700000, 0x0000000089700000| Untracked 
| 152|0x0000000089800000, 0x0000000089800000, 0x0000000089900000|  0%| F|  |TAMS 0x0000000089800000, 0x0000000089800000| Untracked 
| 153|0x0000000089900000, 0x0000000089900000, 0x0000000089a00000|  0%| F|  |TAMS 0x0000000089900000, 0x0000000089900000| Untracked 
| 154|0x0000000089a00000, 0x0000000089a00000, 0x0000000089b00000|  0%| F|  |TAMS 0x0000000089a00000, 0x0000000089a00000| Untracked 
| 155|0x0000000089b00000, 0x0000000089b00000, 0x0000000089c00000|  0%| F|  |TAMS 0x0000000089b00000, 0x0000000089b00000| Untracked 
| 156|0x0000000089c00000, 0x0000000089c00000, 0x0000000089d00000|  0%| F|  |TAMS 0x0000000089c00000, 0x0000000089c00000| Untracked 
| 157|0x0000000089d00000, 0x0000000089d00000, 0x0000000089e00000|  0%| F|  |TAMS 0x0000000089d00000, 0x0000000089d00000| Untracked 
| 158|0x0000000089e00000, 0x0000000089e00000, 0x0000000089f00000|  0%| F|  |TAMS 0x0000000089e00000, 0x0000000089e00000| Untracked 
| 159|0x0000000089f00000, 0x0000000089f00000, 0x000000008a000000|  0%| F|  |TAMS 0x0000000089f00000, 0x0000000089f00000| Untracked 
| 160|0x000000008a000000, 0x000000008a000000, 0x000000008a100000|  0%| F|  |TAMS 0x000000008a000000, 0x000000008a000000| Untracked 
| 161|0x000000008a100000, 0x000000008a100000, 0x000000008a200000|  0%| F|  |TAMS 0x000000008a100000, 0x000000008a100000| Untracked 
| 162|0x000000008a200000, 0x000000008a200000, 0x000000008a300000|  0%| F|  |TAMS 0x000000008a200000, 0x000000008a200000| Untracked 
| 163|0x000000008a300000, 0x000000008a300000, 0x000000008a400000|  0%| F|  |TAMS 0x000000008a300000, 0x000000008a300000| Untracked 
| 164|0x000000008a400000, 0x000000008a400000, 0x000000008a500000|  0%| F|  |TAMS 0x000000008a400000, 0x000000008a400000| Untracked 
| 165|0x000000008a500000, 0x000000008a500000, 0x000000008a600000|  0%| F|  |TAMS 0x000000008a500000, 0x000000008a500000| Untracked 
| 166|0x000000008a600000, 0x000000008a600000, 0x000000008a700000|  0%| F|  |TAMS 0x000000008a600000, 0x000000008a600000| Untracked 
| 167|0x000000008a700000, 0x000000008a700000, 0x000000008a800000|  0%| F|  |TAMS 0x000000008a700000, 0x000000008a700000| Untracked 
| 168|0x000000008a800000, 0x000000008a800000, 0x000000008a900000|  0%| F|  |TAMS 0x000000008a800000, 0x000000008a800000| Untracked 
| 169|0x000000008a900000, 0x000000008a900000, 0x000000008aa00000|  0%| F|  |TAMS 0x000000008a900000, 0x000000008a900000| Untracked 
| 170|0x000000008aa00000, 0x000000008aa00000, 0x000000008ab00000|  0%| F|  |TAMS 0x000000008aa00000, 0x000000008aa00000| Untracked 
| 171|0x000000008ab00000, 0x000000008ab00000, 0x000000008ac00000|  0%| F|  |TAMS 0x000000008ab00000, 0x000000008ab00000| Untracked 
| 172|0x000000008ac00000, 0x000000008ac00000, 0x000000008ad00000|  0%| F|  |TAMS 0x000000008ac00000, 0x000000008ac00000| Untracked 
| 173|0x000000008ad00000, 0x000000008ad00000, 0x000000008ae00000|  0%| F|  |TAMS 0x000000008ad00000, 0x000000008ad00000| Untracked 
| 174|0x000000008ae00000, 0x000000008ae00000, 0x000000008af00000|  0%| F|  |TAMS 0x000000008ae00000, 0x000000008ae00000| Untracked 
| 175|0x000000008af00000, 0x000000008af00000, 0x000000008b000000|  0%| F|  |TAMS 0x000000008af00000, 0x000000008af00000| Untracked 
| 176|0x000000008b000000, 0x000000008b000000, 0x000000008b100000|  0%| F|  |TAMS 0x000000008b000000, 0x000000008b000000| Untracked 
| 177|0x000000008b100000, 0x000000008b100000, 0x000000008b200000|  0%| F|  |TAMS 0x000000008b100000, 0x000000008b100000| Untracked 
| 178|0x000000008b200000, 0x000000008b200000, 0x000000008b300000|  0%| F|  |TAMS 0x000000008b200000, 0x000000008b200000| Untracked 
| 179|0x000000008b300000, 0x000000008b300000, 0x000000008b400000|  0%| F|  |TAMS 0x000000008b300000, 0x000000008b300000| Untracked 
| 180|0x000000008b400000, 0x000000008b400000, 0x000000008b500000|  0%| F|  |TAMS 0x000000008b400000, 0x000000008b400000| Untracked 
| 181|0x000000008b500000, 0x000000008b500000, 0x000000008b600000|  0%| F|  |TAMS 0x000000008b500000, 0x000000008b500000| Untracked 
| 182|0x000000008b600000, 0x000000008b600000, 0x000000008b700000|  0%| F|  |TAMS 0x000000008b600000, 0x000000008b600000| Untracked 
| 183|0x000000008b700000, 0x000000008b700000, 0x000000008b800000|  0%| F|  |TAMS 0x000000008b700000, 0x000000008b700000| Untracked 
| 184|0x000000008b800000, 0x000000008b800000, 0x000000008b900000|  0%| F|  |TAMS 0x000000008b800000, 0x000000008b800000| Untracked 
| 185|0x000000008b900000, 0x000000008b900000, 0x000000008ba00000|  0%| F|  |TAMS 0x000000008b900000, 0x000000008b900000| Untracked 
| 186|0x000000008ba00000, 0x000000008ba00000, 0x000000008bb00000|  0%| F|  |TAMS 0x000000008ba00000, 0x000000008ba00000| Untracked 
| 187|0x000000008bb00000, 0x000000008bb00000, 0x000000008bc00000|  0%| F|  |TAMS 0x000000008bb00000, 0x000000008bb00000| Untracked 
| 188|0x000000008bc00000, 0x000000008bc00000, 0x000000008bd00000|  0%| F|  |TAMS 0x000000008bc00000, 0x000000008bc00000| Untracked 
| 189|0x000000008bd00000, 0x000000008bd00000, 0x000000008be00000|  0%| F|  |TAMS 0x000000008bd00000, 0x000000008bd00000| Untracked 
| 190|0x000000008be00000, 0x000000008be00000, 0x000000008bf00000|  0%| F|  |TAMS 0x000000008be00000, 0x000000008be00000| Untracked 
| 191|0x000000008bf00000, 0x000000008bf00000, 0x000000008c000000|  0%| F|  |TAMS 0x000000008bf00000, 0x000000008bf00000| Untracked 
| 192|0x000000008c000000, 0x000000008c000000, 0x000000008c100000|  0%| F|  |TAMS 0x000000008c000000, 0x000000008c000000| Untracked 
| 193|0x000000008c100000, 0x000000008c100000, 0x000000008c200000|  0%| F|  |TAMS 0x000000008c100000, 0x000000008c100000| Untracked 
| 194|0x000000008c200000, 0x000000008c200000, 0x000000008c300000|  0%| F|  |TAMS 0x000000008c200000, 0x000000008c200000| Untracked 
| 195|0x000000008c300000, 0x000000008c300000, 0x000000008c400000|  0%| F|  |TAMS 0x000000008c300000, 0x000000008c300000| Untracked 
| 196|0x000000008c400000, 0x000000008c400000, 0x000000008c500000|  0%| F|  |TAMS 0x000000008c400000, 0x000000008c400000| Untracked 
| 197|0x000000008c500000, 0x000000008c500000, 0x000000008c600000|  0%| F|  |TAMS 0x000000008c500000, 0x000000008c500000| Untracked 
| 198|0x000000008c600000, 0x000000008c600000, 0x000000008c700000|  0%| F|  |TAMS 0x000000008c600000, 0x000000008c600000| Untracked 
| 199|0x000000008c700000, 0x000000008c700000, 0x000000008c800000|  0%| F|  |TAMS 0x000000008c700000, 0x000000008c700000| Untracked 
| 200|0x000000008c800000, 0x000000008c800000, 0x000000008c900000|  0%| F|  |TAMS 0x000000008c800000, 0x000000008c800000| Untracked 
| 201|0x000000008c900000, 0x000000008c900000, 0x000000008ca00000|  0%| F|  |TAMS 0x000000008c900000, 0x000000008c900000| Untracked 
| 202|0x000000008ca00000, 0x000000008ca00000, 0x000000008cb00000|  0%| F|  |TAMS 0x000000008ca00000, 0x000000008ca00000| Untracked 
| 203|0x000000008cb00000, 0x000000008cb00000, 0x000000008cc00000|  0%| F|  |TAMS 0x000000008cb00000, 0x000000008cb00000| Untracked 
| 204|0x000000008cc00000, 0x000000008cc00000, 0x000000008cd00000|  0%| F|  |TAMS 0x000000008cc00000, 0x000000008cc00000| Untracked 
| 205|0x000000008cd00000, 0x000000008cd00000, 0x000000008ce00000|  0%| F|  |TAMS 0x000000008cd00000, 0x000000008cd00000| Untracked 
| 206|0x000000008ce00000, 0x000000008ce00000, 0x000000008cf00000|  0%| F|  |TAMS 0x000000008ce00000, 0x000000008ce00000| Untracked 
| 207|0x000000008cf00000, 0x000000008cf00000, 0x000000008d000000|  0%| F|  |TAMS 0x000000008cf00000, 0x000000008cf00000| Untracked 
| 208|0x000000008d000000, 0x000000008d000000, 0x000000008d100000|  0%| F|  |TAMS 0x000000008d000000, 0x000000008d000000| Untracked 
| 209|0x000000008d100000, 0x000000008d100000, 0x000000008d200000|  0%| F|  |TAMS 0x000000008d100000, 0x000000008d100000| Untracked 
| 210|0x000000008d200000, 0x000000008d200000, 0x000000008d300000|  0%| F|  |TAMS 0x000000008d200000, 0x000000008d200000| Untracked 
| 211|0x000000008d300000, 0x000000008d300000, 0x000000008d400000|  0%| F|  |TAMS 0x000000008d300000, 0x000000008d300000| Untracked 
| 212|0x000000008d400000, 0x000000008d400000, 0x000000008d500000|  0%| F|  |TAMS 0x000000008d400000, 0x000000008d400000| Untracked 
| 213|0x000000008d500000, 0x000000008d500000, 0x000000008d600000|  0%| F|  |TAMS 0x000000008d500000, 0x000000008d500000| Untracked 
| 214|0x000000008d600000, 0x000000008d600000, 0x000000008d700000|  0%| F|  |TAMS 0x000000008d600000, 0x000000008d600000| Untracked 
| 215|0x000000008d700000, 0x000000008d700000, 0x000000008d800000|  0%| F|  |TAMS 0x000000008d700000, 0x000000008d700000| Untracked 
| 216|0x000000008d800000, 0x000000008d800000, 0x000000008d900000|  0%| F|  |TAMS 0x000000008d800000, 0x000000008d800000| Untracked 
| 217|0x000000008d900000, 0x000000008d900000, 0x000000008da00000|  0%| F|  |TAMS 0x000000008d900000, 0x000000008d900000| Untracked 
| 218|0x000000008da00000, 0x000000008da00000, 0x000000008db00000|  0%| F|  |TAMS 0x000000008da00000, 0x000000008da00000| Untracked 
| 219|0x000000008db00000, 0x000000008db00000, 0x000000008dc00000|  0%| F|  |TAMS 0x000000008db00000, 0x000000008db00000| Untracked 
| 220|0x000000008dc00000, 0x000000008dc00000, 0x000000008dd00000|  0%| F|  |TAMS 0x000000008dc00000, 0x000000008dc00000| Untracked 
| 221|0x000000008dd00000, 0x000000008dd00000, 0x000000008de00000|  0%| F|  |TAMS 0x000000008dd00000, 0x000000008dd00000| Untracked 
| 222|0x000000008de00000, 0x000000008de00000, 0x000000008df00000|  0%| F|  |TAMS 0x000000008de00000, 0x000000008de00000| Untracked 
| 223|0x000000008df00000, 0x000000008df00000, 0x000000008e000000|  0%| F|  |TAMS 0x000000008df00000, 0x000000008df00000| Untracked 
| 224|0x000000008e000000, 0x000000008e000000, 0x000000008e100000|  0%| F|  |TAMS 0x000000008e000000, 0x000000008e000000| Untracked 
| 225|0x000000008e100000, 0x000000008e100000, 0x000000008e200000|  0%| F|  |TAMS 0x000000008e100000, 0x000000008e100000| Untracked 
| 226|0x000000008e200000, 0x000000008e200000, 0x000000008e300000|  0%| F|  |TAMS 0x000000008e200000, 0x000000008e200000| Untracked 
| 227|0x000000008e300000, 0x000000008e300000, 0x000000008e400000|  0%| F|  |TAMS 0x000000008e300000, 0x000000008e300000| Untracked 
| 228|0x000000008e400000, 0x000000008e400000, 0x000000008e500000|  0%| F|  |TAMS 0x000000008e400000, 0x000000008e400000| Untracked 
| 229|0x000000008e500000, 0x000000008e500000, 0x000000008e600000|  0%| F|  |TAMS 0x000000008e500000, 0x000000008e500000| Untracked 
| 230|0x000000008e600000, 0x000000008e600000, 0x000000008e700000|  0%| F|  |TAMS 0x000000008e600000, 0x000000008e600000| Untracked 
| 231|0x000000008e700000, 0x000000008e700000, 0x000000008e800000|  0%| F|  |TAMS 0x000000008e700000, 0x000000008e700000| Untracked 
| 232|0x000000008e800000, 0x000000008e900000, 0x000000008e900000|100%| S|CS|TAMS 0x000000008e800000, 0x000000008e800000| Complete 
| 233|0x000000008e900000, 0x000000008ea00000, 0x000000008ea00000|100%| S|CS|TAMS 0x000000008e900000, 0x000000008e900000| Complete 
| 234|0x000000008ea00000, 0x000000008ea00000, 0x000000008eb00000|  0%| F|  |TAMS 0x000000008ea00000, 0x000000008ea00000| Untracked 
| 235|0x000000008eb00000, 0x000000008eb00000, 0x000000008ec00000|  0%| F|  |TAMS 0x000000008eb00000, 0x000000008eb00000| Untracked 
| 236|0x000000008ec00000, 0x000000008ec00000, 0x000000008ed00000|  0%| F|  |TAMS 0x000000008ec00000, 0x000000008ec00000| Untracked 
| 237|0x000000008ed00000, 0x000000008ed00000, 0x000000008ee00000|  0%| F|  |TAMS 0x000000008ed00000, 0x000000008ed00000| Untracked 
| 238|0x000000008ee00000, 0x000000008ee00000, 0x000000008ef00000|  0%| F|  |TAMS 0x000000008ee00000, 0x000000008ee00000| Untracked 
| 239|0x000000008ef00000, 0x000000008ef00000, 0x000000008f000000|  0%| F|  |TAMS 0x000000008ef00000, 0x000000008ef00000| Untracked 

Card table byte_map: [0x000001c97cc80000,0x000001c97d080000] _byte_map_base: 0x000001c97c880000

Marking Bits (Prev, Next): (CMBitMap*) 0x000001c969a9e788, (CMBitMap*) 0x000001c969a9e7c0
 Prev Bits: [0x000001c97d480000, 0x000001c97f480000)
 Next Bits: [0x000001c900000000, 0x000001c902000000)

Polling page: 0x000001c9679f0000

Metaspace:

Usage:
  Non-class:     88.39 MB capacity,    86.76 MB ( 98%) used,     1.31 MB (  1%) free+waste,   325.69 KB ( <1%) overhead. 
      Class:     13.76 MB capacity,    12.81 MB ( 93%) used,   837.46 KB (  6%) free+waste,   142.94 KB (  1%) overhead. 
       Both:    102.15 MB capacity,    99.56 MB ( 97%) used,     2.13 MB (  2%) free+waste,   468.63 KB ( <1%) overhead. 

Virtual space:
  Non-class space:       90.00 MB reserved,      88.50 MB ( 98%) committed 
      Class space:        1.00 GB reserved,      13.82 MB (  1%) committed 
             Both:        1.09 GB reserved,     102.32 MB (  9%) committed 

Chunk freelists:
   Non-Class:  0 bytes
       Class:  19.00 KB
        Both:  19.00 KB

MaxMetaspaceSize: 17179869184.00 GB
CompressedClassSpaceSize: 1.00 GB

CodeHeap 'non-profiled nmethods': size=120000Kb used=9222Kb max_used=9222Kb free=110777Kb
 bounds [0x000001c975020000, 0x000001c975930000, 0x000001c97c550000]
CodeHeap 'profiled nmethods': size=120000Kb used=34956Kb max_used=34956Kb free=85043Kb
 bounds [0x000001c96daf0000, 0x000001c96fd20000, 0x000001c975020000]
CodeHeap 'non-nmethods': size=5760Kb used=2326Kb max_used=2386Kb free=3433Kb
 bounds [0x000001c96d550000, 0x000001c96d7c0000, 0x000001c96daf0000]
 total_blobs=16406 nmethods=15471 adapters=844
 compilation: enabled
              stopped_count=0, restarted_count=0
 full_count=0

Compilation events (20 events):
Event: 33.388 Thread 0x000001c97fef1800 nmethod 15742 0x000001c96fd0c290 code [0x000001c96fd0c540, 0x000001c96fd0d3f8]
Event: 33.416 Thread 0x000001c97fef1800 15743       2       com.android.tools.r8.graph.f0$x::<init> (5 bytes)
Event: 33.416 Thread 0x000001c97fef1800 nmethod 15743 0x000001c96fd0d990 code [0x000001c96fd0db40, 0x000001c96fd0dc38]
Event: 33.416 Thread 0x000001c97fef1800 15744       2       com.android.tools.r8.graph.f0$x::<init> (5 bytes)
Event: 33.416 Thread 0x000001c97fef1800 nmethod 15744 0x000001c96fd0dd10 code [0x000001c96fd0dec0, 0x000001c96fd0dfb8]
Event: 33.416 Thread 0x000001c97fef1800 15747       2       com.android.tools.r8.dex.j::e (15 bytes)
Event: 33.417 Thread 0x000001c97fef1800 nmethod 15747 0x000001c96fd0e090 code [0x000001c96fd0e260, 0x000001c96fd0e468]
Event: 33.417 Thread 0x000001c97fef1800 15748       3       com.android.tools.r8.graph.s::<init> (116 bytes)
Event: 33.419 Thread 0x000001c97fef1800 nmethod 15748 0x000001c96fd0e590 code [0x000001c96fd0e9a0, 0x000001c96fd10b88]
Event: 33.420 Thread 0x000001c97fef1800 15746       2       com.android.tools.r8.code.o3::<init> (8 bytes)
Event: 33.420 Thread 0x000001c97fef1800 nmethod 15746 0x000001c96fd11690 code [0x000001c96fd11860, 0x000001c96fd11aa8]
Event: 33.420 Thread 0x000001c97fef1800 15745       2       com.android.tools.r8.code.G2::<init> (13 bytes)
Event: 33.421 Thread 0x000001c97fef1800 nmethod 15745 0x000001c96fd11c90 code [0x000001c96fd11e40, 0x000001c96fd11f68]
Event: 33.423 Thread 0x000001c97fef1800 15749       2       com.android.tools.r8.code.T0::<init> (20 bytes)
Event: 33.424 Thread 0x000001c97fef1800 nmethod 15749 0x000001c96fd12090 code [0x000001c96fd12260, 0x000001c96fd124b8]
Event: 33.427 Thread 0x000001c97fef1800 15750       2       com.android.tools.r8.code.H3::<init> (13 bytes)
Event: 33.427 Thread 0x000001c97fef1800 nmethod 15750 0x000001c96fd12690 code [0x000001c96fd12860, 0x000001c96fd12ac8]
Event: 33.428 Thread 0x000001c97fef1800 15751       2       com.android.tools.r8.code.v0::<init> (7 bytes)
Event: 33.428 Thread 0x000001c97fef1800 nmethod 15751 0x000001c96fd12d10 code [0x000001c96fd12ee0, 0x000001c96fd13138]
Event: 33.428 Thread 0x000001c97fef1800 15752       2       com.android.tools.r8.dex.m::a (310 bytes)

GC Heap History (20 events):
Event: 30.291 GC heap after
{Heap after GC invocations=38 (full 0):
 garbage-first heap   total 157696K, used 110827K [0x0000000080000000, 0x0000000100000000)
  region size 1024K, 4 young (4096K), 4 survivors (4096K)
 Metaspace       used 101061K, capacity 103839K, committed 104012K, reserved 1138688K
  class space    used 13056K, capacity 14044K, committed 14156K, reserved 1048576K
}
Event: 30.526 GC heap before
{Heap before GC invocations=38 (full 0):
 garbage-first heap   total 157696K, used 126187K [0x0000000080000000, 0x0000000100000000)
  region size 1024K, 20 young (20480K), 4 survivors (4096K)
 Metaspace       used 101072K, capacity 103840K, committed 104012K, reserved 1138688K
  class space    used 13056K, capacity 14044K, committed 14156K, reserved 1048576K
}
Event: 30.547 GC heap after
{Heap after GC invocations=39 (full 0):
 garbage-first heap   total 157696K, used 120458K [0x0000000080000000, 0x0000000100000000)
  region size 1024K, 3 young (3072K), 3 survivors (3072K)
 Metaspace       used 101072K, capacity 103840K, committed 104012K, reserved 1138688K
  class space    used 13056K, capacity 14044K, committed 14156K, reserved 1048576K
}
Event: 30.777 GC heap before
{Heap before GC invocations=40 (full 0):
 garbage-first heap   total 157696K, used 130698K [0x0000000080000000, 0x0000000100000000)
  region size 1024K, 13 young (13312K), 3 survivors (3072K)
 Metaspace       used 101111K, capacity 103842K, committed 104012K, reserved 1138688K
  class space    used 13058K, capacity 14044K, committed 14156K, reserved 1048576K
}
Event: 30.795 GC heap after
{Heap after GC invocations=41 (full 0):
 garbage-first heap   total 199680K, used 126865K [0x0000000080000000, 0x0000000100000000)
  region size 1024K, 2 young (2048K), 2 survivors (2048K)
 Metaspace       used 101111K, capacity 103842K, committed 104012K, reserved 1138688K
  class space    used 13058K, capacity 14044K, committed 14156K, reserved 1048576K
}
Event: 31.080 GC heap before
{Heap before GC invocations=41 (full 0):
 garbage-first heap   total 199680K, used 141201K [0x0000000080000000, 0x0000000100000000)
  region size 1024K, 17 young (17408K), 2 survivors (2048K)
 Metaspace       used 101286K, capacity 103995K, committed 104268K, reserved 1138688K
  class space    used 13070K, capacity 14048K, committed 14156K, reserved 1048576K
}
Event: 31.092 GC heap after
{Heap after GC invocations=42 (full 0):
 garbage-first heap   total 199680K, used 129622K [0x0000000080000000, 0x0000000100000000)
  region size 1024K, 3 young (3072K), 3 survivors (3072K)
 Metaspace       used 101286K, capacity 103995K, committed 104268K, reserved 1138688K
  class space    used 13070K, capacity 14048K, committed 14156K, reserved 1048576K
}
Event: 31.427 GC heap before
{Heap before GC invocations=42 (full 0):
 garbage-first heap   total 199680K, used 148021K [0x0000000080000000, 0x0000000100000000)
  region size 1024K, 23 young (23552K), 3 survivors (3072K)
 Metaspace       used 101579K, capacity 104282K, committed 104524K, reserved 1140736K
  class space    used 13101K, capacity 14088K, committed 14156K, reserved 1048576K
}
Event: 31.441 GC heap after
{Heap after GC invocations=43 (full 0):
 garbage-first heap   total 199680K, used 128623K [0x0000000080000000, 0x0000000100000000)
  region size 1024K, 3 young (3072K), 3 survivors (3072K)
 Metaspace       used 101579K, capacity 104282K, committed 104524K, reserved 1140736K
  class space    used 13101K, capacity 14088K, committed 14156K, reserved 1048576K
}
Event: 31.665 GC heap before
{Heap before GC invocations=44 (full 0):
 garbage-first heap   total 199680K, used 150127K [0x0000000080000000, 0x0000000100000000)
  region size 1024K, 25 young (25600K), 3 survivors (3072K)
 Metaspace       used 101650K, capacity 104358K, committed 104524K, reserved 1140736K
  class space    used 13103K, capacity 14090K, committed 14156K, reserved 1048576K
}
Event: 31.675 GC heap after
{Heap after GC invocations=45 (full 0):
 garbage-first heap   total 199680K, used 131639K [0x0000000080000000, 0x0000000100000000)
  region size 1024K, 3 young (3072K), 3 survivors (3072K)
 Metaspace       used 101650K, capacity 104358K, committed 104524K, reserved 1140736K
  class space    used 13103K, capacity 14090K, committed 14156K, reserved 1048576K
}
Event: 31.728 GC heap before
{Heap before GC invocations=45 (full 0):
 garbage-first heap   total 199680K, used 136759K [0x0000000080000000, 0x0000000100000000)
  region size 1024K, 9 young (9216K), 3 survivors (3072K)
 Metaspace       used 101675K, capacity 104360K, committed 104524K, reserved 1140736K
  class space    used 13105K, capacity 14090K, committed 14156K, reserved 1048576K
}
Event: 31.742 GC heap after
{Heap after GC invocations=46 (full 0):
 garbage-first heap   total 245760K, used 128243K [0x0000000080000000, 0x0000000100000000)
  region size 1024K, 2 young (2048K), 2 survivors (2048K)
 Metaspace       used 101675K, capacity 104360K, committed 104524K, reserved 1140736K
  class space    used 13105K, capacity 14090K, committed 14156K, reserved 1048576K
}
Event: 31.935 GC heap before
{Heap before GC invocations=46 (full 0):
 garbage-first heap   total 245760K, used 159987K [0x0000000080000000, 0x0000000100000000)
  region size 1024K, 35 young (35840K), 2 survivors (2048K)
 Metaspace       used 101744K, capacity 104510K, committed 104780K, reserved 1140736K
  class space    used 13105K, capacity 14091K, committed 14156K, reserved 1048576K
}
Event: 31.965 GC heap after
{Heap after GC invocations=47 (full 0):
 garbage-first heap   total 245760K, used 134635K [0x0000000080000000, 0x0000000100000000)
  region size 1024K, 5 young (5120K), 5 survivors (5120K)
 Metaspace       used 101744K, capacity 104510K, committed 104780K, reserved 1140736K
  class space    used 13105K, capacity 14091K, committed 14156K, reserved 1048576K
}
Event: 32.481 GC heap before
{Heap before GC invocations=48 (full 0):
 garbage-first heap   total 245760K, used 170475K [0x0000000080000000, 0x0000000100000000)
  region size 1024K, 40 young (40960K), 5 survivors (5120K)
 Metaspace       used 101793K, capacity 104507K, committed 104780K, reserved 1140736K
  class space    used 13104K, capacity 14089K, committed 14156K, reserved 1048576K
}
Event: 32.518 GC heap after
{Heap after GC invocations=49 (full 0):
 garbage-first heap   total 245760K, used 139640K [0x0000000080000000, 0x0000000100000000)
  region size 1024K, 4 young (4096K), 4 survivors (4096K)
 Metaspace       used 101793K, capacity 104507K, committed 104780K, reserved 1140736K
  class space    used 13104K, capacity 14089K, committed 14156K, reserved 1048576K
}
Event: 33.392 GC heap before
{Heap before GC invocations=50 (full 0):
 garbage-first heap   total 245760K, used 181624K [0x0000000080000000, 0x0000000100000000)
  region size 1024K, 42 young (43008K), 4 survivors (4096K)
 Metaspace       used 101948K, capacity 104603K, committed 104780K, reserved 1140736K
  class space    used 13112K, capacity 14093K, committed 14156K, reserved 1048576K
}
Event: 33.405 GC heap after
{Heap after GC invocations=51 (full 0):
 garbage-first heap   total 245760K, used 149247K [0x0000000080000000, 0x0000000100000000)
  region size 1024K, 6 young (6144K), 6 survivors (6144K)
 Metaspace       used 101948K, capacity 104603K, committed 104780K, reserved 1140736K
  class space    used 13112K, capacity 14093K, committed 14156K, reserved 1048576K
}
Event: 33.431 GC heap before
{Heap before GC invocations=51 (full 0):
 garbage-first heap   total 245760K, used 154367K [0x0000000080000000, 0x0000000100000000)
  region size 1024K, 12 young (12288K), 6 survivors (6144K)
 Metaspace       used 101952K, capacity 104603K, committed 104780K, reserved 1140736K
  class space    used 13112K, capacity 14093K, committed 14156K, reserved 1048576K
}

Deoptimization events (20 events):
Event: 33.265 Thread 0x000001c90b4d1800 Uncommon trap: trap_request=0xffffffd6 fr.pc=0x000001c9750a2244 relative=0x0000000000000884
Event: 33.265 Thread 0x000001c90b4d1800 Uncommon trap: reason=array_check action=maybe_recompile pc=0x000001c9750a2244 method=java.util.TimSort.binarySort([Ljava/lang/Object;IIILjava/util/Comparator;)V @ 183 c2
Event: 33.265 Thread 0x000001c90b4d1800 DEOPT PACKING pc=0x000001c9750a2244 sp=0x0000006a437f79f0
Event: 33.266 Thread 0x000001c90b4d1800 DEOPT UNPACKING pc=0x000001c96d5778af sp=0x0000006a437f7998 mode 2
Event: 33.329 Thread 0x000001c908060000 Uncommon trap: trap_request=0xffffffbe fr.pc=0x000001c9758fec60 relative=0x0000000000004d40
Event: 33.329 Thread 0x000001c908060000 Uncommon trap: reason=profile_predicate action=maybe_recompile pc=0x000001c9758fec60 method=com.android.tools.r8.dex.j.a(I[Lcom/android/tools/r8/graph/W$b;[Lcom/android/tools/r8/graph/W$c;Z)[Lcom/android/tools/r8/graph/P; @ 652 c2
Event: 33.329 Thread 0x000001c908060000 DEOPT PACKING pc=0x000001c9758fec60 sp=0x0000006a440fcf40
Event: 33.329 Thread 0x000001c908060000 DEOPT UNPACKING pc=0x000001c96d5778af sp=0x0000006a440fcf68 mode 2
Event: 33.334 Thread 0x000001c908060000 DEOPT PACKING pc=0x000001c96f3863b0 sp=0x0000006a440fcb10
Event: 33.334 Thread 0x000001c908060000 DEOPT UNPACKING pc=0x000001c96d5776ce sp=0x0000006a440fbfb8 mode 0
Event: 33.383 Thread 0x000001c908067800 DEOPT PACKING pc=0x000001c96fc9b099 sp=0x0000006a44cfea00
Event: 33.383 Thread 0x000001c908067800 DEOPT UNPACKING pc=0x000001c96d5776ce sp=0x0000006a44cfdfc8 mode 0
Event: 33.416 Thread 0x000001c908069000 Uncommon trap: trap_request=0xfffffff4 fr.pc=0x000001c97589c210 relative=0x0000000000000150
Event: 33.416 Thread 0x000001c908069000 Uncommon trap: reason=null_check action=make_not_entrant pc=0x000001c97589c210 method=com.android.tools.r8.dex.j.e(I)Lcom/android/tools/r8/graph/J; @ 11 c2
Event: 33.416 Thread 0x000001c908069000 DEOPT PACKING pc=0x000001c97589c210 sp=0x0000006a451fd110
Event: 33.416 Thread 0x000001c908069000 DEOPT UNPACKING pc=0x000001c96d5778af sp=0x0000006a451fd0d0 mode 2
Event: 33.419 Thread 0x000001c908069000 Uncommon trap: trap_request=0xfffffff4 fr.pc=0x000001c975900194 relative=0x0000000000006274
Event: 33.419 Thread 0x000001c908069000 Uncommon trap: reason=null_check action=make_not_entrant pc=0x000001c975900194 method=com.android.tools.r8.dex.j.e(I)Lcom/android/tools/r8/graph/J; @ 11 c2
Event: 33.419 Thread 0x000001c908069000 DEOPT PACKING pc=0x000001c975900194 sp=0x0000006a451fd120
Event: 33.419 Thread 0x000001c908069000 DEOPT UNPACKING pc=0x000001c96d5778af sp=0x0000006a451fd0d0 mode 2

Classes redefined (0 events):
No events

Internal exceptions (20 events):
Event: 31.715 Thread 0x000001c908060000 Exception <a 'sun/nio/fs/WindowsException'{0x000000008bec1ce8}> (0x000000008bec1ce8) thrown at [./src/hotspot/share/prims/jni.cpp, line 615]
Event: 31.719 Thread 0x000001c90806a000 Exception <a 'sun/nio/fs/WindowsException'{0x000000008bee40d8}> (0x000000008bee40d8) thrown at [./src/hotspot/share/prims/jni.cpp, line 615]
Event: 31.746 Thread 0x000001c908060000 Exception <a 'sun/nio/fs/WindowsException'{0x000000008ef47000}> (0x000000008ef47000) thrown at [./src/hotspot/share/prims/jni.cpp, line 615]
Event: 31.750 Thread 0x000001c90806a000 Exception <a 'sun/nio/fs/WindowsException'{0x000000008efa2d18}> (0x000000008efa2d18) thrown at [./src/hotspot/share/prims/jni.cpp, line 615]
Event: 31.824 Thread 0x000001c90805d800 Exception <a 'sun/nio/fs/WindowsException'{0x000000008e466060}> (0x000000008e466060) thrown at [./src/hotspot/share/prims/jni.cpp, line 615]
Event: 31.833 Thread 0x000001c908060000 Exception <a 'sun/nio/fs/WindowsException'{0x000000008dd555d8}> (0x000000008dd555d8) thrown at [./src/hotspot/share/prims/jni.cpp, line 615]
Event: 31.967 Thread 0x000001c90806a000 Exception <a 'sun/nio/fs/WindowsException'{0x000000008ef0a230}> (0x000000008ef0a230) thrown at [./src/hotspot/share/prims/jni.cpp, line 615]
Event: 31.967 Thread 0x000001c90805d800 Exception <a 'sun/nio/fs/WindowsException'{0x000000008ef1ecc8}> (0x000000008ef1ecc8) thrown at [./src/hotspot/share/prims/jni.cpp, line 615]
Event: 32.003 Thread 0x000001c908069000 Exception <a 'sun/nio/fs/WindowsException'{0x000000008eb842f8}> (0x000000008eb842f8) thrown at [./src/hotspot/share/prims/jni.cpp, line 615]
Event: 32.010 Thread 0x000001c908060000 Exception <a 'sun/nio/fs/WindowsException'{0x000000008ef14f38}> (0x000000008ef14f38) thrown at [./src/hotspot/share/prims/jni.cpp, line 615]
Event: 32.052 Thread 0x000001c90805d800 Exception <a 'sun/nio/fs/WindowsException'{0x000000008e9d9148}> (0x000000008e9d9148) thrown at [./src/hotspot/share/prims/jni.cpp, line 615]
Event: 32.060 Thread 0x000001c90805d800 Exception <a 'sun/nio/fs/WindowsException'{0x000000008e9e11f8}> (0x000000008e9e11f8) thrown at [./src/hotspot/share/prims/jni.cpp, line 615]
Event: 33.265 Thread 0x000001c90b4d1800 Exception <a 'java/lang/NoSuchMethodError'{0x000000008d60f790}: <clinit>> (0x000000008d60f790) thrown at [./src/hotspot/share/prims/jni.cpp, line 1362]
Event: 33.306 Thread 0x000001c908069000 Exception <a 'sun/nio/fs/WindowsException'{0x000000008d3a8ed8}> (0x000000008d3a8ed8) thrown at [./src/hotspot/share/prims/jni.cpp, line 615]
Event: 33.316 Thread 0x000001c908060000 Exception <a 'sun/nio/fs/WindowsException'{0x000000008d17c180}> (0x000000008d17c180) thrown at [./src/hotspot/share/prims/jni.cpp, line 615]
Event: 33.342 Thread 0x000001c908060000 Exception <a 'sun/nio/fs/WindowsException'{0x000000008ce93778}> (0x000000008ce93778) thrown at [./src/hotspot/share/prims/jni.cpp, line 615]
Event: 33.346 Thread 0x000001c90806a000 Exception <a 'sun/nio/fs/WindowsException'{0x000000008cea88e8}> (0x000000008cea88e8) thrown at [./src/hotspot/share/prims/jni.cpp, line 615]
Event: 33.356 Thread 0x000001c90806a000 Exception <a 'sun/nio/fs/WindowsException'{0x000000008cd1f458}> (0x000000008cd1f458) thrown at [./src/hotspot/share/prims/jni.cpp, line 615]
Event: 33.416 Thread 0x000001c908069000 Implicit null exception at 0x000001c97589c1c0 to 0x000001c97589c204
Event: 33.419 Thread 0x000001c908069000 Implicit null exception at 0x000001c9758fa928 to 0x000001c97590014c

Events (20 events):
Event: 33.374 Executing VM operation: RevokeBias done
Event: 33.374 Executing VM operation: RevokeBias
Event: 33.374 Executing VM operation: RevokeBias done
Event: 33.374 Executing VM operation: RevokeBias
Event: 33.374 Executing VM operation: RevokeBias done
Event: 33.374 Executing VM operation: RevokeBias
Event: 33.374 Executing VM operation: RevokeBias done
Event: 33.375 Executing VM operation: RevokeBias
Event: 33.375 Executing VM operation: RevokeBias done
Event: 33.375 Executing VM operation: RevokeBias
Event: 33.375 Executing VM operation: RevokeBias done
Event: 33.375 Executing VM operation: RevokeBias
Event: 33.375 Executing VM operation: RevokeBias done
Event: 33.375 Executing VM operation: RevokeBias
Event: 33.375 Executing VM operation: RevokeBias done
Event: 33.375 Executing VM operation: BulkRevokeBias
Event: 33.377 Executing VM operation: BulkRevokeBias done
Event: 33.392 Executing VM operation: G1CollectForAllocation
Event: 33.405 Executing VM operation: G1CollectForAllocation done
Event: 33.431 Executing VM operation: G1CollectForAllocation


Dynamic libraries:
0x00007ff71b830000 - 0x00007ff71b83a000 	D:\Android Studio\jre\bin\java.exe
0x00007ffdab730000 - 0x00007ffdab925000 	C:\WINDOWS\SYSTEM32\ntdll.dll
0x00007ffda9ef0000 - 0x00007ffda9fae000 	C:\WINDOWS\System32\KERNEL32.DLL
0x00007ffda93b0000 - 0x00007ffda9678000 	C:\WINDOWS\System32\KERNELBASE.dll
0x00007ffda9150000 - 0x00007ffda9250000 	C:\WINDOWS\System32\ucrtbase.dll
0x00007ffda2a80000 - 0x00007ffda2a97000 	D:\Android Studio\jre\bin\VCRUNTIME140.dll
0x00007ffda06e0000 - 0x00007ffda06f9000 	D:\Android Studio\jre\bin\jli.dll
0x00007ffdaae00000 - 0x00007ffdaafa0000 	C:\WINDOWS\System32\USER32.dll
0x00007ffda8fc0000 - 0x00007ffda8fe2000 	C:\WINDOWS\System32\win32u.dll
0x00007ffd96020000 - 0x00007ffd962ba000 	C:\WINDOWS\WinSxS\amd64_microsoft.windows.common-controls_6595b64144ccf1df_6.0.19041.1110_none_60b5254171f9507e\COMCTL32.dll
0x00007ffda9ad0000 - 0x00007ffda9afb000 	C:\WINDOWS\System32\GDI32.dll
0x00007ffda9040000 - 0x00007ffda914d000 	C:\WINDOWS\System32\gdi32full.dll
0x00007ffdaa590000 - 0x00007ffdaa62e000 	C:\WINDOWS\System32\msvcrt.dll
0x00007ffda8e40000 - 0x00007ffda8edd000 	C:\WINDOWS\System32\msvcp_win.dll
0x00007ffda9bc0000 - 0x00007ffda9bf0000 	C:\WINDOWS\System32\IMM32.DLL
0x00007ffd7aff0000 - 0x00007ffd7b08d000 	D:\Android Studio\jre\bin\msvcp140.dll
0x00007ffd692c0000 - 0x00007ffd69d8f000 	D:\Android Studio\jre\bin\server\jvm.dll
0x00007ffdaa430000 - 0x00007ffdaa4de000 	C:\WINDOWS\System32\ADVAPI32.dll
0x00007ffdaa4e0000 - 0x00007ffdaa57c000 	C:\WINDOWS\System32\sechost.dll
0x00007ffdaab20000 - 0x00007ffdaac45000 	C:\WINDOWS\System32\RPCRT4.dll
0x00007ffdaab10000 - 0x00007ffdaab18000 	C:\WINDOWS\System32\PSAPI.DLL
0x00007ffda12c0000 - 0x00007ffda12ca000 	C:\WINDOWS\SYSTEM32\VERSION.dll
0x00007ffd982c0000 - 0x00007ffd982e7000 	C:\WINDOWS\SYSTEM32\WINMM.dll
0x00007ffd90560000 - 0x00007ffd90569000 	C:\WINDOWS\SYSTEM32\WSOCK32.dll
0x00007ffdaa990000 - 0x00007ffdaa9fb000 	C:\WINDOWS\System32\ws2_32.DLL
0x00007ffda7710000 - 0x00007ffda7722000 	C:\WINDOWS\SYSTEM32\kernel.appcore.dll
0x00007ffda1370000 - 0x00007ffda1381000 	D:\Android Studio\jre\bin\verify.dll
0x00007ffda6c20000 - 0x00007ffda6e04000 	C:\WINDOWS\SYSTEM32\DBGHELP.DLL
0x00007ffd8e6f0000 - 0x00007ffd8e71c000 	C:\WINDOWS\SYSTEM32\dbgcore.DLL
0x00007ffda96f0000 - 0x00007ffda9772000 	C:\WINDOWS\System32\bcryptPrimitives.dll
0x00007ffda0660000 - 0x00007ffda0689000 	D:\Android Studio\jre\bin\java.dll
0x00007ffda2b70000 - 0x00007ffda2b7b000 	D:\Android Studio\jre\bin\jimage.dll
0x00007ffda0600000 - 0x00007ffda0618000 	D:\Android Studio\jre\bin\zip.dll
0x00007ffdaafa0000 - 0x00007ffdab6e4000 	C:\WINDOWS\System32\SHELL32.dll
0x00007ffda6e10000 - 0x00007ffda75a4000 	C:\WINDOWS\SYSTEM32\windows.storage.dll
0x00007ffdaa630000 - 0x00007ffdaa985000 	C:\WINDOWS\System32\combase.dll
0x00007ffda8890000 - 0x00007ffda88be000 	C:\WINDOWS\SYSTEM32\Wldp.dll
0x00007ffda9780000 - 0x00007ffda982d000 	C:\WINDOWS\System32\SHCORE.dll
0x00007ffda9b60000 - 0x00007ffda9bb5000 	C:\WINDOWS\System32\shlwapi.dll
0x00007ffda8d80000 - 0x00007ffda8d9f000 	C:\WINDOWS\SYSTEM32\profapi.dll
0x00007ffda0340000 - 0x00007ffda035a000 	D:\Android Studio\jre\bin\net.dll
0x00007ffd9b700000 - 0x00007ffd9b80c000 	C:\WINDOWS\SYSTEM32\WINHTTP.dll
0x00007ffda85f0000 - 0x00007ffda865a000 	C:\WINDOWS\system32\mswsock.dll
0x00007ffd9d350000 - 0x00007ffd9d364000 	D:\Android Studio\jre\bin\nio.dll
0x00007ffd8afa0000 - 0x00007ffd8afc7000 	C:\Users\15031\.gradle\native\8bec1ad78214c89d9ad589b4d07fe93259594b29d510b10fafb7a158f7737e5d\windows-amd64\native-platform.dll
0x00007ffd5feb0000 - 0x00007ffd5ffed000 	C:\Users\15031\.gradle\native\53dbd7edfb1c66fb8903c78663c9afc45aea4f116125fa6feffd364cf09443e8\windows-amd64\native-platform-file-events.dll
0x00007ffda2b50000 - 0x00007ffda2b5a000 	D:\Android Studio\jre\bin\management.dll
0x00007ffda1f10000 - 0x00007ffda1f1c000 	D:\Android Studio\jre\bin\management_ext.dll
0x00007ffda87e0000 - 0x00007ffda87f8000 	C:\WINDOWS\SYSTEM32\CRYPTSP.dll
0x00007ffda7ea0000 - 0x00007ffda7ed4000 	C:\WINDOWS\system32\rsaenh.dll
0x00007ffda8f90000 - 0x00007ffda8fb7000 	C:\WINDOWS\System32\bcrypt.dll
0x00007ffda8d40000 - 0x00007ffda8d6e000 	C:\WINDOWS\SYSTEM32\USERENV.dll
0x00007ffda8800000 - 0x00007ffda880c000 	C:\WINDOWS\SYSTEM32\CRYPTBASE.dll
0x00007ffda8290000 - 0x00007ffda82cb000 	C:\WINDOWS\SYSTEM32\IPHLPAPI.DLL
0x00007ffda9830000 - 0x00007ffda9838000 	C:\WINDOWS\System32\NSI.dll
0x00007ffd9f6c0000 - 0x00007ffd9f6d7000 	C:\WINDOWS\SYSTEM32\dhcpcsvc6.DLL
0x00007ffd9f6a0000 - 0x00007ffd9f6bd000 	C:\WINDOWS\SYSTEM32\dhcpcsvc.DLL
0x00007ffda82e0000 - 0x00007ffda83ab000 	C:\WINDOWS\SYSTEM32\DNSAPI.dll

dbghelp: loaded successfully - version: 4.0.5 - missing functions: none
symbol engine: initialized successfully - sym options: 0x614 - pdb path: .;D:\Android Studio\jre\bin;C:\WINDOWS\SYSTEM32;C:\WINDOWS\WinSxS\amd64_microsoft.windows.common-controls_6595b64144ccf1df_6.0.19041.1110_none_60b5254171f9507e;D:\Android Studio\jre\bin\server;C:\Users\15031\.gradle\native\8bec1ad78214c89d9ad589b4d07fe93259594b29d510b10fafb7a158f7737e5d\windows-amd64;C:\Users\15031\.gradle\native\53dbd7edfb1c66fb8903c78663c9afc45aea4f116125fa6feffd364cf09443e8\windows-amd64

VM Arguments:
jvm_args: --add-opens=java.base/java.util=ALL-UNNAMED --add-opens=java.base/java.lang=ALL-UNNAMED --add-opens=java.base/java.lang.invoke=ALL-UNNAMED --add-opens=java.base/java.util=ALL-UNNAMED --add-opens=java.prefs/java.util.prefs=ALL-UNNAMED --add-opens=java.prefs/java.util.prefs=ALL-UNNAMED --add-opens=java.base/java.nio.charset=ALL-UNNAMED --add-opens=java.base/java.net=ALL-UNNAMED --add-opens=java.base/java.util.concurrent.atomic=ALL-UNNAMED -Xmx2048m -Dfile.encoding=UTF-8 -Duser.country=CN -Duser.language=zh -Duser.variant 
java_command: org.gradle.launcher.daemon.bootstrap.GradleDaemon 7.0.2
java_class_path (initial): C:\Users\15031\.gradle\wrapper\dists\gradle-7.0.2-bin\857tjihv64xamwrf0h14cai3r\gradle-7.0.2\lib\gradle-launcher-7.0.2.jar
Launcher Type: SUN_STANDARD

[Global flags]
     intx CICompilerCount                          = 4                                         {product} {ergonomic}
     uint ConcGCThreads                            = 2                                         {product} {ergonomic}
     uint G1ConcRefinementThreads                  = 8                                         {product} {ergonomic}
   size_t G1HeapRegionSize                         = 1048576                                   {product} {ergonomic}
    uintx GCDrainStackTargetSize                   = 64                                        {product} {ergonomic}
   size_t InitialHeapSize                          = 134217728                                 {product} {ergonomic}
   size_t MarkStackSize                            = 4194304                                   {product} {ergonomic}
   size_t MaxHeapSize                              = 2147483648                                {product} {command line}
   size_t MaxNewSize                               = 1287651328                                {product} {ergonomic}
   size_t MinHeapDeltaBytes                        = 1048576                                   {product} {ergonomic}
    uintx NonNMethodCodeHeapSize                   = 5836300                                {pd product} {ergonomic}
    uintx NonProfiledCodeHeapSize                  = 122910970                              {pd product} {ergonomic}
    uintx ProfiledCodeHeapSize                     = 122910970                              {pd product} {ergonomic}
    uintx ReservedCodeCacheSize                    = 251658240                              {pd product} {ergonomic}
     bool SegmentedCodeCache                       = true                                      {product} {ergonomic}
     bool UseCompressedClassPointers               = true                                 {lp64_product} {ergonomic}
     bool UseCompressedOops                        = true                                 {lp64_product} {ergonomic}
     bool UseG1GC                                  = true                                      {product} {ergonomic}
     bool UseLargePagesIndividualAllocation        = false                                  {pd product} {ergonomic}

Logging:
Log output configuration:
 #0: stdout all=warning uptime,level,tags
 #1: stderr all=off uptime,level,tags

Environment Variables:
PATH=C:\WINDOWS\system32;C:\WINDOWS;C:\WINDOWS\System32\Wbem;C:\WINDOWS\System32\WindowsPowerShell\v1.0\;C:\WINDOWS\System32\OpenSSH\;D:\matlab\runtime\win64;D:\matlab\bin;C:\Program Files\Microsoft SQL Server\130\Tools\Binn\;D:\vscode\Microsoft VS Code\bin;C:\Program Files\nodejs\;D:\wechat\微信web开发者工具\dll;D:\python\Scripts\;D:\python\;C:\Users\15031\AppData\Local\Microsoft\WindowsApps;;D:\pycharm\PyCharm 2021.1\bin;;D:\pycharm\PyCharm Community Edition 2021.1.1\bin;;C:\Users\15031\AppData\Roaming\npm
USERNAME=15031
OS=Windows_NT
PROCESSOR_IDENTIFIER=Intel64 Family 6 Model 142 Stepping 10, GenuineIntel



---------------  S Y S T E M  ---------------

OS: Windows 10 , 64 bit Build 19041 (10.0.19041.1503)
OS uptime: 2 days 4:56 hours

CPU:total 8 (initial active 8) (4 cores per cpu, 2 threads per core) family 6 model 142 stepping 10 microcode 0xb4, cmov, cx8, fxsr, mmx, sse, sse2, sse3, ssse3, sse4.1, sse4.2, popcnt, avx, avx2, aes, clmul, erms, 3dnowpref, lzcnt, ht, tsc, tscinvbit, bmi1, bmi2, adx, fma

Memory: 4k page, system-wide physical 8075M (1371M free)
TotalPageFile size 14219M (AvailPageFile size 95M)
current process WorkingSet (physical memory assigned to process): 534M, peak: 534M
current process commit charge ("private bytes"): 603M, peak: 776M

vm_info: OpenJDK 64-Bit Server VM (11.0.10+0-b96-7249189) for windows-amd64 JRE (11.0.10+0-b96-7249189), built on Mar 31 2021 21:44:00 by "builder" with MS VC++ 14.0 (VS2015)

END.
