#
# There is insufficient memory for the Java Runtime Environment to continue.
# Native memory allocation (mmap) failed to map 202375168 bytes for Failed to commit area from 0x0000000091d00000 to 0x000000009de00000 of length 202375168.
# Possible reasons:
#   The system is out of physical RAM or swap space
#   The process is running with CompressedOops enabled, and the Java Heap may be blocking the growth of the native heap
# Possible solutions:
#   Reduce memory load on the system
#   Increase physical memory or swap space
#   Check if swap backing store is full
#   Decrease Java heap size (-Xmx/-Xms)
#   Decrease number of Java threads
#   Decrease Java thread stack sizes (-Xss)
#   Set larger code cache with -XX:ReservedCodeCacheSize=
#   JVM is running with Unscaled Compressed Oops mode in which the Java heap is
#     placed in the first 4GB address space. The Java Heap base address is the
#     maximum limit for the native heap growth. Please use -XX:HeapBaseMinAddress
#     to set the Java Heap base and to place the Java Heap above 4GB virtual address.
# This output file may be truncated or incomplete.
#
#  Out of Memory Error (./src/hotspot/os/windows/os_windows.cpp:3301), pid=10468, tid=2808
#
# JRE version: OpenJDK Runtime Environment (11.0.10) (build 11.0.10+0-b96-7249189)
# Java VM: OpenJDK 64-Bit Server VM (11.0.10+0-b96-7249189, mixed mode, tiered, compressed oops, g1 gc, windows-amd64)
# No core dump will be written. Minidumps are not enabled by default on client versions of Windows
#

---------------  S U M M A R Y ------------

Command Line: --add-opens=java.base/java.util=ALL-UNNAMED --add-opens=java.base/java.lang=ALL-UNNAMED --add-opens=java.base/java.lang.invoke=ALL-UNNAMED --add-opens=java.base/java.util=ALL-UNNAMED --add-opens=java.prefs/java.util.prefs=ALL-UNNAMED --add-opens=java.prefs/java.util.prefs=ALL-UNNAMED --add-opens=java.base/java.nio.charset=ALL-UNNAMED --add-opens=java.base/java.net=ALL-UNNAMED --add-opens=java.base/java.util.concurrent.atomic=ALL-UNNAMED -Xmx2048m -Dfile.encoding=UTF-8 -Duser.country=CN -Duser.language=zh -Duser.variant org.gradle.launcher.daemon.bootstrap.GradleDaemon 7.0.2

Host: Intel(R) Core(TM) i5-8250U CPU @ 1.60GHz, 8 cores, 7G,  Windows 10 , 64 bit Build 19041 (10.0.19041.1503)
Time: Wed Feb 23 15:43:26 2022 中国标准时间 elapsed time: 42.161842 seconds (0d 0h 0m 42s)

---------------  T H R E A D  ---------------

Current thread (0x0000019d5cb8d800):  VMThread "VM Thread" [stack: 0x0000004d2bb00000,0x0000004d2bc00000] [id=2808]

Stack: [0x0000004d2bb00000,0x0000004d2bc00000]
[error occurred during error reporting (printing stack bounds), id 0xc0000005, EXCEPTION_ACCESS_VIOLATION (0xc0000005) at pc=0x0000019d46220f2d]

Native frames: (J=compiled Java code, j=interpreted, Vv=VM code, C=native code)
V  [jvm.dll+0x5ecfaa]
V  [jvm.dll+0x722bd5]
V  [jvm.dll+0x72412d]
V  [jvm.dll+0x724745]
V  [jvm.dll+0x7246fb]
V  [jvm.dll+0x5ec348]
V  [jvm.dll+0x5ecad8]
C  [ntdll.dll+0xa20cf]
C  [ntdll.dll+0x51454]
C  [ntdll.dll+0xa0bfe]
C  0x0000019d46220f2d

VM_Operation (0x0000004d30bfd770): G1CollectForAllocation, mode: safepoint, requested by thread 0x0000019d6597e000


---------------  P R O C E S S  ---------------

Threads class SMR info:
_java_thread_list=0x0000019d68fcd820, length=79, elements={
0x0000019d4272c000, 0x0000019d5cb91000, 0x0000019d5cb9c800, 0x0000019d5cbae000,
0x0000019d5cbb0000, 0x0000019d5cbb1000, 0x0000019d5cbb4800, 0x0000019d5cbbf800,
0x0000019d5cbc8800, 0x0000019d5d5e1000, 0x0000019d5ef1e000, 0x0000019d607d5000,
0x0000019d5d6fb800, 0x0000019d603ab000, 0x0000019d5e240000, 0x0000019d5f54c000,
0x0000019d5f549800, 0x0000019d5f54b800, 0x0000019d5f54e000, 0x0000019d5f548000,
0x0000019d5f549000, 0x0000019d5ffb7000, 0x0000019d5ffba800, 0x0000019d5ffb8000,
0x0000019d5ffb9800, 0x0000019d5ffb5800, 0x0000019d5ffbc000, 0x0000019d5ffbb800,
0x0000019d60f6c000, 0x0000019d60f6c800, 0x0000019d65008000, 0x0000019d6500c000,
0x0000019d6500a800, 0x0000019d65007000, 0x0000019d6500b000, 0x0000019d65009800,
0x0000019d65006800, 0x0000019d65010000, 0x0000019d65012000, 0x0000019d65012800,
0x0000019d6500d000, 0x0000019d6500d800, 0x0000019d65011000, 0x0000019d65013800,
0x0000019d65014000, 0x0000019d60f69800, 0x0000019d60f6d800, 0x0000019d60f68000,
0x0000019d60f74000, 0x0000019d60f70000, 0x0000019d60f6e800, 0x0000019d60f75800,
0x0000019d60f71000, 0x0000019d60f71800, 0x0000019d60f75000, 0x0000019d5f54d000,
0x0000019d5f54a800, 0x0000019d5f547000, 0x0000019d5ffb6800, 0x0000019d5ffb9000,
0x0000019d6597a800, 0x0000019d6597a000, 0x0000019d6597d000, 0x0000019d6597b800,
0x0000019d6597c000, 0x0000019d65977800, 0x0000019d65978000, 0x0000019d65979000,
0x0000019d6597e800, 0x0000019d6597e000, 0x0000019d6597f800, 0x0000019d65982800,
0x0000019d65985000, 0x0000019d65982000, 0x0000019d65983800, 0x0000019d65986000,
0x0000019d65984800, 0x0000019d65980800, 0x0000019d65981000
}

Java Threads: ( => current thread )
  0x0000019d4272c000 JavaThread "main" [_thread_blocked, id=8568, stack(0x0000004d2b500000,0x0000004d2b600000)]
  0x0000019d5cb91000 JavaThread "Reference Handler" daemon [_thread_blocked, id=7432, stack(0x0000004d2bc00000,0x0000004d2bd00000)]
  0x0000019d5cb9c800 JavaThread "Finalizer" daemon [_thread_blocked, id=2612, stack(0x0000004d2bd00000,0x0000004d2be00000)]
  0x0000019d5cbae000 JavaThread "Signal Dispatcher" daemon [_thread_blocked, id=9012, stack(0x0000004d2be00000,0x0000004d2bf00000)]
  0x0000019d5cbb0000 JavaThread "Attach Listener" daemon [_thread_blocked, id=7844, stack(0x0000004d2bf00000,0x0000004d2c000000)]
  0x0000019d5cbb1000 JavaThread "Service Thread" daemon [_thread_blocked, id=7000, stack(0x0000004d2c000000,0x0000004d2c100000)]
  0x0000019d5cbb4800 JavaThread "C2 CompilerThread0" daemon [_thread_in_native, id=2088, stack(0x0000004d2c100000,0x0000004d2c200000)]
  0x0000019d5cbbf800 JavaThread "C1 CompilerThread0" daemon [_thread_blocked, id=10752, stack(0x0000004d2c200000,0x0000004d2c300000)]
  0x0000019d5cbc8800 JavaThread "Sweeper thread" daemon [_thread_blocked, id=12660, stack(0x0000004d2c300000,0x0000004d2c400000)]
  0x0000019d5d5e1000 JavaThread "Common-Cleaner" daemon [_thread_blocked, id=4116, stack(0x0000004d2c400000,0x0000004d2c500000)]
  0x0000019d5ef1e000 JavaThread "Daemon health stats" [_thread_blocked, id=10972, stack(0x0000004d2c900000,0x0000004d2ca00000)]
  0x0000019d607d5000 JavaThread "Incoming local TCP Connector on port 56881" [_thread_in_native, id=8964, stack(0x0000004d2c600000,0x0000004d2c700000)]
  0x0000019d5d6fb800 JavaThread "Daemon periodic checks" [_thread_blocked, id=12996, stack(0x0000004d2ca00000,0x0000004d2cb00000)]
  0x0000019d603ab000 JavaThread "Daemon" [_thread_blocked, id=9440, stack(0x0000004d2cb00000,0x0000004d2cc00000)]
  0x0000019d5e240000 JavaThread "Daemon worker" [_thread_blocked, id=1848, stack(0x0000004d2ce00000,0x0000004d2cf00000)]
  0x0000019d5f54c000 JavaThread "Cache worker for file hash cache (C:\Users\15031\.gradle\caches\7.0.2\fileHashes)" [_thread_blocked, id=7796, stack(0x0000004d2cf00000,0x0000004d2d000000)]
  0x0000019d5f549800 JavaThread "File lock request listener" [_thread_in_native, id=12332, stack(0x0000004d2d800000,0x0000004d2d900000)]
  0x0000019d5f54b800 JavaThread "Cache worker for journal cache (C:\Users\15031\.gradle\caches\journal-1)" [_thread_blocked, id=13200, stack(0x0000004d2da00000,0x0000004d2db00000)]
  0x0000019d5f54e000 JavaThread "File watcher server" daemon [_thread_blocked, id=3960, stack(0x0000004d2dd00000,0x0000004d2de00000)]
  0x0000019d5f548000 JavaThread "File watcher consumer" daemon [_thread_blocked, id=8040, stack(0x0000004d2de00000,0x0000004d2df00000)]
  0x0000019d5f549000 JavaThread "jar transforms" [_thread_blocked, id=6116, stack(0x0000004d2df00000,0x0000004d2e000000)]
  0x0000019d5ffb7000 JavaThread "jar transforms Thread 2" [_thread_blocked, id=2488, stack(0x0000004d2e000000,0x0000004d2e100000)]
  0x0000019d5ffba800 JavaThread "jar transforms Thread 3" [_thread_blocked, id=9020, stack(0x0000004d2e100000,0x0000004d2e200000)]
  0x0000019d5ffb8000 JavaThread "jar transforms Thread 4" [_thread_blocked, id=9868, stack(0x0000004d2e200000,0x0000004d2e300000)]
  0x0000019d5ffb9800 JavaThread "jar transforms Thread 5" [_thread_blocked, id=716, stack(0x0000004d2e300000,0x0000004d2e400000)]
  0x0000019d5ffb5800 JavaThread "jar transforms Thread 6" [_thread_blocked, id=5600, stack(0x0000004d2e400000,0x0000004d2e500000)]
  0x0000019d5ffbc000 JavaThread "jar transforms Thread 7" [_thread_blocked, id=1000, stack(0x0000004d2e500000,0x0000004d2e600000)]
  0x0000019d5ffbb800 JavaThread "jar transforms Thread 8" [_thread_blocked, id=5284, stack(0x0000004d2e600000,0x0000004d2e700000)]
  0x0000019d60f6c000 JavaThread "Cache worker for execution history cache (C:\Users\15031\.gradle\caches\7.0.2\executionHistory)" [_thread_blocked, id=9192, stack(0x0000004d2ea00000,0x0000004d2eb00000)]
  0x0000019d60f6c800 JavaThread "Cache worker for file content cache (C:\Users\15031\.gradle\caches\7.0.2\fileContent)" [_thread_blocked, id=600, stack(0x0000004d2ec00000,0x0000004d2ed00000)]
  0x0000019d65008000 JavaThread "Memory manager" [_thread_blocked, id=6612, stack(0x0000004d2f700000,0x0000004d2f800000)]
  0x0000019d6500c000 JavaThread "Handler for socket connection from /127.0.0.1:56881 to /127.0.0.1:56897" [_thread_in_native, id=6756, stack(0x0000004d2d000000,0x0000004d2d100000)]
  0x0000019d6500a800 JavaThread "Cancel handler" [_thread_blocked, id=13152, stack(0x0000004d2d100000,0x0000004d2d200000)]
  0x0000019d65007000 JavaThread "Asynchronous log dispatcher for DefaultDaemonConnection: socket connection from /127.0.0.1:56881 to /127.0.0.1:56897" [_thread_blocked, id=7320, stack(0x0000004d2d200000,0x0000004d2d300000)]
  0x0000019d6500b000 JavaThread "Stdin handler" [_thread_blocked, id=10868, stack(0x0000004d2db00000,0x0000004d2dc00000)]
  0x0000019d65009800 JavaThread "Daemon client event forwarder" [_thread_blocked, id=10756, stack(0x0000004d2dc00000,0x0000004d2dd00000)]
  0x0000019d65006800 JavaThread "Cache worker for file hash cache (D:\SmartApp\.gradle\7.0.2\fileHashes)" [_thread_blocked, id=7820, stack(0x0000004d2e700000,0x0000004d2e800000)]
  0x0000019d65010000 JavaThread "C2 CompilerThread1" daemon [_thread_blocked, id=6732, stack(0x0000004d2e800000,0x0000004d2e900000)]
  0x0000019d65012000 JavaThread "Cache worker for checksums cache (D:\SmartApp\.gradle\checksums)" [_thread_blocked, id=3428, stack(0x0000004d2e900000,0x0000004d2ea00000)]
  0x0000019d65012800 JavaThread "Cache worker for cache directory md-supplier (C:\Users\15031\.gradle\caches\7.0.2\md-supplier)" [_thread_blocked, id=8036, stack(0x0000004d2eb00000,0x0000004d2ec00000)]
  0x0000019d6500d000 JavaThread "Cache worker for cache directory md-rule (C:\Users\15031\.gradle\caches\7.0.2\md-rule)" [_thread_blocked, id=9424, stack(0x0000004d2ed00000,0x0000004d2ee00000)]
  0x0000019d6500d800 JavaThread "Cache worker for dependencies-accessors (D:\SmartApp\.gradle\7.0.2\dependencies-accessors)" [_thread_blocked, id=2636, stack(0x0000004d2ee00000,0x0000004d2ef00000)]
  0x0000019d65011000 JavaThread "Cache worker for Build Output Cleanup Cache (D:\SmartApp\.gradle\buildOutputCleanup)" [_thread_blocked, id=7980, stack(0x0000004d2ef00000,0x0000004d2f000000)]
  0x0000019d65013800 JavaThread "Build operations" [_thread_blocked, id=9308, stack(0x0000004d2f000000,0x0000004d2f100000)]
  0x0000019d65014000 JavaThread "Build operations Thread 2" [_thread_blocked, id=11824, stack(0x0000004d2f100000,0x0000004d2f200000)]
  0x0000019d60f69800 JavaThread "Build operations Thread 3" [_thread_blocked, id=11036, stack(0x0000004d2f200000,0x0000004d2f300000)]
  0x0000019d60f6d800 JavaThread "Build operations Thread 4" [_thread_blocked, id=6852, stack(0x0000004d2f300000,0x0000004d2f400000)]
  0x0000019d60f68000 JavaThread "Build operations Thread 5" [_thread_blocked, id=8132, stack(0x0000004d2f400000,0x0000004d2f500000)]
  0x0000019d60f74000 JavaThread "Build operations Thread 6" [_thread_blocked, id=8508, stack(0x0000004d2f500000,0x0000004d2f600000)]
  0x0000019d60f70000 JavaThread "Build operations Thread 7" [_thread_blocked, id=8648, stack(0x0000004d2f600000,0x0000004d2f700000)]
  0x0000019d60f6e800 JavaThread "Build operations Thread 8" [_thread_blocked, id=8664, stack(0x0000004d2f800000,0x0000004d2f900000)]
  0x0000019d60f75800 JavaThread "build event listener" [_thread_blocked, id=4448, stack(0x0000004d2f900000,0x0000004d2fa00000)]
  0x0000019d60f71000 JavaThread "Execution worker for ':'" [_thread_blocked, id=9580, stack(0x0000004d2fa00000,0x0000004d2fb00000)]
  0x0000019d60f71800 JavaThread "Execution worker for ':' Thread 2" [_thread_blocked, id=12888, stack(0x0000004d2fb00000,0x0000004d2fc00000)]
  0x0000019d60f75000 JavaThread "Execution worker for ':' Thread 3" [_thread_blocked, id=5088, stack(0x0000004d2fc00000,0x0000004d2fd00000)]
  0x0000019d5f54d000 JavaThread "Execution worker for ':' Thread 4" [_thread_blocked, id=240, stack(0x0000004d2fd00000,0x0000004d2fe00000)]
  0x0000019d5f54a800 JavaThread "Execution worker for ':' Thread 5" [_thread_blocked, id=10648, stack(0x0000004d2fe00000,0x0000004d2ff00000)]
  0x0000019d5f547000 JavaThread "Execution worker for ':' Thread 6" [_thread_blocked, id=1520, stack(0x0000004d2ff00000,0x0000004d30000000)]
  0x0000019d5ffb6800 JavaThread "Execution worker for ':' Thread 7" [_thread_blocked, id=8204, stack(0x0000004d30000000,0x0000004d30100000)]
  0x0000019d5ffb9000 JavaThread "Cache worker for execution history cache (D:\SmartApp\.gradle\7.0.2\executionHistory)" [_thread_blocked, id=12104, stack(0x0000004d30100000,0x0000004d30200000)]
  0x0000019d6597a800 JavaThread "Cache worker for Java compile cache (C:\Users\15031\.gradle\caches\7.0.2\javaCompile)" [_thread_blocked, id=5460, stack(0x0000004d30200000,0x0000004d30300000)]
  0x0000019d6597a000 JavaThread "Cache worker for Java compile cache (D:\SmartApp\.gradle\7.0.2\javaCompile)" [_thread_blocked, id=9940, stack(0x0000004d30300000,0x0000004d30400000)]
  0x0000019d6597d000 JavaThread "WorkerExecutor Queue" [_thread_blocked, id=1144, stack(0x0000004d30400000,0x0000004d30500000)]
  0x0000019d6597b800 JavaThread "WorkerExecutor Queue Thread 2" [_thread_blocked, id=4624, stack(0x0000004d30500000,0x0000004d30600000)]
  0x0000019d6597c000 JavaThread "WorkerExecutor Queue Thread 3" [_thread_blocked, id=2668, stack(0x0000004d30600000,0x0000004d30700000)]
  0x0000019d65977800 JavaThread "ForkJoinPool-2-worker-3" daemon [_thread_blocked, id=11712, stack(0x0000004d30700000,0x0000004d30800000)]
  0x0000019d65978000 JavaThread "ForkJoinPool-2-worker-5" daemon [_thread_blocked, id=12372, stack(0x0000004d30800000,0x0000004d30900000)]
  0x0000019d65979000 JavaThread "ForkJoinPool-2-worker-7" daemon [_thread_blocked, id=11476, stack(0x0000004d30900000,0x0000004d30a00000)]
  0x0000019d6597e800 JavaThread "ForkJoinPool-2-worker-9" daemon [_thread_blocked, id=11552, stack(0x0000004d30a00000,0x0000004d30b00000)]
  0x0000019d6597e000 JavaThread "ForkJoinPool-2-worker-11" daemon [_thread_blocked, id=6276, stack(0x0000004d30b00000,0x0000004d30c00000)]
  0x0000019d6597f800 JavaThread "ForkJoinPool-2-worker-13" daemon [_thread_blocked, id=8748, stack(0x0000004d30c00000,0x0000004d30d00000)]
  0x0000019d65982800 JavaThread "ForkJoinPool-2-worker-15" daemon [_thread_blocked, id=4320, stack(0x0000004d30d00000,0x0000004d30e00000)]
  0x0000019d65985000 JavaThread "ForkJoinPool-2-worker-1" daemon [_thread_blocked, id=8304, stack(0x0000004d30e00000,0x0000004d30f00000)]
  0x0000019d65982000 JavaThread "WorkerExecutor Queue Thread 4" [_thread_blocked, id=10820, stack(0x0000004d30f00000,0x0000004d31000000)]
  0x0000019d65983800 JavaThread "WorkerExecutor Queue Thread 5" [_thread_blocked, id=7336, stack(0x0000004d31000000,0x0000004d31100000)]
  0x0000019d65986000 JavaThread "WorkerExecutor Queue Thread 6" [_thread_blocked, id=8008, stack(0x0000004d31100000,0x0000004d31200000)]
  0x0000019d65984800 JavaThread "WorkerExecutor Queue Thread 7" [_thread_blocked, id=11408, stack(0x0000004d31200000,0x0000004d31300000)]
  0x0000019d65980800 JavaThread "WorkerExecutor Queue Thread 8" [_thread_blocked, id=10056, stack(0x0000004d31300000,0x0000004d31400000)]
  0x0000019d65981000 JavaThread "WorkerExecutor Queue Thread 9" [_thread_blocked, id=4812, stack(0x0000004d31400000,0x0000004d31500000)]

Other Threads:
=>0x0000019d5cb8d800 VMThread "VM Thread" [stack: 0x0000004d2bb00000,0x0000004d2bc00000] [id=2808]
  0x0000019d5d601000 WatcherThread [stack: 0x0000004d2c500000,0x0000004d2c600000] [id=3624]
  0x0000019d42744000 GCTaskThread "GC Thread#0" [stack: 0x0000004d2b600000,0x0000004d2b700000] [id=9504]
  0x0000019d5e117000 GCTaskThread "GC Thread#1" [stack: 0x0000004d2c700000,0x0000004d2c800000] [id=12240]
  0x0000019d5e11a000 GCTaskThread "GC Thread#2" [stack: 0x0000004d2c800000,0x0000004d2c900000] [id=8864]
  0x0000019d5f5a3000 GCTaskThread "GC Thread#3" [stack: 0x0000004d2d300000,0x0000004d2d400000] [id=10504]
  0x0000019d5f5a3800 GCTaskThread "GC Thread#4" [stack: 0x0000004d2d400000,0x0000004d2d500000] [id=5636]
  0x0000019d5f5a4000 GCTaskThread "GC Thread#5" [stack: 0x0000004d2d500000,0x0000004d2d600000] [id=5280]
  0x0000019d60079800 GCTaskThread "GC Thread#6" [stack: 0x0000004d2d600000,0x0000004d2d700000] [id=12364]
  0x0000019d5e7aa800 GCTaskThread "GC Thread#7" [stack: 0x0000004d2d700000,0x0000004d2d800000] [id=3568]
  0x0000019d42779000 ConcurrentGCThread "G1 Main Marker" [stack: 0x0000004d2b700000,0x0000004d2b800000] [id=10116]
  0x0000019d4277a000 ConcurrentGCThread "G1 Conc#0" [stack: 0x0000004d2b800000,0x0000004d2b900000] [id=8020]
  0x0000019d5f7e1000 ConcurrentGCThread "G1 Conc#1" [stack: 0x0000004d2d900000,0x0000004d2da00000] [id=12852]
  0x0000019d5c9e0800 ConcurrentGCThread "G1 Refine#0" [stack: 0x0000004d2b900000,0x0000004d2ba00000] [id=3464]
  0x0000019d4280a000 ConcurrentGCThread "G1 Young RemSet Sampling" [stack: 0x0000004d2ba00000,0x0000004d2bb00000] [id=7852]

Threads with active compile tasks:
C2 CompilerThread0  42197 14564       4       com.android.tools.r8.graph.u::a (95 bytes)
C1 CompilerThread0  42197 15671   !   2       com.android.tools.r8.graph.i::a (1446 bytes)
C2 CompilerThread1  42197 14770       4       com.android.tools.r8.internal.h8::a (101 bytes)

VM state:at safepoint (normal execution)

VM Mutex/Monitor currently owned by a thread:  ([mutex/lock_event])
[0x0000019d4272b4c0] Threads_lock - owner thread: 0x0000019d5cb8d800
[0x0000019d4272b550] Heap_lock - owner thread: 0x0000019d6597e000

Heap address: 0x0000000080000000, size: 2048 MB, Compressed Oops mode: 32-bit
Narrow klass base: 0x0000000000000000, Narrow klass shift: 3
Compressed class space size: 1073741824 Address: 0x0000000100000000

Heap:
 garbage-first heap   total 489472K, used 192027K [0x0000000080000000, 0x0000000100000000)
  region size 1024K, 6 young (6144K), 6 survivors (6144K)
 Metaspace       used 116932K, capacity 120719K, committed 120832K, reserved 1153024K
  class space    used 15176K, capacity 16541K, committed 16640K, reserved 1048576K
Heap Regions: E=young(eden), S=young(survivor), O=old, HS=humongous(starts), HC=humongous(continues), CS=collection set, F=free, A=archive, TAMS=top-at-mark-start (previous, next)
|   0|0x0000000080000000, 0x0000000080100000, 0x0000000080100000|100%| O|  |TAMS 0x0000000080100000, 0x0000000080000000| Untracked 
|   1|0x0000000080100000, 0x0000000080200000, 0x0000000080200000|100%| O|  |TAMS 0x0000000080200000, 0x0000000080100000| Untracked 
|   2|0x0000000080200000, 0x0000000080300000, 0x0000000080300000|100%| O|  |TAMS 0x0000000080300000, 0x0000000080200000| Untracked 
|   3|0x0000000080300000, 0x0000000080400000, 0x0000000080400000|100%|HS|  |TAMS 0x0000000080400000, 0x0000000080300000| Complete 
|   4|0x0000000080400000, 0x0000000080500000, 0x0000000080500000|100%|HC|  |TAMS 0x0000000080500000, 0x0000000080400000| Complete 
|   5|0x0000000080500000, 0x0000000080600000, 0x0000000080600000|100%|HC|  |TAMS 0x0000000080600000, 0x0000000080500000| Complete 
|   6|0x0000000080600000, 0x0000000080700000, 0x0000000080700000|100%| O|  |TAMS 0x0000000080700000, 0x0000000080600000| Untracked 
|   7|0x0000000080700000, 0x0000000080800000, 0x0000000080800000|100%| O|  |TAMS 0x0000000080800000, 0x0000000080700000| Untracked 
|   8|0x0000000080800000, 0x0000000080900000, 0x0000000080900000|100%| O|  |TAMS 0x0000000080900000, 0x0000000080800000| Untracked 
|   9|0x0000000080900000, 0x0000000080a00000, 0x0000000080a00000|100%| O|  |TAMS 0x0000000080a00000, 0x0000000080900000| Untracked 
|  10|0x0000000080a00000, 0x0000000080b00000, 0x0000000080b00000|100%| O|  |TAMS 0x0000000080b00000, 0x0000000080a00000| Untracked 
|  11|0x0000000080b00000, 0x0000000080c00000, 0x0000000080c00000|100%| O|  |TAMS 0x0000000080c00000, 0x0000000080b00000| Untracked 
|  12|0x0000000080c00000, 0x0000000080d00000, 0x0000000080d00000|100%| O|  |TAMS 0x0000000080d00000, 0x0000000080c00000| Untracked 
|  13|0x0000000080d00000, 0x0000000080e00000, 0x0000000080e00000|100%| O|  |TAMS 0x0000000080e00000, 0x0000000080d00000| Untracked 
|  14|0x0000000080e00000, 0x0000000080f00000, 0x0000000080f00000|100%| O|  |TAMS 0x0000000080f00000, 0x0000000080e00000| Untracked 
|  15|0x0000000080f00000, 0x0000000081000000, 0x0000000081000000|100%| O|  |TAMS 0x0000000081000000, 0x0000000080f00000| Untracked 
|  16|0x0000000081000000, 0x0000000081100000, 0x0000000081100000|100%|HS|  |TAMS 0x0000000081100000, 0x0000000081000000| Complete 
|  17|0x0000000081100000, 0x0000000081200000, 0x0000000081200000|100%|HC|  |TAMS 0x0000000081200000, 0x0000000081100000| Complete 
|  18|0x0000000081200000, 0x0000000081300000, 0x0000000081300000|100%|HS|  |TAMS 0x0000000081300000, 0x0000000081200000| Complete 
|  19|0x0000000081300000, 0x0000000081400000, 0x0000000081400000|100%|HC|  |TAMS 0x0000000081400000, 0x0000000081300000| Complete 
|  20|0x0000000081400000, 0x0000000081500000, 0x0000000081500000|100%|HC|  |TAMS 0x0000000081500000, 0x0000000081400000| Complete 
|  21|0x0000000081500000, 0x0000000081600000, 0x0000000081600000|100%|HS|  |TAMS 0x0000000081600000, 0x0000000081500000| Complete 
|  22|0x0000000081600000, 0x0000000081700000, 0x0000000081700000|100%|HC|  |TAMS 0x0000000081700000, 0x0000000081600000| Complete 
|  23|0x0000000081700000, 0x0000000081800000, 0x0000000081800000|100%|HC|  |TAMS 0x0000000081800000, 0x0000000081700000| Complete 
|  24|0x0000000081800000, 0x0000000081900000, 0x0000000081900000|100%|HC|  |TAMS 0x0000000081900000, 0x0000000081800000| Complete 
|  25|0x0000000081900000, 0x0000000081a00000, 0x0000000081a00000|100%|HC|  |TAMS 0x0000000081a00000, 0x0000000081900000| Complete 
|  26|0x0000000081a00000, 0x0000000081b00000, 0x0000000081b00000|100%| O|  |TAMS 0x0000000081b00000, 0x0000000081a00000| Untracked 
|  27|0x0000000081b00000, 0x0000000081c00000, 0x0000000081c00000|100%|HS|  |TAMS 0x0000000081c00000, 0x0000000081b00000| Complete 
|  28|0x0000000081c00000, 0x0000000081d00000, 0x0000000081d00000|100%|HC|  |TAMS 0x0000000081d00000, 0x0000000081c00000| Complete 
|  29|0x0000000081d00000, 0x0000000081e00000, 0x0000000081e00000|100%|HC|  |TAMS 0x0000000081e00000, 0x0000000081d00000| Complete 
|  30|0x0000000081e00000, 0x0000000081f00000, 0x0000000081f00000|100%| O|  |TAMS 0x0000000081f00000, 0x0000000081e00000| Untracked 
|  31|0x0000000081f00000, 0x0000000082000000, 0x0000000082000000|100%| O|  |TAMS 0x0000000082000000, 0x0000000081f00000| Untracked 
|  32|0x0000000082000000, 0x0000000082100000, 0x0000000082100000|100%| O|  |TAMS 0x0000000082100000, 0x0000000082000000| Untracked 
|  33|0x0000000082100000, 0x0000000082200000, 0x0000000082200000|100%| O|  |TAMS 0x0000000082200000, 0x0000000082100000| Untracked 
|  34|0x0000000082200000, 0x0000000082300000, 0x0000000082300000|100%|HS|  |TAMS 0x0000000082300000, 0x0000000082200000| Complete 
|  35|0x0000000082300000, 0x0000000082400000, 0x0000000082400000|100%|HC|  |TAMS 0x0000000082400000, 0x0000000082300000| Complete 
|  36|0x0000000082400000, 0x0000000082500000, 0x0000000082500000|100%|HC|  |TAMS 0x0000000082500000, 0x0000000082400000| Complete 
|  37|0x0000000082500000, 0x0000000082600000, 0x0000000082600000|100%|HC|  |TAMS 0x0000000082600000, 0x0000000082500000| Complete 
|  38|0x0000000082600000, 0x0000000082700000, 0x0000000082700000|100%|HC|  |TAMS 0x0000000082700000, 0x0000000082600000| Complete 
|  39|0x0000000082700000, 0x0000000082800000, 0x0000000082800000|100%| O|  |TAMS 0x0000000082800000, 0x0000000082700000| Untracked 
|  40|0x0000000082800000, 0x0000000082900000, 0x0000000082900000|100%| O|  |TAMS 0x0000000082900000, 0x0000000082800000| Untracked 
|  41|0x0000000082900000, 0x0000000082a00000, 0x0000000082a00000|100%| O|  |TAMS 0x0000000082a00000, 0x0000000082900000| Untracked 
|  42|0x0000000082a00000, 0x0000000082b00000, 0x0000000082b00000|100%| O|  |TAMS 0x0000000082b00000, 0x0000000082a00000| Untracked 
|  43|0x0000000082b00000, 0x0000000082c00000, 0x0000000082c00000|100%| O|  |TAMS 0x0000000082c00000, 0x0000000082b00000| Untracked 
|  44|0x0000000082c00000, 0x0000000082d00000, 0x0000000082d00000|100%| O|  |TAMS 0x0000000082d00000, 0x0000000082c00000| Untracked 
|  45|0x0000000082d00000, 0x0000000082e00000, 0x0000000082e00000|100%| O|  |TAMS 0x0000000082e00000, 0x0000000082d00000| Untracked 
|  46|0x0000000082e00000, 0x0000000082f00000, 0x0000000082f00000|100%| O|  |TAMS 0x0000000082f00000, 0x0000000082e00000| Untracked 
|  47|0x0000000082f00000, 0x0000000083000000, 0x0000000083000000|100%| O|  |TAMS 0x0000000083000000, 0x0000000082f00000| Untracked 
|  48|0x0000000083000000, 0x0000000083100000, 0x0000000083100000|100%| O|  |TAMS 0x0000000083100000, 0x0000000083000000| Untracked 
|  49|0x0000000083100000, 0x0000000083200000, 0x0000000083200000|100%| O|  |TAMS 0x0000000083200000, 0x0000000083100000| Untracked 
|  50|0x0000000083200000, 0x0000000083300000, 0x0000000083300000|100%|HS|  |TAMS 0x0000000083300000, 0x0000000083200000| Complete 
|  51|0x0000000083300000, 0x0000000083400000, 0x0000000083400000|100%|HS|  |TAMS 0x0000000083400000, 0x0000000083300000| Complete 
|  52|0x0000000083400000, 0x0000000083500000, 0x0000000083500000|100%|HS|  |TAMS 0x0000000083500000, 0x0000000083400000| Complete 
|  53|0x0000000083500000, 0x0000000083600000, 0x0000000083600000|100%|HC|  |TAMS 0x0000000083600000, 0x0000000083500000| Complete 
|  54|0x0000000083600000, 0x0000000083700000, 0x0000000083700000|100%| O|  |TAMS 0x0000000083700000, 0x0000000083600000| Untracked 
|  55|0x0000000083700000, 0x0000000083800000, 0x0000000083800000|100%| O|  |TAMS 0x0000000083800000, 0x0000000083700000| Untracked 
|  56|0x0000000083800000, 0x0000000083900000, 0x0000000083900000|100%| O|  |TAMS 0x0000000083900000, 0x0000000083800000| Untracked 
|  57|0x0000000083900000, 0x0000000083a00000, 0x0000000083a00000|100%| O|  |TAMS 0x0000000083a00000, 0x0000000083900000| Untracked 
|  58|0x0000000083a00000, 0x0000000083b00000, 0x0000000083b00000|100%| O|  |TAMS 0x0000000083b00000, 0x0000000083a00000| Untracked 
|  59|0x0000000083b00000, 0x0000000083c00000, 0x0000000083c00000|100%| O|  |TAMS 0x0000000083c00000, 0x0000000083b00000| Untracked 
|  60|0x0000000083c00000, 0x0000000083d00000, 0x0000000083d00000|100%| O|  |TAMS 0x0000000083d00000, 0x0000000083c00000| Untracked 
|  61|0x0000000083d00000, 0x0000000083e00000, 0x0000000083e00000|100%| O|  |TAMS 0x0000000083e00000, 0x0000000083d00000| Untracked 
|  62|0x0000000083e00000, 0x0000000083f00000, 0x0000000083f00000|100%| O|  |TAMS 0x0000000083f00000, 0x0000000083e00000| Untracked 
|  63|0x0000000083f00000, 0x0000000084000000, 0x0000000084000000|100%| O|  |TAMS 0x0000000084000000, 0x0000000083f00000| Untracked 
|  64|0x0000000084000000, 0x0000000084100000, 0x0000000084100000|100%| O|  |TAMS 0x0000000084100000, 0x0000000084000000| Untracked 
|  65|0x0000000084100000, 0x0000000084200000, 0x0000000084200000|100%| O|  |TAMS 0x0000000084200000, 0x0000000084100000| Untracked 
|  66|0x0000000084200000, 0x0000000084300000, 0x0000000084300000|100%| O|  |TAMS 0x0000000084300000, 0x0000000084200000| Untracked 
|  67|0x0000000084300000, 0x0000000084400000, 0x0000000084400000|100%| O|  |TAMS 0x0000000084400000, 0x0000000084300000| Untracked 
|  68|0x0000000084400000, 0x0000000084500000, 0x0000000084500000|100%| O|  |TAMS 0x0000000084500000, 0x0000000084400000| Untracked 
|  69|0x0000000084500000, 0x0000000084600000, 0x0000000084600000|100%| O|  |TAMS 0x0000000084600000, 0x0000000084500000| Untracked 
|  70|0x0000000084600000, 0x0000000084700000, 0x0000000084700000|100%| O|  |TAMS 0x0000000084700000, 0x0000000084600000| Untracked 
|  71|0x0000000084700000, 0x0000000084800000, 0x0000000084800000|100%| O|  |TAMS 0x0000000084800000, 0x0000000084700000| Untracked 
|  72|0x0000000084800000, 0x0000000084900000, 0x0000000084900000|100%| O|  |TAMS 0x0000000084900000, 0x0000000084800000| Untracked 
|  73|0x0000000084900000, 0x0000000084a00000, 0x0000000084a00000|100%| O|  |TAMS 0x0000000084a00000, 0x0000000084900000| Untracked 
|  74|0x0000000084a00000, 0x0000000084b00000, 0x0000000084b00000|100%| O|  |TAMS 0x0000000084b00000, 0x0000000084a00000| Untracked 
|  75|0x0000000084b00000, 0x0000000084c00000, 0x0000000084c00000|100%| O|  |TAMS 0x0000000084c00000, 0x0000000084b00000| Untracked 
|  76|0x0000000084c00000, 0x0000000084d00000, 0x0000000084d00000|100%| O|  |TAMS 0x0000000084d00000, 0x0000000084c00000| Untracked 
|  77|0x0000000084d00000, 0x0000000084e00000, 0x0000000084e00000|100%| O|  |TAMS 0x0000000084e00000, 0x0000000084d00000| Untracked 
|  78|0x0000000084e00000, 0x0000000084f00000, 0x0000000084f00000|100%| O|  |TAMS 0x0000000084f00000, 0x0000000084e00000| Untracked 
|  79|0x0000000084f00000, 0x0000000085000000, 0x0000000085000000|100%| O|  |TAMS 0x0000000085000000, 0x0000000084f00000| Untracked 
|  80|0x0000000085000000, 0x0000000085100000, 0x0000000085100000|100%| O|  |TAMS 0x0000000085100000, 0x0000000085000000| Untracked 
|  81|0x0000000085100000, 0x0000000085200000, 0x0000000085200000|100%| O|  |TAMS 0x0000000085200000, 0x0000000085100000| Untracked 
|  82|0x0000000085200000, 0x0000000085300000, 0x0000000085300000|100%| O|  |TAMS 0x0000000085300000, 0x0000000085200000| Untracked 
|  83|0x0000000085300000, 0x0000000085400000, 0x0000000085400000|100%| O|  |TAMS 0x0000000085400000, 0x0000000085300000| Untracked 
|  84|0x0000000085400000, 0x0000000085500000, 0x0000000085500000|100%| O|  |TAMS 0x0000000085500000, 0x0000000085400000| Untracked 
|  85|0x0000000085500000, 0x0000000085600000, 0x0000000085600000|100%| O|  |TAMS 0x0000000085600000, 0x0000000085500000| Untracked 
|  86|0x0000000085600000, 0x0000000085700000, 0x0000000085700000|100%| O|  |TAMS 0x0000000085700000, 0x0000000085600000| Untracked 
|  87|0x0000000085700000, 0x0000000085800000, 0x0000000085800000|100%| O|  |TAMS 0x0000000085800000, 0x0000000085700000| Untracked 
|  88|0x0000000085800000, 0x0000000085900000, 0x0000000085900000|100%| O|  |TAMS 0x0000000085900000, 0x0000000085800000| Untracked 
|  89|0x0000000085900000, 0x0000000085a00000, 0x0000000085a00000|100%| O|  |TAMS 0x0000000085a00000, 0x0000000085900000| Untracked 
|  90|0x0000000085a00000, 0x0000000085b00000, 0x0000000085b00000|100%| O|  |TAMS 0x0000000085b00000, 0x0000000085a00000| Untracked 
|  91|0x0000000085b00000, 0x0000000085c00000, 0x0000000085c00000|100%| O|  |TAMS 0x0000000085c00000, 0x0000000085b00000| Untracked 
|  92|0x0000000085c00000, 0x0000000085d00000, 0x0000000085d00000|100%| O|  |TAMS 0x0000000085d00000, 0x0000000085c00000| Untracked 
|  93|0x0000000085d00000, 0x0000000085e00000, 0x0000000085e00000|100%| O|  |TAMS 0x0000000085e00000, 0x0000000085d00000| Untracked 
|  94|0x0000000085e00000, 0x0000000085f00000, 0x0000000085f00000|100%| O|  |TAMS 0x0000000085f00000, 0x0000000085e00000| Untracked 
|  95|0x0000000085f00000, 0x0000000086000000, 0x0000000086000000|100%| O|  |TAMS 0x0000000086000000, 0x0000000085f00000| Untracked 
|  96|0x0000000086000000, 0x0000000086100000, 0x0000000086100000|100%| O|  |TAMS 0x0000000086100000, 0x0000000086000000| Untracked 
|  97|0x0000000086100000, 0x0000000086200000, 0x0000000086200000|100%| O|  |TAMS 0x0000000086200000, 0x0000000086100000| Untracked 
|  98|0x0000000086200000, 0x0000000086300000, 0x0000000086300000|100%| O|  |TAMS 0x0000000086300000, 0x0000000086200000| Untracked 
|  99|0x0000000086300000, 0x0000000086400000, 0x0000000086400000|100%| O|  |TAMS 0x0000000086400000, 0x0000000086300000| Untracked 
| 100|0x0000000086400000, 0x0000000086500000, 0x0000000086500000|100%| O|  |TAMS 0x0000000086500000, 0x0000000086400000| Untracked 
| 101|0x0000000086500000, 0x0000000086600000, 0x0000000086600000|100%| O|  |TAMS 0x0000000086600000, 0x0000000086500000| Untracked 
| 102|0x0000000086600000, 0x0000000086700000, 0x0000000086700000|100%| O|  |TAMS 0x0000000086700000, 0x0000000086600000| Untracked 
| 103|0x0000000086700000, 0x0000000086800000, 0x0000000086800000|100%| O|  |TAMS 0x0000000086800000, 0x0000000086700000| Untracked 
| 104|0x0000000086800000, 0x0000000086900000, 0x0000000086900000|100%| O|  |TAMS 0x0000000086900000, 0x0000000086800000| Untracked 
| 105|0x0000000086900000, 0x0000000086a00000, 0x0000000086a00000|100%| O|  |TAMS 0x0000000086a00000, 0x0000000086900000| Untracked 
| 106|0x0000000086a00000, 0x0000000086b00000, 0x0000000086b00000|100%| O|  |TAMS 0x0000000086b00000, 0x0000000086a00000| Untracked 
| 107|0x0000000086b00000, 0x0000000086c00000, 0x0000000086c00000|100%| O|  |TAMS 0x0000000086b00000, 0x0000000086b00000| Untracked 
| 108|0x0000000086c00000, 0x0000000086d00000, 0x0000000086d00000|100%| O|  |TAMS 0x0000000086d00000, 0x0000000086c00000| Untracked 
| 109|0x0000000086d00000, 0x0000000086e00000, 0x0000000086e00000|100%| O|  |TAMS 0x0000000086e00000, 0x0000000086d00000| Untracked 
| 110|0x0000000086e00000, 0x0000000086f00000, 0x0000000086f00000|100%| O|  |TAMS 0x0000000086f00000, 0x0000000086e00000| Untracked 
| 111|0x0000000086f00000, 0x0000000087000000, 0x0000000087000000|100%| O|  |TAMS 0x0000000087000000, 0x0000000086f00000| Untracked 
| 112|0x0000000087000000, 0x0000000087100000, 0x0000000087100000|100%|HS|  |TAMS 0x0000000087100000, 0x0000000087000000| Complete 
| 113|0x0000000087100000, 0x0000000087200000, 0x0000000087200000|100%|HC|  |TAMS 0x0000000087200000, 0x0000000087100000| Complete 
| 114|0x0000000087200000, 0x0000000087300000, 0x0000000087300000|100%|HS|  |TAMS 0x0000000087300000, 0x0000000087200000| Complete 
| 115|0x0000000087300000, 0x0000000087400000, 0x0000000087400000|100%|HS|  |TAMS 0x0000000087400000, 0x0000000087300000| Complete 
| 116|0x0000000087400000, 0x0000000087500000, 0x0000000087500000|100%| O|  |TAMS 0x0000000087500000, 0x0000000087400000| Untracked 
| 117|0x0000000087500000, 0x0000000087600000, 0x0000000087600000|100%|HS|  |TAMS 0x0000000087500000, 0x0000000087500000| Complete 
| 118|0x0000000087600000, 0x0000000087700000, 0x0000000087700000|100%|HS|  |TAMS 0x0000000087700000, 0x0000000087600000| Complete 
| 119|0x0000000087700000, 0x0000000087800000, 0x0000000087800000|100%|HC|  |TAMS 0x0000000087800000, 0x0000000087700000| Complete 
| 120|0x0000000087800000, 0x0000000087900000, 0x0000000087900000|100%| O|  |TAMS 0x0000000087900000, 0x0000000087800000| Untracked 
| 121|0x0000000087900000, 0x0000000087a00000, 0x0000000087a00000|100%| O|  |TAMS 0x0000000087a00000, 0x0000000087900000| Untracked 
| 122|0x0000000087a00000, 0x0000000087b00000, 0x0000000087b00000|100%| O|  |TAMS 0x0000000087a00000, 0x0000000087a00000| Untracked 
| 123|0x0000000087b00000, 0x0000000087c00000, 0x0000000087c00000|100%|HS|  |TAMS 0x0000000087b00000, 0x0000000087b00000| Complete 
| 124|0x0000000087c00000, 0x0000000087d00000, 0x0000000087d00000|100%| O|  |TAMS 0x0000000087d00000, 0x0000000087c00000| Untracked 
| 125|0x0000000087d00000, 0x0000000087e00000, 0x0000000087e00000|100%| O|  |TAMS 0x0000000087d00000, 0x0000000087d00000| Untracked 
| 126|0x0000000087e00000, 0x0000000087f00000, 0x0000000087f00000|100%| O|  |TAMS 0x0000000087f00000, 0x0000000087e00000| Untracked 
| 127|0x0000000087f00000, 0x0000000088000000, 0x0000000088000000|100%| O|  |TAMS 0x0000000088000000, 0x0000000087f00000| Untracked 
| 128|0x0000000088000000, 0x0000000088100000, 0x0000000088100000|100%| O|  |TAMS 0x0000000088100000, 0x0000000088000000| Untracked 
| 129|0x0000000088100000, 0x0000000088200000, 0x0000000088200000|100%| O|  |TAMS 0x0000000088200000, 0x0000000088100000| Untracked 
| 130|0x0000000088200000, 0x0000000088300000, 0x0000000088300000|100%| O|  |TAMS 0x0000000088300000, 0x0000000088200000| Untracked 
| 131|0x0000000088300000, 0x0000000088400000, 0x0000000088400000|100%| O|  |TAMS 0x0000000088400000, 0x0000000088300000| Untracked 
| 132|0x0000000088400000, 0x0000000088500000, 0x0000000088500000|100%| O|  |TAMS 0x0000000088500000, 0x0000000088400000| Untracked 
| 133|0x0000000088500000, 0x0000000088600000, 0x0000000088600000|100%| O|  |TAMS 0x0000000088500000, 0x0000000088500000| Untracked 
| 134|0x0000000088600000, 0x0000000088700000, 0x0000000088700000|100%| O|  |TAMS 0x0000000088700000, 0x0000000088600000| Untracked 
| 135|0x0000000088700000, 0x0000000088800000, 0x0000000088800000|100%| O|  |TAMS 0x0000000088800000, 0x0000000088700000| Untracked 
| 136|0x0000000088800000, 0x0000000088900000, 0x0000000088900000|100%| O|  |TAMS 0x0000000088900000, 0x0000000088800000| Untracked 
| 137|0x0000000088900000, 0x0000000088a00000, 0x0000000088a00000|100%| O|  |TAMS 0x0000000088a00000, 0x0000000088900000| Untracked 
| 138|0x0000000088a00000, 0x0000000088b00000, 0x0000000088b00000|100%| O|  |TAMS 0x0000000088b00000, 0x0000000088a00000| Untracked 
| 139|0x0000000088b00000, 0x0000000088c00000, 0x0000000088c00000|100%| O|  |TAMS 0x0000000088c00000, 0x0000000088b00000| Untracked 
| 140|0x0000000088c00000, 0x0000000088d00000, 0x0000000088d00000|100%| O|  |TAMS 0x0000000088d00000, 0x0000000088c00000| Untracked 
| 141|0x0000000088d00000, 0x0000000088e00000, 0x0000000088e00000|100%| O|  |TAMS 0x0000000088e00000, 0x0000000088d00000| Untracked 
| 142|0x0000000088e00000, 0x0000000088f00000, 0x0000000088f00000|100%| O|  |TAMS 0x0000000088f00000, 0x0000000088e00000| Untracked 
| 143|0x0000000088f00000, 0x0000000089000000, 0x0000000089000000|100%| O|  |TAMS 0x0000000089000000, 0x0000000088f00000| Untracked 
| 144|0x0000000089000000, 0x0000000089100000, 0x0000000089100000|100%| O|  |TAMS 0x0000000089100000, 0x0000000089000000| Untracked 
| 145|0x0000000089100000, 0x0000000089200000, 0x0000000089200000|100%| O|  |TAMS 0x0000000089200000, 0x0000000089100000| Untracked 
| 146|0x0000000089200000, 0x0000000089300000, 0x0000000089300000|100%| O|  |TAMS 0x0000000089300000, 0x0000000089200000| Untracked 
| 147|0x0000000089300000, 0x0000000089400000, 0x0000000089400000|100%| O|  |TAMS 0x0000000089300000, 0x0000000089300000| Untracked 
| 148|0x0000000089400000, 0x0000000089500000, 0x0000000089500000|100%| O|  |TAMS 0x0000000089500000, 0x0000000089400000| Untracked 
| 149|0x0000000089500000, 0x0000000089600000, 0x0000000089600000|100%| O|  |TAMS 0x0000000089600000, 0x0000000089500000| Untracked 
| 150|0x0000000089600000, 0x0000000089700000, 0x0000000089700000|100%| O|  |TAMS 0x0000000089600000, 0x0000000089600000| Untracked 
| 151|0x0000000089700000, 0x0000000089800000, 0x0000000089800000|100%| O|  |TAMS 0x0000000089800000, 0x0000000089700000| Untracked 
| 152|0x0000000089800000, 0x0000000089900000, 0x0000000089900000|100%| O|  |TAMS 0x0000000089900000, 0x0000000089800000| Untracked 
| 153|0x0000000089900000, 0x0000000089a00000, 0x0000000089a00000|100%| O|  |TAMS 0x0000000089a00000, 0x0000000089900000| Untracked 
| 154|0x0000000089a00000, 0x0000000089b00000, 0x0000000089b00000|100%| O|  |TAMS 0x0000000089a00000, 0x0000000089a00000| Untracked 
| 155|0x0000000089b00000, 0x0000000089c00000, 0x0000000089c00000|100%| O|  |TAMS 0x0000000089c00000, 0x0000000089b00000| Untracked 
| 156|0x0000000089c00000, 0x0000000089d00000, 0x0000000089d00000|100%| O|  |TAMS 0x0000000089d00000, 0x0000000089c00000| Untracked 
| 157|0x0000000089d00000, 0x0000000089e00000, 0x0000000089e00000|100%| O|  |TAMS 0x0000000089e00000, 0x0000000089d00000| Untracked 
| 158|0x0000000089e00000, 0x0000000089f00000, 0x0000000089f00000|100%| O|  |TAMS 0x0000000089f00000, 0x0000000089e00000| Untracked 
| 159|0x0000000089f00000, 0x000000008a000000, 0x000000008a000000|100%| O|  |TAMS 0x000000008a000000, 0x0000000089f00000| Untracked 
| 160|0x000000008a000000, 0x000000008a100000, 0x000000008a100000|100%| O|  |TAMS 0x000000008a100000, 0x000000008a000000| Untracked 
| 161|0x000000008a100000, 0x000000008a200000, 0x000000008a200000|100%| O|  |TAMS 0x000000008a134e00, 0x000000008a100000| Untracked 
| 162|0x000000008a200000, 0x000000008a300000, 0x000000008a300000|100%| O|  |TAMS 0x000000008a200000, 0x000000008a200000| Untracked 
| 163|0x000000008a300000, 0x000000008a400000, 0x000000008a400000|100%| O|  |TAMS 0x000000008a300000, 0x000000008a300000| Untracked 
| 164|0x000000008a400000, 0x000000008a500000, 0x000000008a500000|100%| O|  |TAMS 0x000000008a400000, 0x000000008a400000| Untracked 
| 165|0x000000008a500000, 0x000000008a600000, 0x000000008a600000|100%| O|  |TAMS 0x000000008a500000, 0x000000008a500000| Untracked 
| 166|0x000000008a600000, 0x000000008a700000, 0x000000008a700000|100%| O|  |TAMS 0x000000008a600000, 0x000000008a600000| Untracked 
| 167|0x000000008a700000, 0x000000008a800000, 0x000000008a800000|100%| O|  |TAMS 0x000000008a700000, 0x000000008a700000| Untracked 
| 168|0x000000008a800000, 0x000000008a900000, 0x000000008a900000|100%| O|  |TAMS 0x000000008a800000, 0x000000008a800000| Untracked 
| 169|0x000000008a900000, 0x000000008aa00000, 0x000000008aa00000|100%| O|  |TAMS 0x000000008a900000, 0x000000008a900000| Untracked 
| 170|0x000000008aa00000, 0x000000008ab00000, 0x000000008ab00000|100%| O|  |TAMS 0x000000008aa00000, 0x000000008aa00000| Untracked 
| 171|0x000000008ab00000, 0x000000008ac00000, 0x000000008ac00000|100%|HS|  |TAMS 0x000000008ab00000, 0x000000008ab00000| Complete 
| 172|0x000000008ac00000, 0x000000008ad00000, 0x000000008ad00000|100%| O|  |TAMS 0x000000008ac00000, 0x000000008ac00000| Untracked 
| 173|0x000000008ad00000, 0x000000008ae00000, 0x000000008ae00000|100%| O|  |TAMS 0x000000008ad00000, 0x000000008ad00000| Untracked 
| 174|0x000000008ae00000, 0x000000008af00000, 0x000000008af00000|100%| O|  |TAMS 0x000000008ae00000, 0x000000008ae00000| Untracked 
| 175|0x000000008af00000, 0x000000008b000000, 0x000000008b000000|100%| O|  |TAMS 0x000000008af00000, 0x000000008af00000| Untracked 
| 176|0x000000008b000000, 0x000000008b100000, 0x000000008b100000|100%| O|  |TAMS 0x000000008b000000, 0x000000008b000000| Untracked 
| 177|0x000000008b100000, 0x000000008b200000, 0x000000008b200000|100%| O|  |TAMS 0x000000008b100000, 0x000000008b100000| Untracked 
| 178|0x000000008b200000, 0x000000008b300000, 0x000000008b300000|100%| O|  |TAMS 0x000000008b200000, 0x000000008b200000| Untracked 
| 179|0x000000008b300000, 0x000000008b400000, 0x000000008b400000|100%| O|  |TAMS 0x000000008b300000, 0x000000008b300000| Untracked 
| 180|0x000000008b400000, 0x000000008b500000, 0x000000008b500000|100%| O|  |TAMS 0x000000008b400000, 0x000000008b400000| Untracked 
| 181|0x000000008b500000, 0x000000008b5b2400, 0x000000008b600000| 69%| O|  |TAMS 0x000000008b500000, 0x000000008b500000| Untracked 
| 182|0x000000008b600000, 0x000000008b600000, 0x000000008b700000|  0%| F|  |TAMS 0x000000008b600000, 0x000000008b600000| Untracked 
| 183|0x000000008b700000, 0x000000008b700000, 0x000000008b800000|  0%| F|  |TAMS 0x000000008b700000, 0x000000008b700000| Untracked 
| 184|0x000000008b800000, 0x000000008b800000, 0x000000008b900000|  0%| F|  |TAMS 0x000000008b800000, 0x000000008b800000| Untracked 
| 185|0x000000008b900000, 0x000000008b900000, 0x000000008ba00000|  0%| F|  |TAMS 0x000000008b900000, 0x000000008b900000| Untracked 
| 186|0x000000008ba00000, 0x000000008ba00000, 0x000000008bb00000|  0%| F|  |TAMS 0x000000008ba00000, 0x000000008ba00000| Untracked 
| 187|0x000000008bb00000, 0x000000008bb00000, 0x000000008bc00000|  0%| F|  |TAMS 0x000000008bb00000, 0x000000008bb00000| Untracked 
| 188|0x000000008bc00000, 0x000000008bc00000, 0x000000008bd00000|  0%| F|  |TAMS 0x000000008bc00000, 0x000000008bc00000| Untracked 
| 189|0x000000008bd00000, 0x000000008bd00000, 0x000000008be00000|  0%| F|  |TAMS 0x000000008bd00000, 0x000000008bd00000| Untracked 
| 190|0x000000008be00000, 0x000000008be00000, 0x000000008bf00000|  0%| F|  |TAMS 0x000000008be00000, 0x000000008be00000| Untracked 
| 191|0x000000008bf00000, 0x000000008bf00000, 0x000000008c000000|  0%| F|  |TAMS 0x000000008bf00000, 0x000000008bf00000| Untracked 
| 192|0x000000008c000000, 0x000000008c000000, 0x000000008c100000|  0%| F|  |TAMS 0x000000008c000000, 0x000000008c000000| Untracked 
| 193|0x000000008c100000, 0x000000008c100000, 0x000000008c200000|  0%| F|  |TAMS 0x000000008c100000, 0x000000008c100000| Untracked 
| 194|0x000000008c200000, 0x000000008c200000, 0x000000008c300000|  0%| F|  |TAMS 0x000000008c200000, 0x000000008c200000| Untracked 
| 195|0x000000008c300000, 0x000000008c300000, 0x000000008c400000|  0%| F|  |TAMS 0x000000008c300000, 0x000000008c300000| Untracked 
| 196|0x000000008c400000, 0x000000008c400000, 0x000000008c500000|  0%| F|  |TAMS 0x000000008c400000, 0x000000008c400000| Untracked 
| 197|0x000000008c500000, 0x000000008c500000, 0x000000008c600000|  0%| F|  |TAMS 0x000000008c500000, 0x000000008c500000| Untracked 
| 198|0x000000008c600000, 0x000000008c600000, 0x000000008c700000|  0%| F|  |TAMS 0x000000008c600000, 0x000000008c600000| Untracked 
| 199|0x000000008c700000, 0x000000008c700000, 0x000000008c800000|  0%| F|  |TAMS 0x000000008c700000, 0x000000008c700000| Untracked 
| 200|0x000000008c800000, 0x000000008c800000, 0x000000008c900000|  0%| F|  |TAMS 0x000000008c800000, 0x000000008c800000| Untracked 
| 201|0x000000008c900000, 0x000000008c900000, 0x000000008ca00000|  0%| F|  |TAMS 0x000000008c900000, 0x000000008c900000| Untracked 
| 202|0x000000008ca00000, 0x000000008ca00000, 0x000000008cb00000|  0%| F|  |TAMS 0x000000008ca00000, 0x000000008ca00000| Untracked 
| 203|0x000000008cb00000, 0x000000008cb00000, 0x000000008cc00000|  0%| F|  |TAMS 0x000000008cb00000, 0x000000008cb00000| Untracked 
| 204|0x000000008cc00000, 0x000000008cc00000, 0x000000008cd00000|  0%| F|  |TAMS 0x000000008cc00000, 0x000000008cc00000| Untracked 
| 205|0x000000008cd00000, 0x000000008cd00000, 0x000000008ce00000|  0%| F|  |TAMS 0x000000008cd00000, 0x000000008cd00000| Untracked 
| 206|0x000000008ce00000, 0x000000008ce00000, 0x000000008cf00000|  0%| F|  |TAMS 0x000000008ce00000, 0x000000008ce00000| Untracked 
| 207|0x000000008cf00000, 0x000000008cf00000, 0x000000008d000000|  0%| F|  |TAMS 0x000000008cf00000, 0x000000008cf00000| Untracked 
| 208|0x000000008d000000, 0x000000008d000000, 0x000000008d100000|  0%| F|  |TAMS 0x000000008d000000, 0x000000008d000000| Untracked 
| 209|0x000000008d100000, 0x000000008d100000, 0x000000008d200000|  0%| F|  |TAMS 0x000000008d100000, 0x000000008d100000| Untracked 
| 210|0x000000008d200000, 0x000000008d200000, 0x000000008d300000|  0%| F|  |TAMS 0x000000008d200000, 0x000000008d200000| Untracked 
| 211|0x000000008d300000, 0x000000008d300000, 0x000000008d400000|  0%| F|  |TAMS 0x000000008d300000, 0x000000008d300000| Untracked 
| 212|0x000000008d400000, 0x000000008d400000, 0x000000008d500000|  0%| F|  |TAMS 0x000000008d400000, 0x000000008d400000| Untracked 
| 213|0x000000008d500000, 0x000000008d500000, 0x000000008d600000|  0%| F|  |TAMS 0x000000008d500000, 0x000000008d500000| Untracked 
| 214|0x000000008d600000, 0x000000008d600000, 0x000000008d700000|  0%| F|  |TAMS 0x000000008d600000, 0x000000008d600000| Untracked 
| 215|0x000000008d700000, 0x000000008d700000, 0x000000008d800000|  0%| F|  |TAMS 0x000000008d700000, 0x000000008d700000| Untracked 
| 216|0x000000008d800000, 0x000000008d800000, 0x000000008d900000|  0%| F|  |TAMS 0x000000008d800000, 0x000000008d800000| Untracked 
| 217|0x000000008d900000, 0x000000008d900000, 0x000000008da00000|  0%| F|  |TAMS 0x000000008d900000, 0x000000008d900000| Untracked 
| 218|0x000000008da00000, 0x000000008da00000, 0x000000008db00000|  0%| F|  |TAMS 0x000000008da00000, 0x000000008da00000| Untracked 
| 219|0x000000008db00000, 0x000000008db00000, 0x000000008dc00000|  0%| F|  |TAMS 0x000000008db00000, 0x000000008db00000| Untracked 
| 220|0x000000008dc00000, 0x000000008dc00000, 0x000000008dd00000|  0%| F|  |TAMS 0x000000008dc00000, 0x000000008dc00000| Untracked 
| 221|0x000000008dd00000, 0x000000008dd00000, 0x000000008de00000|  0%| F|  |TAMS 0x000000008dd00000, 0x000000008dd00000| Untracked 
| 222|0x000000008de00000, 0x000000008de00000, 0x000000008df00000|  0%| F|  |TAMS 0x000000008de00000, 0x000000008de00000| Untracked 
| 223|0x000000008df00000, 0x000000008df00000, 0x000000008e000000|  0%| F|  |TAMS 0x000000008df00000, 0x000000008df00000| Untracked 
| 224|0x000000008e000000, 0x000000008e000000, 0x000000008e100000|  0%| F|  |TAMS 0x000000008e000000, 0x000000008e000000| Untracked 
| 225|0x000000008e100000, 0x000000008e100000, 0x000000008e200000|  0%| F|  |TAMS 0x000000008e100000, 0x000000008e100000| Untracked 
| 226|0x000000008e200000, 0x000000008e200000, 0x000000008e300000|  0%| F|  |TAMS 0x000000008e200000, 0x000000008e200000| Untracked 
| 227|0x000000008e300000, 0x000000008e300000, 0x000000008e400000|  0%| F|  |TAMS 0x000000008e300000, 0x000000008e300000| Untracked 
| 228|0x000000008e400000, 0x000000008e400000, 0x000000008e500000|  0%| F|  |TAMS 0x000000008e400000, 0x000000008e400000| Untracked 
| 229|0x000000008e500000, 0x000000008e500000, 0x000000008e600000|  0%| F|  |TAMS 0x000000008e500000, 0x000000008e500000| Untracked 
| 230|0x000000008e600000, 0x000000008e600000, 0x000000008e700000|  0%| F|  |TAMS 0x000000008e600000, 0x000000008e600000| Untracked 
| 231|0x000000008e700000, 0x000000008e700000, 0x000000008e800000|  0%| F|  |TAMS 0x000000008e700000, 0x000000008e700000| Untracked 
| 232|0x000000008e800000, 0x000000008e800000, 0x000000008e900000|  0%| F|  |TAMS 0x000000008e800000, 0x000000008e800000| Untracked 
| 233|0x000000008e900000, 0x000000008e900000, 0x000000008ea00000|  0%| F|  |TAMS 0x000000008e900000, 0x000000008e900000| Untracked 
| 234|0x000000008ea00000, 0x000000008ea00000, 0x000000008eb00000|  0%| F|  |TAMS 0x000000008ea00000, 0x000000008ea00000| Untracked 
| 235|0x000000008eb00000, 0x000000008eb00000, 0x000000008ec00000|  0%| F|  |TAMS 0x000000008eb00000, 0x000000008eb00000| Untracked 
| 236|0x000000008ec00000, 0x000000008ec00000, 0x000000008ed00000|  0%| F|  |TAMS 0x000000008ec00000, 0x000000008ec00000| Untracked 
| 237|0x000000008ed00000, 0x000000008ed00000, 0x000000008ee00000|  0%| F|  |TAMS 0x000000008ed00000, 0x000000008ed00000| Untracked 
| 238|0x000000008ee00000, 0x000000008eed4b30, 0x000000008ef00000| 83%| S|CS|TAMS 0x000000008ee00000, 0x000000008ee00000| Complete 
| 239|0x000000008ef00000, 0x000000008f000000, 0x000000008f000000|100%| S|CS|TAMS 0x000000008ef00000, 0x000000008ef00000| Complete 
| 240|0x000000008f000000, 0x000000008f100000, 0x000000008f100000|100%| S|CS|TAMS 0x000000008f000000, 0x000000008f000000| Complete 
| 241|0x000000008f100000, 0x000000008f200000, 0x000000008f200000|100%| S|CS|TAMS 0x000000008f100000, 0x000000008f100000| Complete 
| 242|0x000000008f200000, 0x000000008f300000, 0x000000008f300000|100%| S|CS|TAMS 0x000000008f200000, 0x000000008f200000| Complete 
| 243|0x000000008f300000, 0x000000008f400000, 0x000000008f400000|100%| S|CS|TAMS 0x000000008f300000, 0x000000008f300000| Complete 
| 244|0x000000008f400000, 0x000000008f400000, 0x000000008f500000|  0%| F|  |TAMS 0x000000008f400000, 0x000000008f400000| Untracked 
| 245|0x000000008f500000, 0x000000008f500000, 0x000000008f600000|  0%| F|  |TAMS 0x000000008f500000, 0x000000008f500000| Untracked 
| 246|0x000000008f600000, 0x000000008f600000, 0x000000008f700000|  0%| F|  |TAMS 0x000000008f600000, 0x000000008f600000| Untracked 
| 247|0x000000008f700000, 0x000000008f700000, 0x000000008f800000|  0%| F|  |TAMS 0x000000008f700000, 0x000000008f700000| Untracked 
| 248|0x000000008f800000, 0x000000008f800000, 0x000000008f900000|  0%| F|  |TAMS 0x000000008f800000, 0x000000008f800000| Untracked 
| 249|0x000000008f900000, 0x000000008f900000, 0x000000008fa00000|  0%| F|  |TAMS 0x000000008f900000, 0x000000008f900000| Untracked 
| 250|0x000000008fa00000, 0x000000008fa00000, 0x000000008fb00000|  0%| F|  |TAMS 0x000000008fa00000, 0x000000008fa00000| Untracked 
| 251|0x000000008fb00000, 0x000000008fb00000, 0x000000008fc00000|  0%| F|  |TAMS 0x000000008fb00000, 0x000000008fb00000| Untracked 
| 252|0x000000008fc00000, 0x000000008fc00000, 0x000000008fd00000|  0%| F|  |TAMS 0x000000008fc00000, 0x000000008fc00000| Untracked 
| 253|0x000000008fd00000, 0x000000008fd00000, 0x000000008fe00000|  0%| F|  |TAMS 0x000000008fd00000, 0x000000008fd00000| Untracked 
| 254|0x000000008fe00000, 0x000000008fe00000, 0x000000008ff00000|  0%| F|  |TAMS 0x000000008fe00000, 0x000000008fe00000| Untracked 
| 255|0x000000008ff00000, 0x000000008ff00000, 0x0000000090000000|  0%| F|  |TAMS 0x000000008ff00000, 0x000000008ff00000| Untracked 
| 256|0x0000000090000000, 0x0000000090000000, 0x0000000090100000|  0%| F|  |TAMS 0x0000000090000000, 0x0000000090000000| Untracked 
| 257|0x0000000090100000, 0x0000000090100000, 0x0000000090200000|  0%| F|  |TAMS 0x0000000090100000, 0x0000000090100000| Untracked 
| 258|0x0000000090200000, 0x0000000090200000, 0x0000000090300000|  0%| F|  |TAMS 0x0000000090200000, 0x0000000090200000| Untracked 
| 259|0x0000000090300000, 0x0000000090300000, 0x0000000090400000|  0%| F|  |TAMS 0x0000000090300000, 0x0000000090300000| Untracked 
| 260|0x0000000090400000, 0x0000000090400000, 0x0000000090500000|  0%| F|  |TAMS 0x0000000090400000, 0x0000000090400000| Untracked 
| 261|0x0000000090500000, 0x0000000090500000, 0x0000000090600000|  0%| F|  |TAMS 0x0000000090500000, 0x0000000090500000| Untracked 
| 262|0x0000000090600000, 0x0000000090600000, 0x0000000090700000|  0%| F|  |TAMS 0x0000000090600000, 0x0000000090600000| Untracked 
| 263|0x0000000090700000, 0x0000000090700000, 0x0000000090800000|  0%| F|  |TAMS 0x0000000090700000, 0x0000000090700000| Untracked 
| 264|0x0000000090800000, 0x0000000090800000, 0x0000000090900000|  0%| F|  |TAMS 0x0000000090800000, 0x0000000090800000| Untracked 
| 265|0x0000000090900000, 0x0000000090900000, 0x0000000090a00000|  0%| F|  |TAMS 0x0000000090900000, 0x0000000090900000| Untracked 
| 266|0x0000000090a00000, 0x0000000090a00000, 0x0000000090b00000|  0%| F|  |TAMS 0x0000000090a00000, 0x0000000090a00000| Untracked 
| 267|0x0000000090b00000, 0x0000000090b00000, 0x0000000090c00000|  0%| F|  |TAMS 0x0000000090b00000, 0x0000000090b00000| Untracked 
| 268|0x0000000090c00000, 0x0000000090c00000, 0x0000000090d00000|  0%| F|  |TAMS 0x0000000090c00000, 0x0000000090c00000| Untracked 
| 269|0x0000000090d00000, 0x0000000090d00000, 0x0000000090e00000|  0%| F|  |TAMS 0x0000000090d00000, 0x0000000090d00000| Untracked 
| 270|0x0000000090e00000, 0x0000000090e00000, 0x0000000090f00000|  0%| F|  |TAMS 0x0000000090e00000, 0x0000000090e00000| Untracked 
| 271|0x0000000090f00000, 0x0000000090f00000, 0x0000000091000000|  0%| F|  |TAMS 0x0000000090f00000, 0x0000000090f00000| Untracked 
| 272|0x0000000091000000, 0x0000000091000000, 0x0000000091100000|  0%| F|  |TAMS 0x0000000091000000, 0x0000000091000000| Untracked 
| 273|0x0000000091100000, 0x0000000091100000, 0x0000000091200000|  0%| F|  |TAMS 0x0000000091100000, 0x0000000091100000| Untracked 
| 274|0x0000000091200000, 0x0000000091200000, 0x0000000091300000|  0%| F|  |TAMS 0x0000000091200000, 0x0000000091200000| Untracked 
| 275|0x0000000091300000, 0x0000000091300000, 0x0000000091400000|  0%| F|  |TAMS 0x0000000091300000, 0x0000000091300000| Untracked 
| 276|0x0000000091400000, 0x0000000091400000, 0x0000000091500000|  0%| F|  |TAMS 0x0000000091400000, 0x0000000091400000| Untracked 
| 277|0x0000000091500000, 0x0000000091500000, 0x0000000091600000|  0%| F|  |TAMS 0x0000000091500000, 0x0000000091500000| Untracked 
| 278|0x0000000091600000, 0x0000000091600000, 0x0000000091700000|  0%| F|  |TAMS 0x0000000091600000, 0x0000000091600000| Untracked 
| 279|0x0000000091700000, 0x0000000091700000, 0x0000000091800000|  0%| F|  |TAMS 0x0000000091700000, 0x0000000091700000| Untracked 
| 280|0x0000000091800000, 0x0000000091800000, 0x0000000091900000|  0%| F|  |TAMS 0x0000000091800000, 0x0000000091800000| Untracked 
| 281|0x0000000091900000, 0x0000000091900000, 0x0000000091a00000|  0%| F|  |TAMS 0x0000000091900000, 0x0000000091900000| Untracked 
| 282|0x0000000091a00000, 0x0000000091a00000, 0x0000000091b00000|  0%| F|  |TAMS 0x0000000091a00000, 0x0000000091a00000| Untracked 
| 283|0x0000000091b00000, 0x0000000091b00000, 0x0000000091c00000|  0%| F|  |TAMS 0x0000000091b00000, 0x0000000091b00000| Untracked 
| 284|0x0000000091c00000, 0x0000000091c00000, 0x0000000091d00000|  0%| F|  |TAMS 0x0000000091c00000, 0x0000000091c00000| Untracked 

Card table byte_map: [0x0000019d55950000,0x0000019d55d50000] _byte_map_base: 0x0000019d55550000

Marking Bits (Prev, Next): (CMBitMap*) 0x0000019d427703c8, (CMBitMap*) 0x0000019d42770400
 Prev Bits: [0x0000019d56150000, 0x0000019d58150000)
 Next Bits: [0x0000019d58150000, 0x0000019d5a150000)

Polling page: 0x0000019d405c0000

Metaspace:

Usage:
  Non-class:    101.74 MB capacity,    99.37 MB ( 98%) used,     1.95 MB (  2%) free+waste,   422.63 KB ( <1%) overhead. 
      Class:     16.15 MB capacity,    14.82 MB ( 92%) used,     1.14 MB (  7%) free+waste,   194.31 KB (  1%) overhead. 
       Both:    117.89 MB capacity,   114.19 MB ( 97%) used,     3.10 MB (  3%) free+waste,   616.94 KB ( <1%) overhead. 

Virtual space:
  Non-class space:      102.00 MB reserved,     101.75 MB (>99%) committed 
      Class space:        1.00 GB reserved,      16.25 MB (  2%) committed 
             Both:        1.10 GB reserved,     118.00 MB ( 10%) committed 

Chunk freelists:
   Non-Class:  14.00 KB
       Class:  0 bytes
        Both:  14.00 KB

MaxMetaspaceSize: 17179869184.00 GB
CompressedClassSpaceSize: 1.00 GB

CodeHeap 'non-profiled nmethods': size=120000Kb used=8008Kb max_used=8008Kb free=111991Kb
 bounds [0x0000019d4dcf0000, 0x0000019d4e4d0000, 0x0000019d55220000]
CodeHeap 'profiled nmethods': size=120000Kb used=33360Kb max_used=33360Kb free=86639Kb
 bounds [0x0000019d467c0000, 0x0000019d48860000, 0x0000019d4dcf0000]
CodeHeap 'non-nmethods': size=5760Kb used=2337Kb max_used=2384Kb free=3422Kb
 bounds [0x0000019d46220000, 0x0000019d46490000, 0x0000019d467c0000]
 total_blobs=16232 nmethods=15280 adapters=863
 compilation: enabled
              stopped_count=0, restarted_count=0
 full_count=0

Compilation events (20 events):
Event: 42.131 Thread 0x0000019d5cbbf800 nmethod 15655 0x0000019d48850710 code [0x0000019d488508c0, 0x0000019d488509b8]
Event: 42.131 Thread 0x0000019d5cbbf800 15656       2       com.android.tools.r8.internal.hr::b (9 bytes)
Event: 42.131 Thread 0x0000019d5cbbf800 nmethod 15656 0x0000019d48850a90 code [0x0000019d48850c40, 0x0000019d48850d68]
Event: 42.131 Thread 0x0000019d5cbbf800 15651       2       com.android.tools.r8.internal.qr::b (23 bytes)
Event: 42.131 Thread 0x0000019d5cbbf800 nmethod 15651 0x0000019d48850e10 code [0x0000019d48850fe0, 0x0000019d488512a8]
Event: 42.131 Thread 0x0000019d5cbbf800 15653       2       com.android.tools.r8.graph.j0$e::a (6 bytes)
Event: 42.131 Thread 0x0000019d5cbbf800 nmethod 15653 0x0000019d48851490 code [0x0000019d48851640, 0x0000019d48851748]
Event: 42.131 Thread 0x0000019d5cbbf800 15654       2       com.android.tools.r8.graph.j0$e::b (75 bytes)
Event: 42.132 Thread 0x0000019d5cbbf800 nmethod 15654 0x0000019d48851810 code [0x0000019d488519c0, 0x0000019d48851b48]
Event: 42.132 Thread 0x0000019d5cbbf800 15650       2       com.android.tools.r8.graph.j0$h::<init> (41 bytes)
Event: 42.132 Thread 0x0000019d5cbbf800 nmethod 15650 0x0000019d48851c10 code [0x0000019d48851dc0, 0x0000019d48851fd8]
Event: 42.132 Thread 0x0000019d5cbbf800 15644       2       com.android.tools.r8.internal.v6$$Lambda$1837/0x0000000100f6a440::apply (16 bytes)
Event: 42.132 Thread 0x0000019d5cbbf800 nmethod 15644 0x0000019d48852090 code [0x0000019d48852260, 0x0000019d488524a8]
Event: 42.132 Thread 0x0000019d5cbbf800 15645       2       com.android.tools.r8.internal.v6::a (33 bytes)
Event: 42.133 Thread 0x0000019d5cbbf800 nmethod 15645 0x0000019d48852690 code [0x0000019d48852860, 0x0000019d48852b38]
Event: 42.133 Thread 0x0000019d5cbbf800 15646   !   2       com.android.tools.r8.internal.P6::a (98 bytes)
Event: 42.135 Thread 0x0000019d5cbbf800 nmethod 15646 0x0000019d48852c90 code [0x0000019d48852f60, 0x0000019d48853ae8]
Event: 42.135 Thread 0x0000019d5cbbf800 15671   !   2       com.android.tools.r8.graph.i::a (1446 bytes)
Event: 42.142 Thread 0x0000019d65010000 nmethod 14898 0x0000019d4e4c1390 code [0x0000019d4e4c15a0, 0x0000019d4e4c1cb0]
Event: 42.142 Thread 0x0000019d65010000 14770       4       com.android.tools.r8.internal.h8::a (101 bytes)

GC Heap History (20 events):
Event: 39.528 GC heap after
{Heap after GC invocations=46 (full 0):
 garbage-first heap   total 189440K, used 156603K [0x0000000080000000, 0x0000000100000000)
  region size 1024K, 2 young (2048K), 2 survivors (2048K)
 Metaspace       used 109766K, capacity 113031K, committed 113280K, reserved 1146880K
  class space    used 14223K, capacity 15375K, committed 15488K, reserved 1048576K
}
Event: 39.673 GC heap before
{Heap before GC invocations=46 (full 0):
 garbage-first heap   total 189440K, used 163771K [0x0000000080000000, 0x0000000100000000)
  region size 1024K, 9 young (9216K), 2 survivors (2048K)
 Metaspace       used 109780K, capacity 113034K, committed 113280K, reserved 1146880K
  class space    used 14223K, capacity 15375K, committed 15488K, reserved 1048576K
}
Event: 39.680 GC heap after
{Heap after GC invocations=47 (full 0):
 garbage-first heap   total 189440K, used 160574K [0x0000000080000000, 0x0000000100000000)
  region size 1024K, 2 young (2048K), 2 survivors (2048K)
 Metaspace       used 109780K, capacity 113034K, committed 113280K, reserved 1146880K
  class space    used 14223K, capacity 15375K, committed 15488K, reserved 1048576K
}
Event: 39.956 GC heap before
{Heap before GC invocations=48 (full 0):
 garbage-first heap   total 189440K, used 167742K [0x0000000080000000, 0x0000000100000000)
  region size 1024K, 9 young (9216K), 2 survivors (2048K)
 Metaspace       used 110142K, capacity 113383K, committed 113536K, reserved 1146880K
  class space    used 14263K, capacity 15420K, committed 15488K, reserved 1048576K
}
Event: 39.964 GC heap after
{Heap after GC invocations=49 (full 0):
 garbage-first heap   total 227328K, used 163352K [0x0000000080000000, 0x0000000100000000)
  region size 1024K, 2 young (2048K), 2 survivors (2048K)
 Metaspace       used 110142K, capacity 113383K, committed 113536K, reserved 1146880K
  class space    used 14263K, capacity 15420K, committed 15488K, reserved 1048576K
}
Event: 40.119 GC heap before
{Heap before GC invocations=49 (full 0):
 garbage-first heap   total 227328K, used 172568K [0x0000000080000000, 0x0000000100000000)
  region size 1024K, 11 young (11264K), 2 survivors (2048K)
 Metaspace       used 111002K, capacity 114261K, committed 114432K, reserved 1148928K
  class space    used 14391K, capacity 15560K, committed 15616K, reserved 1048576K
}
Event: 40.126 GC heap after
{Heap after GC invocations=50 (full 0):
 garbage-first heap   total 227328K, used 165374K [0x0000000080000000, 0x0000000100000000)
  region size 1024K, 2 young (2048K), 2 survivors (2048K)
 Metaspace       used 111002K, capacity 114261K, committed 114432K, reserved 1148928K
  class space    used 14391K, capacity 15560K, committed 15616K, reserved 1048576K
}
Event: 40.446 GC heap before
{Heap before GC invocations=50 (full 0):
 garbage-first heap   total 227328K, used 179710K [0x0000000080000000, 0x0000000100000000)
  region size 1024K, 17 young (17408K), 2 survivors (2048K)
 Metaspace       used 111680K, capacity 115019K, committed 115328K, reserved 1148928K
  class space    used 14478K, capacity 15680K, committed 15744K, reserved 1048576K
}
Event: 40.458 GC heap after
{Heap after GC invocations=51 (full 0):
 garbage-first heap   total 227328K, used 167123K [0x0000000080000000, 0x0000000100000000)
  region size 1024K, 2 young (2048K), 2 survivors (2048K)
 Metaspace       used 111680K, capacity 115019K, committed 115328K, reserved 1148928K
  class space    used 14478K, capacity 15680K, committed 15744K, reserved 1048576K
}
Event: 40.787 GC heap before
{Heap before GC invocations=51 (full 0):
 garbage-first heap   total 227328K, used 180435K [0x0000000080000000, 0x0000000100000000)
  region size 1024K, 18 young (18432K), 2 survivors (2048K)
 Metaspace       used 111835K, capacity 115187K, committed 115328K, reserved 1148928K
  class space    used 14492K, capacity 15684K, committed 15744K, reserved 1048576K
}
Event: 40.798 GC heap after
{Heap after GC invocations=52 (full 0):
 garbage-first heap   total 227328K, used 165830K [0x0000000080000000, 0x0000000100000000)
  region size 1024K, 2 young (2048K), 2 survivors (2048K)
 Metaspace       used 111835K, capacity 115187K, committed 115328K, reserved 1148928K
  class space    used 14492K, capacity 15684K, committed 15744K, reserved 1048576K
}
Event: 40.942 GC heap before
{Heap before GC invocations=53 (full 0):
 garbage-first heap   total 227328K, used 184262K [0x0000000080000000, 0x0000000100000000)
  region size 1024K, 20 young (20480K), 2 survivors (2048K)
 Metaspace       used 112449K, capacity 115909K, committed 115968K, reserved 1148928K
  class space    used 14580K, capacity 15821K, committed 15872K, reserved 1048576K
}
Event: 40.958 GC heap after
{Heap after GC invocations=54 (full 0):
 garbage-first heap   total 291840K, used 170216K [0x0000000080000000, 0x0000000100000000)
  region size 1024K, 3 young (3072K), 3 survivors (3072K)
 Metaspace       used 112449K, capacity 115909K, committed 115968K, reserved 1148928K
  class space    used 14580K, capacity 15821K, committed 15872K, reserved 1048576K
}
Event: 40.997 GC heap before
{Heap before GC invocations=54 (full 0):
 garbage-first heap   total 291840K, used 180456K [0x0000000080000000, 0x0000000100000000)
  region size 1024K, 14 young (14336K), 3 survivors (3072K)
 Metaspace       used 112503K, capacity 115921K, committed 115968K, reserved 1148928K
  class space    used 14585K, capacity 15826K, committed 15872K, reserved 1048576K
}
Event: 41.009 GC heap after
{Heap after GC invocations=55 (full 0):
 garbage-first heap   total 291840K, used 171264K [0x0000000080000000, 0x0000000100000000)
  region size 1024K, 2 young (2048K), 2 survivors (2048K)
 Metaspace       used 112503K, capacity 115921K, committed 115968K, reserved 1148928K
  class space    used 14585K, capacity 15826K, committed 15872K, reserved 1048576K
}
Event: 41.261 GC heap before
{Heap before GC invocations=55 (full 0):
 garbage-first heap   total 291840K, used 210176K [0x0000000080000000, 0x0000000100000000)
  region size 1024K, 41 young (41984K), 2 survivors (2048K)
 Metaspace       used 114220K, capacity 117757K, committed 117888K, reserved 1150976K
  class space    used 14861K, capacity 16140K, committed 16256K, reserved 1048576K
}
Event: 41.277 GC heap after
{Heap after GC invocations=56 (full 0):
 garbage-first heap   total 291840K, used 181098K [0x0000000080000000, 0x0000000100000000)
  region size 1024K, 6 young (6144K), 6 survivors (6144K)
 Metaspace       used 114220K, capacity 117757K, committed 117888K, reserved 1150976K
  class space    used 14861K, capacity 16140K, committed 16256K, reserved 1048576K
}
Event: 41.743 GC heap before
{Heap before GC invocations=56 (full 0):
 garbage-first heap   total 291840K, used 220010K [0x0000000080000000, 0x0000000100000000)
  region size 1024K, 44 young (45056K), 6 survivors (6144K)
 Metaspace       used 116309K, capacity 120071K, committed 120192K, reserved 1153024K
  class space    used 15102K, capacity 16458K, committed 16512K, reserved 1048576K
}
Event: 41.758 GC heap after
{Heap after GC invocations=57 (full 0):
 garbage-first heap   total 291840K, used 186154K [0x0000000080000000, 0x0000000100000000)
  region size 1024K, 4 young (4096K), 4 survivors (4096K)
 Metaspace       used 116309K, capacity 120071K, committed 120192K, reserved 1153024K
  class space    used 15102K, capacity 16458K, committed 16512K, reserved 1048576K
}
Event: 42.142 GC heap before
{Heap before GC invocations=57 (full 0):
 garbage-first heap   total 291840K, used 224042K [0x0000000080000000, 0x0000000100000000)
  region size 1024K, 42 young (43008K), 4 survivors (4096K)
 Metaspace       used 116932K, capacity 120719K, committed 120832K, reserved 1153024K
  class space    used 15176K, capacity 16541K, committed 16640K, reserved 1048576K
}

Deoptimization events (20 events):
Event: 42.072 Thread 0x0000019d65986000 DEOPT PACKING pc=0x0000019d486830f9 sp=0x0000004d311fc720
Event: 42.072 Thread 0x0000019d65986000 DEOPT UNPACKING pc=0x0000019d462476ce sp=0x0000004d311fbc48 mode 0
Event: 42.074 Thread 0x0000019d65986000 DEOPT PACKING pc=0x0000019d486830f9 sp=0x0000004d311fc720
Event: 42.074 Thread 0x0000019d65986000 DEOPT UNPACKING pc=0x0000019d462476ce sp=0x0000004d311fbc48 mode 0
Event: 42.075 Thread 0x0000019d65986000 DEOPT PACKING pc=0x0000019d486830f9 sp=0x0000004d311fc6f0
Event: 42.076 Thread 0x0000019d65986000 DEOPT UNPACKING pc=0x0000019d462476ce sp=0x0000004d311fbc18 mode 0
Event: 42.079 Thread 0x0000019d65986000 DEOPT PACKING pc=0x0000019d486830f9 sp=0x0000004d311fc630
Event: 42.079 Thread 0x0000019d65986000 DEOPT UNPACKING pc=0x0000019d462476ce sp=0x0000004d311fbb58 mode 0
Event: 42.084 Thread 0x0000019d65986000 DEOPT PACKING pc=0x0000019d486830f9 sp=0x0000004d311fc630
Event: 42.084 Thread 0x0000019d65986000 DEOPT UNPACKING pc=0x0000019d462476ce sp=0x0000004d311fbb58 mode 0
Event: 42.086 Thread 0x0000019d65986000 DEOPT PACKING pc=0x0000019d486830f9 sp=0x0000004d311fc3b0
Event: 42.086 Thread 0x0000019d65986000 DEOPT UNPACKING pc=0x0000019d462476ce sp=0x0000004d311fb8d8 mode 0
Event: 42.093 Thread 0x0000019d65986000 DEOPT PACKING pc=0x0000019d486830f9 sp=0x0000004d311fc280
Event: 42.093 Thread 0x0000019d65986000 DEOPT UNPACKING pc=0x0000019d462476ce sp=0x0000004d311fb7a8 mode 0
Event: 42.106 Thread 0x0000019d65986000 DEOPT PACKING pc=0x0000019d486830f9 sp=0x0000004d311fc780
Event: 42.106 Thread 0x0000019d65986000 DEOPT UNPACKING pc=0x0000019d462476ce sp=0x0000004d311fbca8 mode 0
Event: 42.108 Thread 0x0000019d65986000 DEOPT PACKING pc=0x0000019d486830f9 sp=0x0000004d311fc780
Event: 42.108 Thread 0x0000019d65986000 DEOPT UNPACKING pc=0x0000019d462476ce sp=0x0000004d311fbca8 mode 0
Event: 42.115 Thread 0x0000019d65986000 DEOPT PACKING pc=0x0000019d486830f9 sp=0x0000004d311fc780
Event: 42.115 Thread 0x0000019d65986000 DEOPT UNPACKING pc=0x0000019d462476ce sp=0x0000004d311fbca8 mode 0

Classes redefined (0 events):
No events

Internal exceptions (20 events):
Event: 41.952 Thread 0x0000019d65986000 Exception <a 'sun/nio/fs/WindowsException'{0x0000000091095c30}> (0x0000000091095c30) thrown at [./src/hotspot/share/prims/jni.cpp, line 615]
Event: 41.953 Thread 0x0000019d65986000 Exception <a 'sun/nio/fs/WindowsException'{0x0000000091096b30}> (0x0000000091096b30) thrown at [./src/hotspot/share/prims/jni.cpp, line 615]
Event: 41.953 Thread 0x0000019d6597c000 Exception <a 'sun/nio/fs/WindowsException'{0x00000000910ae1b8}> (0x00000000910ae1b8) thrown at [./src/hotspot/share/prims/jni.cpp, line 615]
Event: 41.955 Thread 0x0000019d6597c000 Exception <a 'sun/nio/fs/WindowsException'{0x00000000910aee00}> (0x00000000910aee00) thrown at [./src/hotspot/share/prims/jni.cpp, line 615]
Event: 41.955 Thread 0x0000019d65986000 Exception <a 'sun/nio/fs/WindowsException'{0x0000000091097778}> (0x0000000091097778) thrown at [./src/hotspot/share/prims/jni.cpp, line 615]
Event: 41.960 Thread 0x0000019d65986000 Exception <a 'sun/nio/fs/WindowsException'{0x0000000091098400}> (0x0000000091098400) thrown at [./src/hotspot/share/prims/jni.cpp, line 615]
Event: 41.960 Thread 0x0000019d6597c000 Exception <a 'sun/nio/fs/WindowsException'{0x00000000910afa88}> (0x00000000910afa88) thrown at [./src/hotspot/share/prims/jni.cpp, line 615]
Event: 41.962 Thread 0x0000019d6597c000 Exception <a 'sun/nio/fs/WindowsException'{0x00000000910b7a70}> (0x00000000910b7a70) thrown at [./src/hotspot/share/prims/jni.cpp, line 615]
Event: 41.962 Thread 0x0000019d65982000 Exception <a 'sun/nio/fs/WindowsException'{0x0000000090f1f708}> (0x0000000090f1f708) thrown at [./src/hotspot/share/prims/jni.cpp, line 615]
Event: 41.962 Thread 0x0000019d65984800 Exception <a 'sun/nio/fs/WindowsException'{0x000000009118cae0}> (0x000000009118cae0) thrown at [./src/hotspot/share/prims/jni.cpp, line 615]
Event: 41.967 Thread 0x0000019d6597c000 Exception <a 'sun/nio/fs/WindowsException'{0x0000000090e55608}> (0x0000000090e55608) thrown at [./src/hotspot/share/prims/jni.cpp, line 615]
Event: 41.968 Thread 0x0000019d65982000 Exception <a 'sun/nio/fs/WindowsException'{0x0000000090efd418}> (0x0000000090efd418) thrown at [./src/hotspot/share/prims/jni.cpp, line 615]
Event: 41.973 Thread 0x0000019d6597c000 Exception <a 'sun/nio/fs/WindowsException'{0x0000000090d5f028}> (0x0000000090d5f028) thrown at [./src/hotspot/share/prims/jni.cpp, line 615]
Event: 41.976 Thread 0x0000019d65984800 Exception <a 'sun/nio/fs/WindowsException'{0x0000000090dcd770}> (0x0000000090dcd770) thrown at [./src/hotspot/share/prims/jni.cpp, line 615]
Event: 41.982 Thread 0x0000019d65982000 Exception <a 'sun/nio/fs/WindowsException'{0x0000000090b99fe8}> (0x0000000090b99fe8) thrown at [./src/hotspot/share/prims/jni.cpp, line 615]
Event: 41.987 Thread 0x0000019d65984800 Exception <a 'sun/nio/fs/WindowsException'{0x0000000090dd6398}> (0x0000000090dd6398) thrown at [./src/hotspot/share/prims/jni.cpp, line 615]
Event: 41.992 Thread 0x0000019d65982000 Exception <a 'sun/nio/fs/WindowsException'{0x0000000090ba50a0}> (0x0000000090ba50a0) thrown at [./src/hotspot/share/prims/jni.cpp, line 615]
Event: 41.994 Thread 0x0000019d65984800 Exception <a 'sun/nio/fs/WindowsException'{0x00000000908a77c8}> (0x00000000908a77c8) thrown at [./src/hotspot/share/prims/jni.cpp, line 615]
Event: 41.998 Thread 0x0000019d65984800 Exception <a 'sun/nio/fs/WindowsException'{0x00000000908b2078}> (0x00000000908b2078) thrown at [./src/hotspot/share/prims/jni.cpp, line 615]
Event: 41.998 Thread 0x0000019d65982000 Exception <a 'sun/nio/fs/WindowsException'{0x00000000908faa38}> (0x00000000908faa38) thrown at [./src/hotspot/share/prims/jni.cpp, line 615]

Events (20 events):
Event: 41.947 loading class com/android/tools/r8/ByteDataView done
Event: 41.954 loading class com/android/tools/r8/internal/B7
Event: 41.954 loading class com/android/tools/r8/internal/B7 done
Event: 41.956 loading class com/android/tools/r8/internal/A7
Event: 41.956 loading class com/android/tools/r8/internal/A7 done
Event: 41.958 loading class com/android/tools/r8/internal/z7
Event: 41.958 loading class com/android/tools/r8/internal/z7 done
Event: 41.965 loading class com/android/tools/r8/internal/ya
Event: 41.965 loading class com/android/tools/r8/internal/ya done
Event: 41.974 loading class java/util/zip/Deflater
Event: 41.974 loading class java/util/zip/Deflater done
Event: 41.978 loading class java/util/zip/Deflater$DeflaterZStreamRef
Event: 41.978 loading class java/util/zip/Deflater$DeflaterZStreamRef done
Event: 41.979 loading class java/util/zip/ZipOutputStream$XEntry
Event: 41.979 loading class java/util/zip/ZipOutputStream$XEntry done
Event: 41.984 loading class java/util/Vector$Itr
Event: 41.985 loading class java/util/Vector$Itr done
Event: 42.002 Executing VM operation: RevokeBias
Event: 42.002 Executing VM operation: RevokeBias done
Event: 42.142 Executing VM operation: G1CollectForAllocation


Dynamic libraries:
0x00007ff71b830000 - 0x00007ff71b83a000 	D:\Android Studio\jre\bin\java.exe
0x00007ffdab730000 - 0x00007ffdab925000 	C:\WINDOWS\SYSTEM32\ntdll.dll
0x00007ffda9ef0000 - 0x00007ffda9fae000 	C:\WINDOWS\System32\KERNEL32.DLL
0x00007ffda93b0000 - 0x00007ffda9678000 	C:\WINDOWS\System32\KERNELBASE.dll
0x00007ffda9150000 - 0x00007ffda9250000 	C:\WINDOWS\System32\ucrtbase.dll
0x00007ffda06e0000 - 0x00007ffda06f7000 	D:\Android Studio\jre\bin\VCRUNTIME140.dll
0x00007ffda2a80000 - 0x00007ffda2a99000 	D:\Android Studio\jre\bin\jli.dll
0x00007ffdaae00000 - 0x00007ffdaafa0000 	C:\WINDOWS\System32\USER32.dll
0x00007ffda8fc0000 - 0x00007ffda8fe2000 	C:\WINDOWS\System32\win32u.dll
0x00007ffda9ad0000 - 0x00007ffda9afb000 	C:\WINDOWS\System32\GDI32.dll
0x00007ffd96020000 - 0x00007ffd962ba000 	C:\WINDOWS\WinSxS\amd64_microsoft.windows.common-controls_6595b64144ccf1df_6.0.19041.1110_none_60b5254171f9507e\COMCTL32.dll
0x00007ffda9040000 - 0x00007ffda914d000 	C:\WINDOWS\System32\gdi32full.dll
0x00007ffdaa590000 - 0x00007ffdaa62e000 	C:\WINDOWS\System32\msvcrt.dll
0x00007ffda8e40000 - 0x00007ffda8edd000 	C:\WINDOWS\System32\msvcp_win.dll
0x00007ffda9bc0000 - 0x00007ffda9bf0000 	C:\WINDOWS\System32\IMM32.DLL
0x00007ffd7aff0000 - 0x00007ffd7b08d000 	D:\Android Studio\jre\bin\msvcp140.dll
0x00007ffd692c0000 - 0x00007ffd69d8f000 	D:\Android Studio\jre\bin\server\jvm.dll
0x00007ffdaa430000 - 0x00007ffdaa4de000 	C:\WINDOWS\System32\ADVAPI32.dll
0x00007ffdaa4e0000 - 0x00007ffdaa57c000 	C:\WINDOWS\System32\sechost.dll
0x00007ffdaab20000 - 0x00007ffdaac45000 	C:\WINDOWS\System32\RPCRT4.dll
0x00007ffdaab10000 - 0x00007ffdaab18000 	C:\WINDOWS\System32\PSAPI.DLL
0x00007ffd982c0000 - 0x00007ffd982e7000 	C:\WINDOWS\SYSTEM32\WINMM.dll
0x00007ffd90560000 - 0x00007ffd90569000 	C:\WINDOWS\SYSTEM32\WSOCK32.dll
0x00007ffda12c0000 - 0x00007ffda12ca000 	C:\WINDOWS\SYSTEM32\VERSION.dll
0x00007ffdaa990000 - 0x00007ffdaa9fb000 	C:\WINDOWS\System32\ws2_32.DLL
0x00007ffda7710000 - 0x00007ffda7722000 	C:\WINDOWS\SYSTEM32\kernel.appcore.dll
0x00007ffda1370000 - 0x00007ffda1381000 	D:\Android Studio\jre\bin\verify.dll
0x00007ffda6c20000 - 0x00007ffda6e04000 	C:\WINDOWS\SYSTEM32\DBGHELP.DLL
0x00007ffd8e6f0000 - 0x00007ffd8e71c000 	C:\WINDOWS\SYSTEM32\dbgcore.DLL
0x00007ffda96f0000 - 0x00007ffda9772000 	C:\WINDOWS\System32\bcryptPrimitives.dll
0x00007ffda0660000 - 0x00007ffda0689000 	D:\Android Studio\jre\bin\java.dll
0x00007ffda2b70000 - 0x00007ffda2b7b000 	D:\Android Studio\jre\bin\jimage.dll
0x00007ffda0600000 - 0x00007ffda0618000 	D:\Android Studio\jre\bin\zip.dll
0x00007ffdaafa0000 - 0x00007ffdab6e4000 	C:\WINDOWS\System32\SHELL32.dll
0x00007ffda6e10000 - 0x00007ffda75a4000 	C:\WINDOWS\SYSTEM32\windows.storage.dll
0x00007ffdaa630000 - 0x00007ffdaa985000 	C:\WINDOWS\System32\combase.dll
0x00007ffda8890000 - 0x00007ffda88be000 	C:\WINDOWS\SYSTEM32\Wldp.dll
0x00007ffda9780000 - 0x00007ffda982d000 	C:\WINDOWS\System32\SHCORE.dll
0x00007ffda9b60000 - 0x00007ffda9bb5000 	C:\WINDOWS\System32\shlwapi.dll
0x00007ffda8d80000 - 0x00007ffda8d9f000 	C:\WINDOWS\SYSTEM32\profapi.dll
0x00007ffda0340000 - 0x00007ffda035a000 	D:\Android Studio\jre\bin\net.dll
0x00007ffd9b700000 - 0x00007ffd9b80c000 	C:\WINDOWS\SYSTEM32\WINHTTP.dll
0x00007ffda85f0000 - 0x00007ffda865a000 	C:\WINDOWS\system32\mswsock.dll
0x00007ffd9d350000 - 0x00007ffd9d364000 	D:\Android Studio\jre\bin\nio.dll
0x00007ffd8afa0000 - 0x00007ffd8afc7000 	C:\Users\15031\.gradle\native\8bec1ad78214c89d9ad589b4d07fe93259594b29d510b10fafb7a158f7737e5d\windows-amd64\native-platform.dll
0x00007ffd5feb0000 - 0x00007ffd5ffed000 	C:\Users\15031\.gradle\native\53dbd7edfb1c66fb8903c78663c9afc45aea4f116125fa6feffd364cf09443e8\windows-amd64\native-platform-file-events.dll
0x00007ffda2b50000 - 0x00007ffda2b5a000 	D:\Android Studio\jre\bin\management.dll
0x00007ffda1f10000 - 0x00007ffda1f1c000 	D:\Android Studio\jre\bin\management_ext.dll
0x00007ffda87e0000 - 0x00007ffda87f8000 	C:\WINDOWS\SYSTEM32\CRYPTSP.dll
0x00007ffda7ea0000 - 0x00007ffda7ed4000 	C:\WINDOWS\system32\rsaenh.dll
0x00007ffda8f90000 - 0x00007ffda8fb7000 	C:\WINDOWS\System32\bcrypt.dll
0x00007ffda8d40000 - 0x00007ffda8d6e000 	C:\WINDOWS\SYSTEM32\USERENV.dll
0x00007ffda8800000 - 0x00007ffda880c000 	C:\WINDOWS\SYSTEM32\CRYPTBASE.dll
0x00007ffda8290000 - 0x00007ffda82cb000 	C:\WINDOWS\SYSTEM32\IPHLPAPI.DLL
0x00007ffda9830000 - 0x00007ffda9838000 	C:\WINDOWS\System32\NSI.dll
0x00007ffd9f6c0000 - 0x00007ffd9f6d7000 	C:\WINDOWS\SYSTEM32\dhcpcsvc6.DLL
0x00007ffd9f6a0000 - 0x00007ffd9f6bd000 	C:\WINDOWS\SYSTEM32\dhcpcsvc.DLL
0x00007ffda82e0000 - 0x00007ffda83ab000 	C:\WINDOWS\SYSTEM32\DNSAPI.dll

dbghelp: loaded successfully - version: 4.0.5 - missing functions: none
symbol engine: initialized successfully - sym options: 0x614 - pdb path: .;D:\Android Studio\jre\bin;C:\WINDOWS\SYSTEM32;C:\WINDOWS\WinSxS\amd64_microsoft.windows.common-controls_6595b64144ccf1df_6.0.19041.1110_none_60b5254171f9507e;D:\Android Studio\jre\bin\server;C:\Users\15031\.gradle\native\8bec1ad78214c89d9ad589b4d07fe93259594b29d510b10fafb7a158f7737e5d\windows-amd64;C:\Users\15031\.gradle\native\53dbd7edfb1c66fb8903c78663c9afc45aea4f116125fa6feffd364cf09443e8\windows-amd64

VM Arguments:
jvm_args: --add-opens=java.base/java.util=ALL-UNNAMED --add-opens=java.base/java.lang=ALL-UNNAMED --add-opens=java.base/java.lang.invoke=ALL-UNNAMED --add-opens=java.base/java.util=ALL-UNNAMED --add-opens=java.prefs/java.util.prefs=ALL-UNNAMED --add-opens=java.prefs/java.util.prefs=ALL-UNNAMED --add-opens=java.base/java.nio.charset=ALL-UNNAMED --add-opens=java.base/java.net=ALL-UNNAMED --add-opens=java.base/java.util.concurrent.atomic=ALL-UNNAMED -Xmx2048m -Dfile.encoding=UTF-8 -Duser.country=CN -Duser.language=zh -Duser.variant 
java_command: org.gradle.launcher.daemon.bootstrap.GradleDaemon 7.0.2
java_class_path (initial): C:\Users\15031\.gradle\wrapper\dists\gradle-7.0.2-bin\857tjihv64xamwrf0h14cai3r\gradle-7.0.2\lib\gradle-launcher-7.0.2.jar
Launcher Type: SUN_STANDARD

[Global flags]
     intx CICompilerCount                          = 4                                         {product} {ergonomic}
     uint ConcGCThreads                            = 2                                         {product} {ergonomic}
     uint G1ConcRefinementThreads                  = 8                                         {product} {ergonomic}
   size_t G1HeapRegionSize                         = 1048576                                   {product} {ergonomic}
    uintx GCDrainStackTargetSize                   = 64                                        {product} {ergonomic}
   size_t InitialHeapSize                          = 134217728                                 {product} {ergonomic}
   size_t MarkStackSize                            = 4194304                                   {product} {ergonomic}
   size_t MaxHeapSize                              = 2147483648                                {product} {command line}
   size_t MaxNewSize                               = 1287651328                                {product} {ergonomic}
   size_t MinHeapDeltaBytes                        = 1048576                                   {product} {ergonomic}
    uintx NonNMethodCodeHeapSize                   = 5836300                                {pd product} {ergonomic}
    uintx NonProfiledCodeHeapSize                  = 122910970                              {pd product} {ergonomic}
    uintx ProfiledCodeHeapSize                     = 122910970                              {pd product} {ergonomic}
    uintx ReservedCodeCacheSize                    = 251658240                              {pd product} {ergonomic}
     bool SegmentedCodeCache                       = true                                      {product} {ergonomic}
     bool UseCompressedClassPointers               = true                                 {lp64_product} {ergonomic}
     bool UseCompressedOops                        = true                                 {lp64_product} {ergonomic}
     bool UseG1GC                                  = true                                      {product} {ergonomic}
     bool UseLargePagesIndividualAllocation        = false                                  {pd product} {ergonomic}

Logging:
Log output configuration:
 #0: stdout all=warning uptime,level,tags
 #1: stderr all=off uptime,level,tags

Environment Variables:
PATH=C:\WINDOWS\system32;C:\WINDOWS;C:\WINDOWS\System32\Wbem;C:\WINDOWS\System32\WindowsPowerShell\v1.0\;C:\WINDOWS\System32\OpenSSH\;D:\matlab\runtime\win64;D:\matlab\bin;C:\Program Files\Microsoft SQL Server\130\Tools\Binn\;D:\vscode\Microsoft VS Code\bin;C:\Program Files\nodejs\;D:\wechat\微信web开发者工具\dll;D:\python\Scripts\;D:\python\;C:\Users\15031\AppData\Local\Microsoft\WindowsApps;;D:\pycharm\PyCharm 2021.1\bin;;D:\pycharm\PyCharm Community Edition 2021.1.1\bin;;C:\Users\15031\AppData\Roaming\npm
USERNAME=15031
OS=Windows_NT
PROCESSOR_IDENTIFIER=Intel64 Family 6 Model 142 Stepping 10, GenuineIntel



---------------  S Y S T E M  ---------------

OS: Windows 10 , 64 bit Build 19041 (10.0.19041.1503)
OS uptime: 2 days 4:55 hours

CPU:total 8 (initial active 8) (4 cores per cpu, 2 threads per core) family 6 model 142 stepping 10 microcode 0xb4, cmov, cx8, fxsr, mmx, sse, sse2, sse3, ssse3, sse4.1, sse4.2, popcnt, avx, avx2, aes, clmul, erms, 3dnowpref, lzcnt, ht, tsc, tscinvbit, bmi1, bmi2, adx, fma

Memory: 4k page, system-wide physical 8075M (375M free)
TotalPageFile size 14219M (AvailPageFile size 97M)
current process WorkingSet (physical memory assigned to process): 517M, peak: 527M
current process commit charge ("private bytes"): 639M, peak: 832M

vm_info: OpenJDK 64-Bit Server VM (11.0.10+0-b96-7249189) for windows-amd64 JRE (11.0.10+0-b96-7249189), built on Mar 31 2021 21:44:00 by "builder" with MS VC++ 14.0 (VS2015)

END.
